#
# A fatal error has been detected by the Java Runtime Environment:
#
#  SIGSEGV (0xb) at pc=0x0000000103ea5273, pid=20858, tid=8707
#
# JRE version: OpenJDK Runtime Environment (12.0.2+10) (build 12.0.2+10)
# Java VM: OpenJDK 64-Bit Server VM (12.0.2+10, mixed mode, sharing, tiered, compressed oops, g1 gc, bsd-amd64)
# Problematic frame:
# V  [libjvm.dylib+0x6a5273]  Symbol::as_C_string() const+0xd
#
# No core dump will be written. Core dumps have been disabled. To enable core dumping, try "ulimit -c unlimited" before starting Java again
#
# If you would like to submit a bug report, please visit:
#   http://bugreport.java.com/bugreport/crash.jsp
#

---------------  S U M M A R Y ------------

Command Line: -ea -Didea.test.cyclic.buffer.size=1048576 -javaagent:/Applications/IntelliJ IDEA CE.app/Contents/lib/idea_rt.jar=61190:/Applications/IntelliJ IDEA CE.app/Contents/bin -Dfile.encoding=UTF-8 com.intellij.rt.execution.junit.JUnitStarter -ideVersion5 -junit4 dao.Sql2oUserDAOTest,userCanAddItemToFavorites

Host: MacBookPro14,1 x86_64 2300 MHz, 4 cores, 8G, Darwin 18.2.0
Time: Tue Oct  8 17:02:55 2019 BST elapsed time: 6 seconds (0d 0h 0m 6s)

---------------  T H R E A D  ---------------

Current thread (0x00007fb75c808000):  JavaThread "main" [_thread_in_vm, id=8707, stack(0x0000700001a12000,0x0000700001b12000)]

Stack: [0x0000700001a12000,0x0000700001b12000],  sp=0x0000700001b10620,  free space=1017k
Native frames: (J=compiled Java code, A=aot compiled Java code, j=interpreted, Vv=VM code, C=native code)
V  [libjvm.dylib+0x6a5273]  Symbol::as_C_string() const+0xd
V  [libjvm.dylib+0x6a550f]  Symbol::as_klass_external_name() const+0xb
V  [libjvm.dylib+0x4e4466]  LinkResolver::throw_abstract_method_error(methodHandle const&, methodHandle const&, Klass*, Thread*)+0x6e
V  [libjvm.dylib+0x4e43d1]  LinkResolver::runtime_resolve_virtual_method(CallInfo&, methodHandle const&, Klass*, Handle, Klass*, bool, Thread*)+0x153
V  [libjvm.dylib+0x4e4045]  LinkResolver::resolve_virtual_call(CallInfo&, Handle, Klass*, LinkInfo const&, bool, Thread*)+0x59
V  [libjvm.dylib+0x4e5093]  LinkResolver::resolve_invokevirtual(CallInfo&, Handle, constantPoolHandle const&, int, Thread*)+0x77
V  [libjvm.dylib+0x38d895]  InterpreterRuntime::resolve_invoke(JavaThread*, Bytecodes::Code)+0x22b
V  [libjvm.dylib+0x38deb1]  InterpreterRuntime::resolve_from_cache(JavaThread*, Bytecodes::Code)+0x37
j  org.postgresql.jdbc.PgArray.getArray(JILjava/util/Map;)Ljava/lang/Object;+5
j  dao.Sql2oUserDAOTest.userCanAddItemToFavorites()V+53
v  ~StubRoutines::call_stub
V  [libjvm.dylib+0x392795]  JavaCalls::call_helper(JavaValue*, methodHandle const&, JavaCallArguments*, Thread*)+0x285
V  [libjvm.dylib+0x63862d]  invoke(InstanceKlass*, methodHandle const&, Handle, bool, objArrayHandle, BasicType, objArrayHandle, bool, Thread*)+0x4e6
V  [libjvm.dylib+0x6380fd]  Reflection::invoke_method(oopDesc*, Handle, objArrayHandle, Thread*)+0xf5
V  [libjvm.dylib+0x413f2d]  JVM_InvokeMethod+0x217
j  jdk.internal.reflect.NativeMethodAccessorImpl.invoke0(Ljava/lang/reflect/Method;Ljava/lang/Object;[Ljava/lang/Object;)Ljava/lang/Object;+0 java.base@12.0.2
j  jdk.internal.reflect.NativeMethodAccessorImpl.invoke(Ljava/lang/Object;[Ljava/lang/Object;)Ljava/lang/Object;+100 java.base@12.0.2
j  jdk.internal.reflect.DelegatingMethodAccessorImpl.invoke(Ljava/lang/Object;[Ljava/lang/Object;)Ljava/lang/Object;+6 java.base@12.0.2
j  java.lang.reflect.Method.invoke(Ljava/lang/Object;[Ljava/lang/Object;)Ljava/lang/Object;+59 java.base@12.0.2
j  org.junit.runners.model.FrameworkMethod$1.runReflectiveCall()Ljava/lang/Object;+15
j  org.junit.internal.runners.model.ReflectiveCallable.run()Ljava/lang/Object;+1
j  org.junit.runners.model.FrameworkMethod.invokeExplosively(Ljava/lang/Object;[Ljava/lang/Object;)Ljava/lang/Object;+10
j  org.junit.internal.runners.statements.InvokeMethod.evaluate()V+12
j  org.junit.internal.runners.statements.RunBefores.evaluate()V+49
j  org.junit.internal.runners.statements.RunAfters.evaluate()V+12
j  org.junit.runners.ParentRunner.runLeaf(Lorg/junit/runners/model/Statement;Lorg/junit/runner/Description;Lorg/junit/runner/notification/RunNotifier;)V+17
j  org.junit.runners.BlockJUnit4ClassRunner.runChild(Lorg/junit/runners/model/FrameworkMethod;Lorg/junit/runner/notification/RunNotifier;)V+30
j  org.junit.runners.BlockJUnit4ClassRunner.runChild(Ljava/lang/Object;Lorg/junit/runner/notification/RunNotifier;)V+6
j  org.junit.runners.ParentRunner$3.run()V+12
j  org.junit.runners.ParentRunner$1.schedule(Ljava/lang/Runnable;)V+1
j  org.junit.runners.ParentRunner.runChildren(Lorg/junit/runner/notification/RunNotifier;)V+44
j  org.junit.runners.ParentRunner.access$000(Lorg/junit/runners/ParentRunner;Lorg/junit/runner/notification/RunNotifier;)V+2
j  org.junit.runners.ParentRunner$2.evaluate()V+8
j  org.junit.runners.ParentRunner.run(Lorg/junit/runner/notification/RunNotifier;)V+20
j  org.junit.runner.JUnitCore.run(Lorg/junit/runner/Runner;)Lorg/junit/runner/Result;+37
j  com.intellij.junit4.JUnit4IdeaTestRunner.startRunnerWithArgs([Ljava/lang/String;Ljava/lang/String;IZ)I+146
j  com.intellij.rt.execution.junit.IdeaTestRunner$Repeater.startRunnerWithArgs(Lcom/intellij/rt/execution/junit/IdeaTestRunner;[Ljava/lang/String;Ljava/util/ArrayList;Ljava/lang/String;IZ)I+22
j  com.intellij.rt.execution.junit.JUnitStarter.prepareStreamsAndStart([Ljava/lang/String;Ljava/lang/String;Ljava/util/ArrayList;Ljava/lang/String;)I+116
j  com.intellij.rt.execution.junit.JUnitStarter.main([Ljava/lang/String;)V+116
v  ~StubRoutines::call_stub
V  [libjvm.dylib+0x392795]  JavaCalls::call_helper(JavaValue*, methodHandle const&, JavaCallArguments*, Thread*)+0x285
V  [libjvm.dylib+0x3d2061]  jni_invoke_static(JNIEnv_*, JavaValue*, _jobject*, JNICallType, _jmethodID*, JNI_ArgumentPusher*, Thread*)+0x11c
V  [libjvm.dylib+0x3d578c]  jni_CallStaticVoidMethod+0x1c9
C  [libjli.dylib+0x4898]  JavaMain+0xab4
C  [libsystem_pthread.dylib+0x3305]  _pthread_body+0x7e
C  [libsystem_pthread.dylib+0x626f]  _pthread_start+0x46
C  [libsystem_pthread.dylib+0x2415]  thread_start+0xd

Java frames: (J=compiled Java code, j=interpreted, Vv=VM code)
j  org.postgresql.jdbc.PgArray.getArray(JILjava/util/Map;)Ljava/lang/Object;+5
j  dao.Sql2oUserDAOTest.userCanAddItemToFavorites()V+53
v  ~StubRoutines::call_stub
j  jdk.internal.reflect.NativeMethodAccessorImpl.invoke0(Ljava/lang/reflect/Method;Ljava/lang/Object;[Ljava/lang/Object;)Ljava/lang/Object;+0 java.base@12.0.2
j  jdk.internal.reflect.NativeMethodAccessorImpl.invoke(Ljava/lang/Object;[Ljava/lang/Object;)Ljava/lang/Object;+100 java.base@12.0.2
j  jdk.internal.reflect.DelegatingMethodAccessorImpl.invoke(Ljava/lang/Object;[Ljava/lang/Object;)Ljava/lang/Object;+6 java.base@12.0.2
j  java.lang.reflect.Method.invoke(Ljava/lang/Object;[Ljava/lang/Object;)Ljava/lang/Object;+59 java.base@12.0.2
j  org.junit.runners.model.FrameworkMethod$1.runReflectiveCall()Ljava/lang/Object;+15
j  org.junit.internal.runners.model.ReflectiveCallable.run()Ljava/lang/Object;+1
j  org.junit.runners.model.FrameworkMethod.invokeExplosively(Ljava/lang/Object;[Ljava/lang/Object;)Ljava/lang/Object;+10
j  org.junit.internal.runners.statements.InvokeMethod.evaluate()V+12
j  org.junit.internal.runners.statements.RunBefores.evaluate()V+49
j  org.junit.internal.runners.statements.RunAfters.evaluate()V+12
j  org.junit.runners.ParentRunner.runLeaf(Lorg/junit/runners/model/Statement;Lorg/junit/runner/Description;Lorg/junit/runner/notification/RunNotifier;)V+17
j  org.junit.runners.BlockJUnit4ClassRunner.runChild(Lorg/junit/runners/model/FrameworkMethod;Lorg/junit/runner/notification/RunNotifier;)V+30
j  org.junit.runners.BlockJUnit4ClassRunner.runChild(Ljava/lang/Object;Lorg/junit/runner/notification/RunNotifier;)V+6
j  org.junit.runners.ParentRunner$3.run()V+12
j  org.junit.runners.ParentRunner$1.schedule(Ljava/lang/Runnable;)V+1
j  org.junit.runners.ParentRunner.runChildren(Lorg/junit/runner/notification/RunNotifier;)V+44
j  org.junit.runners.ParentRunner.access$000(Lorg/junit/runners/ParentRunner;Lorg/junit/runner/notification/RunNotifier;)V+2
j  org.junit.runners.ParentRunner$2.evaluate()V+8
j  org.junit.runners.ParentRunner.run(Lorg/junit/runner/notification/RunNotifier;)V+20
j  org.junit.runner.JUnitCore.run(Lorg/junit/runner/Runner;)Lorg/junit/runner/Result;+37
j  com.intellij.junit4.JUnit4IdeaTestRunner.startRunnerWithArgs([Ljava/lang/String;Ljava/lang/String;IZ)I+146
j  com.intellij.rt.execution.junit.IdeaTestRunner$Repeater.startRunnerWithArgs(Lcom/intellij/rt/execution/junit/IdeaTestRunner;[Ljava/lang/String;Ljava/util/ArrayList;Ljava/lang/String;IZ)I+22
j  com.intellij.rt.execution.junit.JUnitStarter.prepareStreamsAndStart([Ljava/lang/String;Ljava/lang/String;Ljava/util/ArrayList;Ljava/lang/String;)I+116
j  com.intellij.rt.execution.junit.JUnitStarter.main([Ljava/lang/String;)V+116
v  ~StubRoutines::call_stub

siginfo: si_signo: 11 (SIGSEGV), si_code: 1 (SEGV_MAPERR), si_addr: 0xffffffffb6000027

Register to memory mapping:

RAX=0xe6967068786c0082 is an unknown value
RBX=0xffffffffb6000027 is an unknown value
RCX=0x00007fb75bf0be20 points into unknown readable memory: 00 00 00 00 0a 00 00 00
RDX=0x00007fb75bf0bb90 points into unknown readable memory: 02 00 00 00 00 00 00 d0
RSP=0x0000700001b10620 is pointing into the stack for thread: 0x00007fb75c808000
RBP=0x0000700001b10640 is pointing into the stack for thread: 0x00007fb75c808000
RSI=0x00007fb75bf0be20 points into unknown readable memory: 00 00 00 00 0a 00 00 00
RDI=0xffffffffb6000027 is an unknown value
R8 =0x0000000000000100 is an unknown value
R9 =0x0000000000000001 is an unknown value
R10=0x0000000123d12fb8 is pointing into metadata
R11=0x0000000114470a80 is at entry_point+64 in (nmethod*)0x0000000114470610
R12=0x0000700001b10770 is pointing into the stack for thread: 0x00007fb75c808000
R13=0x0000000000000001 is an unknown value
R14=0x0000700001b107e0 is pointing into the stack for thread: 0x00007fb75c808000
R15=0x0000700001b107e0 is pointing into the stack for thread: 0x00007fb75c808000


Registers:
RAX=0xe6967068786c0082, RBX=0xffffffffb6000027, RCX=0x00007fb75bf0be20, RDX=0x00007fb75bf0bb90
RSP=0x0000700001b10620, RBP=0x0000700001b10640, RSI=0x00007fb75bf0be20, RDI=0xffffffffb6000027
R8 =0x0000000000000100, R9 =0x0000000000000001, R10=0x0000000123d12fb8, R11=0x0000000114470a80
R12=0x0000700001b10770, R13=0x0000000000000001, R14=0x0000700001b107e0, R15=0x0000700001b107e0
RIP=0x0000000103ea5273, EFLAGS=0x0000000000010202, ERR=0x0000000000000004
  TRAPNO=0x000000000000000e

Top of Stack: (sp=0x0000700001b10620)
0x0000700001b10620:   e6967068786c0082 000000080000fd00
0x0000700001b10630:   0000700001b107e0 0000700001b107e0
0x0000700001b10640:   0000700001b10660 0000000103ea550f
0x0000700001b10650:   e6967068786c0082 000000080000fd00
0x0000700001b10660:   0000700001b10740 0000000103ce4466
0x0000700001b10670:   00000001040d8e30 0000005000000000
0x0000700001b10680:   0000000000000000 0000000000000000
0x0000700001b10690:   0000000000000000 0000000000000000
0x0000700001b106a0:   0000000000000000 00007fb75bf0be20
0x0000700001b106b0:   0000000000000000 0000000000000100
0x0000700001b106c0:   00007fb75bd3af00 00007fb75bf0bb90
0x0000700001b106d0:   00007fb75bf0be10 00007fb75bf0be20
0x0000700001b106e0:   00007fb75bf0c1f8 00000000000003d8
0x0000700001b106f0:   00007fb75c808000 0000700001b10770
0x0000700001b10700:   0000000801251398 0000000103a15d59
0x0000700001b10710:   00007fb75c808000 00007fb75c808000
0x0000700001b10720:   0000700001b10770 0000000000000001
0x0000700001b10730:   0000700001b107e0 000000080000fd00
0x0000700001b10740:   0000700001b107c0 0000000103ce43d1
0x0000700001b10750:   0000700001b10800 000000000000000a
0x0000700001b10760:   0000000801251398 0000700001b108b0
0x0000700001b10770:   0000000000000000 0000000000000000
0x0000700001b10780:   0000000000000000 0000000000000000
0x0000700001b10790:   00000011786c0082 00007fb75c808000
0x0000700001b107a0:   0000000000000001 0000700001b108b0
0x0000700001b107b0:   0000700001b10830 00007fb75bf0bc30
0x0000700001b107c0:   0000700001b10820 0000000103ce4045
0x0000700001b107d0:   00007fb75c808000 0000000103ce1577
0x0000700001b107e0:   0000000123d130f0 00007fb75c808000
0x0000700001b107f0:   000000080000fd00 00007fb75c808000
0x0000700001b10800:   00000000000000b6 0000700001b108c0
0x0000700001b10810:   00007fb75bf0bc30 0000700001b108b0 

Instructions: (pc=0x0000000103ea5273)
0x0000000103ea5173:   48 8d 51 01 48 83 fa 02 7d e9 eb 02 31 c0 5d c3
0x0000000103ea5183:   90 55 48 89 e5 41 57 41 56 41 55 41 54 53 48 83
0x0000000103ea5193:   ec 18 85 c9 7e 7a 0f be 1a 8b 07 c1 e8 10 4c 8d
0x0000000103ea51a3:   74 07 06 4c 63 e9 4d 29 ee 48 63 c6 4c 8d 7c 07
0x0000000103ea51b3:   06 b8 ff ff ff ff 4d 39 f7 77 60 48 89 55 c8 48
0x0000000103ea51c3:   83 c7 06 48 89 7d d0 49 8d 46 01 48 89 45 c0 48
0x0000000103ea51d3:   8b 55 c0 4c 29 fa 4c 89 ff 41 89 dc 89 de e8 52
0x0000000103ea51e3:   88 0b 00 49 89 c7 4d 85 ff 74 1e 4c 89 ff 48 8b
0x0000000103ea51f3:   75 c8 4c 89 ea e8 41 88 0b 00 85 c0 74 16 49 ff
0x0000000103ea5203:   c7 4d 39 f7 44 89 e3 76 c6 b8 ff ff ff ff eb 0b
0x0000000103ea5213:   31 c0 eb 07 44 2b 7d d0 44 89 f8 48 83 c4 18 5b
0x0000000103ea5223:   41 5c 41 5d 41 5e 41 5f 5d c3 90 55 48 89 e5 85
0x0000000103ea5233:   d2 7e 2b ff ca 8b 07 c1 e8 10 39 c2 0f 4e c2 85
0x0000000103ea5243:   c0 7e 15 48 98 31 c9 8a 54 0f 06 88 14 0e 48 ff
0x0000000103ea5253:   c1 48 39 c1 7c f1 eb 02 31 c0 c6 04 06 00 48 89
0x0000000103ea5263:   f0 5d c3 55 48 89 e5 41 57 41 56 53 50 48 89 fb
0x0000000103ea5273:   44 8b 3b 41 c1 ef 10 41 8d 7f 01 45 31 f6 31 f6
0x0000000103ea5283:   e8 e9 d0 f9 ff 8b 0b c1 e9 10 41 39 cf 41 0f 42
0x0000000103ea5293:   cf 85 c9 7e 14 41 89 ce 31 c9 8a 54 0b 06 88 14
0x0000000103ea52a3:   08 48 ff c1 4c 39 f1 72 f1 42 c6 04 30 00 48 83
0x0000000103ea52b3:   c4 08 5b 41 5e 41 5f 5d c3 55 48 89 e5 41 57 41
0x0000000103ea52c3:   56 53 50 48 89 d0 49 89 ff 45 8b 37 41 c1 ee 10
0x0000000103ea52d3:   41 39 ce 7c 0b 41 8d 7e 01 31 f6 e8 8e d0 f9 ff
0x0000000103ea52e3:   41 8b 0f c1 e9 10 41 39 ce 41 0f 42 ce 85 c9 7e
0x0000000103ea52f3:   16 89 c9 31 d2 41 8a 5c 17 06 88 1c 10 48 ff c2
0x0000000103ea5303:   48 39 ca 72 f0 eb 02 31 c9 c6 04 08 00 48 83 c4
0x0000000103ea5313:   08 5b 41 5e 41 5f 5d c3 90 55 48 89 e5 53 50 48
0x0000000103ea5323:   89 f3 e8 3c ff ff ff 48 89 c1 48 8d 35 38 2e 0c
0x0000000103ea5333:   00 31 c0 48 89 df 48 89 ca 48 83 c4 08 5b 5d e9
0x0000000103ea5343:   97 e7 f3 ff 90 55 48 89 e5 41 57 41 56 53 48 83
0x0000000103ea5353:   ec 28 49 89 f6 48 89 f9 4d 85 f6 48 8d 05 ab 68
0x0000000103ea5363:   2c 00 4c 0f 44 30 48 8d 3d f0 90 28 00 ff 17 48 


Stack slot to memory mapping:
stack at sp + 0 slots: 0xe6967068786c0082 is an unknown value
stack at sp + 1 slots: 0x000000080000fd00 is pointing into metadata
stack at sp + 2 slots: 0x0000700001b107e0 is pointing into the stack for thread: 0x00007fb75c808000
stack at sp + 3 slots: 0x0000700001b107e0 is pointing into the stack for thread: 0x00007fb75c808000
stack at sp + 4 slots: 0x0000700001b10660 is pointing into the stack for thread: 0x00007fb75c808000
stack at sp + 5 slots: 0x0000000103ea550f: _ZNK6Symbol22as_klass_external_nameEv+0xb in /Library/Java/JavaVirtualMachines/openjdk-12.0.2.jdk/Contents/Home/lib/server/libjvm.dylib at 0x0000000103800000
stack at sp + 6 slots: 0xe6967068786c0082 is an unknown value
stack at sp + 7 slots: 0x000000080000fd00 is pointing into metadata


---------------  P R O C E S S  ---------------

Threads class SMR info:
_java_thread_list=0x00007fb75be4c9f0, length=11, elements={
0x00007fb75c808000, 0x00007fb75c84a800, 0x00007fb75d012000, 0x00007fb75d015000,
0x00007fb75d827000, 0x00007fb75d82b000, 0x00007fb75c803000, 0x00007fb75c85f800,
0x00007fb75c064000, 0x00007fb75c066000, 0x00007fb75da02000
}

Java Threads: ( => current thread )
=>0x00007fb75c808000 JavaThread "main" [_thread_in_vm, id=8707, stack(0x0000700001a12000,0x0000700001b12000)]
  0x00007fb75c84a800 JavaThread "Reference Handler" daemon [_thread_blocked, id=13827, stack(0x0000700002127000,0x0000700002227000)]
  0x00007fb75d012000 JavaThread "Finalizer" daemon [_thread_blocked, id=14339, stack(0x000070000222a000,0x000070000232a000)]
  0x00007fb75d015000 JavaThread "Signal Dispatcher" daemon [_thread_blocked, id=15363, stack(0x000070000232d000,0x000070000242d000)]
  0x00007fb75d827000 JavaThread "C2 CompilerThread0" daemon [_thread_in_native, id=22019, stack(0x0000700002430000,0x0000700002530000)]
  0x00007fb75d82b000 JavaThread "C1 CompilerThread0" daemon [_thread_blocked, id=43267, stack(0x0000700002533000,0x0000700002633000)]
  0x00007fb75c803000 JavaThread "Sweeper thread" daemon [_thread_blocked, id=23043, stack(0x0000700002636000,0x0000700002736000)]
  0x00007fb75c85f800 JavaThread "Common-Cleaner" daemon [_thread_blocked, id=42499, stack(0x0000700002739000,0x0000700002839000)]
  0x00007fb75c064000 JavaThread "Monitor Ctrl-Break" daemon [_thread_in_native, id=24067, stack(0x000070000283c000,0x000070000293c000)]
  0x00007fb75c066000 JavaThread "Service Thread" daemon [_thread_blocked, id=41987, stack(0x000070000293f000,0x0000700002a3f000)]
  0x00007fb75da02000 JavaThread "Attach Listener" daemon [_thread_blocked, id=26115, stack(0x0000700002d4b000,0x0000700002e4b000)]

Other Threads:
  0x00007fb75d826800 VMThread "VM Thread" [stack: 0x0000700002024000,0x0000700002124000] [id=18435]
  0x00007fb75c13f000 WatcherThread [stack: 0x0000700002a42000,0x0000700002b42000] [id=24835]
  0x00007fb75c038000 GCTaskThread "GC Thread#0" [stack: 0x0000700001b15000,0x0000700001c15000] [id=20995]
  0x00007fb75d877000 GCTaskThread "GC Thread#1" [stack: 0x0000700002b45000,0x0000700002c45000] [id=25091]
  0x00007fb75d828800 GCTaskThread "GC Thread#2" [stack: 0x0000700002c48000,0x0000700002d48000] [id=25603]
  0x00007fb75d80c800 ConcurrentGCThread "G1 Main Marker" [stack: 0x0000700001c18000,0x0000700001d18000] [id=20739]
  0x00007fb75c811000 ConcurrentGCThread "G1 Conc#0" [stack: 0x0000700001d1b000,0x0000700001e1b000] [id=12547]
  0x00007fb75d814800 ConcurrentGCThread "G1 Refine#0" [stack: 0x0000700001e1e000,0x0000700001f1e000] [id=13059]
  0x00007fb75c048800 ConcurrentGCThread "G1 Young RemSet Sampling" [stack: 0x0000700001f21000,0x0000700002021000] [id=19459]

Threads with active compile tasks:
C2 CompilerThread0  1294       4       java.util.HashMap::put (13 bytes)

VM state:not at safepoint (normal execution)

VM Mutex/Monitor currently owned by a thread: None

Heap address: 0x0000000780000000, size: 2048 MB, Compressed Oops mode: Zero based, Oop shift amount: 3
Narrow klass base: 0x0000000800000000, Narrow klass shift: 3
Compressed class space size: 1073741824 Address: 0x00000008010fe000

Heap:
 garbage-first heap   total 133120K, used 26127K [0x0000000780000000, 0x0000000800000000)
  region size 1024K, 26 young (26624K), 2 survivors (2048K)
 Metaspace       used 10184K, capacity 10528K, committed 10880K, reserved 1058816K
  class space    used 1231K, capacity 1357K, committed 1408K, reserved 1048576K
Heap Regions: E=young(eden), S=young(survivor), O=old, HS=humongous(starts), HC=humongous(continues), CS=collection set, F=free, A=archive, TAMS=top-at-mark-start (previous, next)
|   0|0x0000000780000000, 0x0000000780000000, 0x0000000780100000|  0%| F|  |TAMS 0x0000000780000000, 0x0000000780000000| Untracked 
|   1|0x0000000780100000, 0x0000000780100000, 0x0000000780200000|  0%| F|  |TAMS 0x0000000780100000, 0x0000000780100000| Untracked 
|   2|0x0000000780200000, 0x0000000780200000, 0x0000000780300000|  0%| F|  |TAMS 0x0000000780200000, 0x0000000780200000| Untracked 
|   3|0x0000000780300000, 0x0000000780300000, 0x0000000780400000|  0%| F|  |TAMS 0x0000000780300000, 0x0000000780300000| Untracked 
|   4|0x0000000780400000, 0x0000000780400000, 0x0000000780500000|  0%| F|  |TAMS 0x0000000780400000, 0x0000000780400000| Untracked 
|   5|0x0000000780500000, 0x0000000780500000, 0x0000000780600000|  0%| F|  |TAMS 0x0000000780500000, 0x0000000780500000| Untracked 
|   6|0x0000000780600000, 0x0000000780600000, 0x0000000780700000|  0%| F|  |TAMS 0x0000000780600000, 0x0000000780600000| Untracked 
|   7|0x0000000780700000, 0x0000000780700000, 0x0000000780800000|  0%| F|  |TAMS 0x0000000780700000, 0x0000000780700000| Untracked 
|   8|0x0000000780800000, 0x0000000780800000, 0x0000000780900000|  0%| F|  |TAMS 0x0000000780800000, 0x0000000780800000| Untracked 
|   9|0x0000000780900000, 0x0000000780900000, 0x0000000780a00000|  0%| F|  |TAMS 0x0000000780900000, 0x0000000780900000| Untracked 
|  10|0x0000000780a00000, 0x0000000780a00000, 0x0000000780b00000|  0%| F|  |TAMS 0x0000000780a00000, 0x0000000780a00000| Untracked 
|  11|0x0000000780b00000, 0x0000000780b00000, 0x0000000780c00000|  0%| F|  |TAMS 0x0000000780b00000, 0x0000000780b00000| Untracked 
|  12|0x0000000780c00000, 0x0000000780c00000, 0x0000000780d00000|  0%| F|  |TAMS 0x0000000780c00000, 0x0000000780c00000| Untracked 
|  13|0x0000000780d00000, 0x0000000780d00000, 0x0000000780e00000|  0%| F|  |TAMS 0x0000000780d00000, 0x0000000780d00000| Untracked 
|  14|0x0000000780e00000, 0x0000000780e00000, 0x0000000780f00000|  0%| F|  |TAMS 0x0000000780e00000, 0x0000000780e00000| Untracked 
|  15|0x0000000780f00000, 0x0000000780f00000, 0x0000000781000000|  0%| F|  |TAMS 0x0000000780f00000, 0x0000000780f00000| Untracked 
|  16|0x0000000781000000, 0x0000000781000000, 0x0000000781100000|  0%| F|  |TAMS 0x0000000781000000, 0x0000000781000000| Untracked 
|  17|0x0000000781100000, 0x0000000781100000, 0x0000000781200000|  0%| F|  |TAMS 0x0000000781100000, 0x0000000781100000| Untracked 
|  18|0x0000000781200000, 0x0000000781200000, 0x0000000781300000|  0%| F|  |TAMS 0x0000000781200000, 0x0000000781200000| Untracked 
|  19|0x0000000781300000, 0x0000000781300000, 0x0000000781400000|  0%| F|  |TAMS 0x0000000781300000, 0x0000000781300000| Untracked 
|  20|0x0000000781400000, 0x0000000781400000, 0x0000000781500000|  0%| F|  |TAMS 0x0000000781400000, 0x0000000781400000| Untracked 
|  21|0x0000000781500000, 0x0000000781500000, 0x0000000781600000|  0%| F|  |TAMS 0x0000000781500000, 0x0000000781500000| Untracked 
|  22|0x0000000781600000, 0x0000000781600000, 0x0000000781700000|  0%| F|  |TAMS 0x0000000781600000, 0x0000000781600000| Untracked 
|  23|0x0000000781700000, 0x0000000781700000, 0x0000000781800000|  0%| F|  |TAMS 0x0000000781700000, 0x0000000781700000| Untracked 
|  24|0x0000000781800000, 0x0000000781800000, 0x0000000781900000|  0%| F|  |TAMS 0x0000000781800000, 0x0000000781800000| Untracked 
|  25|0x0000000781900000, 0x0000000781900000, 0x0000000781a00000|  0%| F|  |TAMS 0x0000000781900000, 0x0000000781900000| Untracked 
|  26|0x0000000781a00000, 0x0000000781a00000, 0x0000000781b00000|  0%| F|  |TAMS 0x0000000781a00000, 0x0000000781a00000| Untracked 
|  27|0x0000000781b00000, 0x0000000781b00000, 0x0000000781c00000|  0%| F|  |TAMS 0x0000000781b00000, 0x0000000781b00000| Untracked 
|  28|0x0000000781c00000, 0x0000000781c00000, 0x0000000781d00000|  0%| F|  |TAMS 0x0000000781c00000, 0x0000000781c00000| Untracked 
|  29|0x0000000781d00000, 0x0000000781d00000, 0x0000000781e00000|  0%| F|  |TAMS 0x0000000781d00000, 0x0000000781d00000| Untracked 
|  30|0x0000000781e00000, 0x0000000781e00000, 0x0000000781f00000|  0%| F|  |TAMS 0x0000000781e00000, 0x0000000781e00000| Untracked 
|  31|0x0000000781f00000, 0x0000000781f00000, 0x0000000782000000|  0%| F|  |TAMS 0x0000000781f00000, 0x0000000781f00000| Untracked 
|  32|0x0000000782000000, 0x0000000782000000, 0x0000000782100000|  0%| F|  |TAMS 0x0000000782000000, 0x0000000782000000| Untracked 
|  33|0x0000000782100000, 0x0000000782100000, 0x0000000782200000|  0%| F|  |TAMS 0x0000000782100000, 0x0000000782100000| Untracked 
|  34|0x0000000782200000, 0x0000000782200000, 0x0000000782300000|  0%| F|  |TAMS 0x0000000782200000, 0x0000000782200000| Untracked 
|  35|0x0000000782300000, 0x0000000782300000, 0x0000000782400000|  0%| F|  |TAMS 0x0000000782300000, 0x0000000782300000| Untracked 
|  36|0x0000000782400000, 0x0000000782400000, 0x0000000782500000|  0%| F|  |TAMS 0x0000000782400000, 0x0000000782400000| Untracked 
|  37|0x0000000782500000, 0x0000000782500000, 0x0000000782600000|  0%| F|  |TAMS 0x0000000782500000, 0x0000000782500000| Untracked 
|  38|0x0000000782600000, 0x0000000782600000, 0x0000000782700000|  0%| F|  |TAMS 0x0000000782600000, 0x0000000782600000| Untracked 
|  39|0x0000000782700000, 0x0000000782700000, 0x0000000782800000|  0%| F|  |TAMS 0x0000000782700000, 0x0000000782700000| Untracked 
|  40|0x0000000782800000, 0x0000000782800000, 0x0000000782900000|  0%| F|  |TAMS 0x0000000782800000, 0x0000000782800000| Untracked 
|  41|0x0000000782900000, 0x0000000782900000, 0x0000000782a00000|  0%| F|  |TAMS 0x0000000782900000, 0x0000000782900000| Untracked 
|  42|0x0000000782a00000, 0x0000000782a00000, 0x0000000782b00000|  0%| F|  |TAMS 0x0000000782a00000, 0x0000000782a00000| Untracked 
|  43|0x0000000782b00000, 0x0000000782b00000, 0x0000000782c00000|  0%| F|  |TAMS 0x0000000782b00000, 0x0000000782b00000| Untracked 
|  44|0x0000000782c00000, 0x0000000782c00000, 0x0000000782d00000|  0%| F|  |TAMS 0x0000000782c00000, 0x0000000782c00000| Untracked 
|  45|0x0000000782d00000, 0x0000000782d00000, 0x0000000782e00000|  0%| F|  |TAMS 0x0000000782d00000, 0x0000000782d00000| Untracked 
|  46|0x0000000782e00000, 0x0000000782e00000, 0x0000000782f00000|  0%| F|  |TAMS 0x0000000782e00000, 0x0000000782e00000| Untracked 
|  47|0x0000000782f00000, 0x0000000782f00000, 0x0000000783000000|  0%| F|  |TAMS 0x0000000782f00000, 0x0000000782f00000| Untracked 
|  48|0x0000000783000000, 0x0000000783000000, 0x0000000783100000|  0%| F|  |TAMS 0x0000000783000000, 0x0000000783000000| Untracked 
|  49|0x0000000783100000, 0x0000000783100000, 0x0000000783200000|  0%| F|  |TAMS 0x0000000783100000, 0x0000000783100000| Untracked 
|  50|0x0000000783200000, 0x0000000783200000, 0x0000000783300000|  0%| F|  |TAMS 0x0000000783200000, 0x0000000783200000| Untracked 
|  51|0x0000000783300000, 0x0000000783300000, 0x0000000783400000|  0%| F|  |TAMS 0x0000000783300000, 0x0000000783300000| Untracked 
|  52|0x0000000783400000, 0x0000000783400000, 0x0000000783500000|  0%| F|  |TAMS 0x0000000783400000, 0x0000000783400000| Untracked 
|  53|0x0000000783500000, 0x0000000783500000, 0x0000000783600000|  0%| F|  |TAMS 0x0000000783500000, 0x0000000783500000| Untracked 
|  54|0x0000000783600000, 0x0000000783600000, 0x0000000783700000|  0%| F|  |TAMS 0x0000000783600000, 0x0000000783600000| Untracked 
|  55|0x0000000783700000, 0x0000000783700000, 0x0000000783800000|  0%| F|  |TAMS 0x0000000783700000, 0x0000000783700000| Untracked 
|  56|0x0000000783800000, 0x0000000783800000, 0x0000000783900000|  0%| F|  |TAMS 0x0000000783800000, 0x0000000783800000| Untracked 
|  57|0x0000000783900000, 0x0000000783900000, 0x0000000783a00000|  0%| F|  |TAMS 0x0000000783900000, 0x0000000783900000| Untracked 
|  58|0x0000000783a00000, 0x0000000783a00000, 0x0000000783b00000|  0%| F|  |TAMS 0x0000000783a00000, 0x0000000783a00000| Untracked 
|  59|0x0000000783b00000, 0x0000000783b00000, 0x0000000783c00000|  0%| F|  |TAMS 0x0000000783b00000, 0x0000000783b00000| Untracked 
|  60|0x0000000783c00000, 0x0000000783c00000, 0x0000000783d00000|  0%| F|  |TAMS 0x0000000783c00000, 0x0000000783c00000| Untracked 
|  61|0x0000000783d00000, 0x0000000783d00000, 0x0000000783e00000|  0%| F|  |TAMS 0x0000000783d00000, 0x0000000783d00000| Untracked 
|  62|0x0000000783e00000, 0x0000000783e00000, 0x0000000783f00000|  0%| F|  |TAMS 0x0000000783e00000, 0x0000000783e00000| Untracked 
|  63|0x0000000783f00000, 0x0000000783f00000, 0x0000000784000000|  0%| F|  |TAMS 0x0000000783f00000, 0x0000000783f00000| Untracked 
|  64|0x0000000784000000, 0x0000000784000000, 0x0000000784100000|  0%| F|  |TAMS 0x0000000784000000, 0x0000000784000000| Untracked 
|  65|0x0000000784100000, 0x0000000784100000, 0x0000000784200000|  0%| F|  |TAMS 0x0000000784100000, 0x0000000784100000| Untracked 
|  66|0x0000000784200000, 0x0000000784200000, 0x0000000784300000|  0%| F|  |TAMS 0x0000000784200000, 0x0000000784200000| Untracked 
|  67|0x0000000784300000, 0x0000000784300000, 0x0000000784400000|  0%| F|  |TAMS 0x0000000784300000, 0x0000000784300000| Untracked 
|  68|0x0000000784400000, 0x0000000784400000, 0x0000000784500000|  0%| F|  |TAMS 0x0000000784400000, 0x0000000784400000| Untracked 
|  69|0x0000000784500000, 0x0000000784500000, 0x0000000784600000|  0%| F|  |TAMS 0x0000000784500000, 0x0000000784500000| Untracked 
|  70|0x0000000784600000, 0x0000000784600000, 0x0000000784700000|  0%| F|  |TAMS 0x0000000784600000, 0x0000000784600000| Untracked 
|  71|0x0000000784700000, 0x0000000784700000, 0x0000000784800000|  0%| F|  |TAMS 0x0000000784700000, 0x0000000784700000| Untracked 
|  72|0x0000000784800000, 0x0000000784800000, 0x0000000784900000|  0%| F|  |TAMS 0x0000000784800000, 0x0000000784800000| Untracked 
|  73|0x0000000784900000, 0x0000000784900000, 0x0000000784a00000|  0%| F|  |TAMS 0x0000000784900000, 0x0000000784900000| Untracked 
|  74|0x0000000784a00000, 0x0000000784a00000, 0x0000000784b00000|  0%| F|  |TAMS 0x0000000784a00000, 0x0000000784a00000| Untracked 
|  75|0x0000000784b00000, 0x0000000784b00000, 0x0000000784c00000|  0%| F|  |TAMS 0x0000000784b00000, 0x0000000784b00000| Untracked 
|  76|0x0000000784c00000, 0x0000000784c00000, 0x0000000784d00000|  0%| F|  |TAMS 0x0000000784c00000, 0x0000000784c00000| Untracked 
|  77|0x0000000784d00000, 0x0000000784d00000, 0x0000000784e00000|  0%| F|  |TAMS 0x0000000784d00000, 0x0000000784d00000| Untracked 
|  78|0x0000000784e00000, 0x0000000784e00000, 0x0000000784f00000|  0%| F|  |TAMS 0x0000000784e00000, 0x0000000784e00000| Untracked 
|  79|0x0000000784f00000, 0x0000000784f00000, 0x0000000785000000|  0%| F|  |TAMS 0x0000000784f00000, 0x0000000784f00000| Untracked 
|  80|0x0000000785000000, 0x0000000785000000, 0x0000000785100000|  0%| F|  |TAMS 0x0000000785000000, 0x0000000785000000| Untracked 
|  81|0x0000000785100000, 0x0000000785100000, 0x0000000785200000|  0%| F|  |TAMS 0x0000000785100000, 0x0000000785100000| Untracked 
|  82|0x0000000785200000, 0x0000000785200000, 0x0000000785300000|  0%| F|  |TAMS 0x0000000785200000, 0x0000000785200000| Untracked 
|  83|0x0000000785300000, 0x0000000785300000, 0x0000000785400000|  0%| F|  |TAMS 0x0000000785300000, 0x0000000785300000| Untracked 
|  84|0x0000000785400000, 0x0000000785400000, 0x0000000785500000|  0%| F|  |TAMS 0x0000000785400000, 0x0000000785400000| Untracked 
|  85|0x0000000785500000, 0x0000000785500000, 0x0000000785600000|  0%| F|  |TAMS 0x0000000785500000, 0x0000000785500000| Untracked 
|  86|0x0000000785600000, 0x0000000785600000, 0x0000000785700000|  0%| F|  |TAMS 0x0000000785600000, 0x0000000785600000| Untracked 
|  87|0x0000000785700000, 0x0000000785700000, 0x0000000785800000|  0%| F|  |TAMS 0x0000000785700000, 0x0000000785700000| Untracked 
|  88|0x0000000785800000, 0x0000000785800000, 0x0000000785900000|  0%| F|  |TAMS 0x0000000785800000, 0x0000000785800000| Untracked 
|  89|0x0000000785900000, 0x0000000785900000, 0x0000000785a00000|  0%| F|  |TAMS 0x0000000785900000, 0x0000000785900000| Untracked 
|  90|0x0000000785a00000, 0x0000000785a00000, 0x0000000785b00000|  0%| F|  |TAMS 0x0000000785a00000, 0x0000000785a00000| Untracked 
|  91|0x0000000785b00000, 0x0000000785b00000, 0x0000000785c00000|  0%| F|  |TAMS 0x0000000785b00000, 0x0000000785b00000| Untracked 
|  92|0x0000000785c00000, 0x0000000785c00000, 0x0000000785d00000|  0%| F|  |TAMS 0x0000000785c00000, 0x0000000785c00000| Untracked 
|  93|0x0000000785d00000, 0x0000000785d00000, 0x0000000785e00000|  0%| F|  |TAMS 0x0000000785d00000, 0x0000000785d00000| Untracked 
|  94|0x0000000785e00000, 0x0000000785e00000, 0x0000000785f00000|  0%| F|  |TAMS 0x0000000785e00000, 0x0000000785e00000| Untracked 
|  95|0x0000000785f00000, 0x0000000785f00000, 0x0000000786000000|  0%| F|  |TAMS 0x0000000785f00000, 0x0000000785f00000| Untracked 
|  96|0x0000000786000000, 0x0000000786000000, 0x0000000786100000|  0%| F|  |TAMS 0x0000000786000000, 0x0000000786000000| Untracked 
|  97|0x0000000786100000, 0x0000000786100000, 0x0000000786200000|  0%| F|  |TAMS 0x0000000786100000, 0x0000000786100000| Untracked 
|  98|0x0000000786200000, 0x0000000786200000, 0x0000000786300000|  0%| F|  |TAMS 0x0000000786200000, 0x0000000786200000| Untracked 
|  99|0x0000000786300000, 0x0000000786300000, 0x0000000786400000|  0%| F|  |TAMS 0x0000000786300000, 0x0000000786300000| Untracked 
| 100|0x0000000786400000, 0x0000000786400000, 0x0000000786500000|  0%| F|  |TAMS 0x0000000786400000, 0x0000000786400000| Untracked 
| 101|0x0000000786500000, 0x0000000786500000, 0x0000000786600000|  0%| F|  |TAMS 0x0000000786500000, 0x0000000786500000| Untracked 
| 102|0x0000000786600000, 0x0000000786700000, 0x0000000786700000|100%| E|  |TAMS 0x0000000786600000, 0x0000000786600000| Complete 
| 103|0x0000000786700000, 0x0000000786800000, 0x0000000786800000|100%| E|CS|TAMS 0x0000000786700000, 0x0000000786700000| Complete 
| 104|0x0000000786800000, 0x0000000786900000, 0x0000000786900000|100%| E|CS|TAMS 0x0000000786800000, 0x0000000786800000| Complete 
| 105|0x0000000786900000, 0x0000000786a00000, 0x0000000786a00000|100%| E|CS|TAMS 0x0000000786900000, 0x0000000786900000| Complete 
| 106|0x0000000786a00000, 0x0000000786b00000, 0x0000000786b00000|100%| E|CS|TAMS 0x0000000786a00000, 0x0000000786a00000| Complete 
| 107|0x0000000786b00000, 0x0000000786c00000, 0x0000000786c00000|100%| E|CS|TAMS 0x0000000786b00000, 0x0000000786b00000| Complete 
| 108|0x0000000786c00000, 0x0000000786d00000, 0x0000000786d00000|100%| E|CS|TAMS 0x0000000786c00000, 0x0000000786c00000| Complete 
| 109|0x0000000786d00000, 0x0000000786e00000, 0x0000000786e00000|100%| E|CS|TAMS 0x0000000786d00000, 0x0000000786d00000| Complete 
| 110|0x0000000786e00000, 0x0000000786f00000, 0x0000000786f00000|100%| E|CS|TAMS 0x0000000786e00000, 0x0000000786e00000| Complete 
| 111|0x0000000786f00000, 0x0000000787000000, 0x0000000787000000|100%| E|CS|TAMS 0x0000000786f00000, 0x0000000786f00000| Complete 
| 112|0x0000000787000000, 0x00000007870cbf88, 0x0000000787100000| 79%| S|CS|TAMS 0x0000000787000000, 0x0000000787000000| Complete 
| 113|0x0000000787100000, 0x0000000787200000, 0x0000000787200000|100%| S|CS|TAMS 0x0000000787100000, 0x0000000787100000| Complete 
| 114|0x0000000787200000, 0x0000000787300000, 0x0000000787300000|100%| E|CS|TAMS 0x0000000787200000, 0x0000000787200000| Complete 
| 115|0x0000000787300000, 0x0000000787400000, 0x0000000787400000|100%| E|CS|TAMS 0x0000000787300000, 0x0000000787300000| Complete 
| 116|0x0000000787400000, 0x0000000787500000, 0x0000000787500000|100%| E|CS|TAMS 0x0000000787400000, 0x0000000787400000| Complete 
| 117|0x0000000787500000, 0x0000000787600000, 0x0000000787600000|100%| E|CS|TAMS 0x0000000787500000, 0x0000000787500000| Complete 
| 118|0x0000000787600000, 0x0000000787700000, 0x0000000787700000|100%| E|CS|TAMS 0x0000000787600000, 0x0000000787600000| Complete 
| 119|0x0000000787700000, 0x0000000787800000, 0x0000000787800000|100%| E|CS|TAMS 0x0000000787700000, 0x0000000787700000| Complete 
| 120|0x0000000787800000, 0x0000000787900000, 0x0000000787900000|100%| E|CS|TAMS 0x0000000787800000, 0x0000000787800000| Complete 
| 121|0x0000000787900000, 0x0000000787a00000, 0x0000000787a00000|100%| E|CS|TAMS 0x0000000787900000, 0x0000000787900000| Complete 
| 122|0x0000000787a00000, 0x0000000787b00000, 0x0000000787b00000|100%| E|CS|TAMS 0x0000000787a00000, 0x0000000787a00000| Complete 
| 123|0x0000000787b00000, 0x0000000787c00000, 0x0000000787c00000|100%| E|CS|TAMS 0x0000000787b00000, 0x0000000787b00000| Complete 
| 124|0x0000000787c00000, 0x0000000787d00000, 0x0000000787d00000|100%| E|CS|TAMS 0x0000000787c00000, 0x0000000787c00000| Complete 
| 125|0x0000000787d00000, 0x0000000787e00000, 0x0000000787e00000|100%| E|CS|TAMS 0x0000000787d00000, 0x0000000787d00000| Complete 
| 126|0x0000000787e00000, 0x0000000787f00000, 0x0000000787f00000|100%| E|CS|TAMS 0x0000000787e00000, 0x0000000787e00000| Complete 
| 127|0x0000000787f00000, 0x0000000788000000, 0x0000000788000000|100%| E|CS|TAMS 0x0000000787f00000, 0x0000000787f00000| Complete 
|1022|0x00000007bfe00000, 0x00000007bfe48000, 0x00000007bff00000| 28%|OA|  |TAMS 0x00000007bfe00000, 0x00000007bfe00000| Untracked 
|1023|0x00000007bff00000, 0x00000007bff70000, 0x00000007c0000000| 43%|CA|  |TAMS 0x00000007bff00000, 0x00000007bff00000| Untracked 

Card table byte_map: [0x0000000104f33000,0x0000000105333000] _byte_map_base: 0x0000000101333000

Marking Bits (Prev, Next): (CMBitMap*) 0x00007fb75d800018, (CMBitMap*) 0x00007fb75d800058
 Prev Bits: [0x0000000105733000, 0x0000000107733000)
 Next Bits: [0x0000000107733000, 0x0000000109733000)

Polling page: 0x0000000102ed4000

Metaspace:

Usage:
  Non-class:      8.96 MB capacity,     8.74 MB ( 98%) used,   196.18 KB (  2%) free+waste,    22.69 KB ( <1%) overhead. 
      Class:      1.33 MB capacity,     1.20 MB ( 91%) used,   113.45 KB (  8%) free+waste,    11.69 KB ( <1%) overhead. 
       Both:     10.28 MB capacity,     9.95 MB ( 97%) used,   309.62 KB (  3%) free+waste,    34.38 KB ( <1%) overhead. 

Virtual space:
  Non-class space:       10.00 MB reserved,       9.25 MB ( 92%) committed 
      Class space:        1.00 GB reserved,       1.38 MB ( <1%) committed 
             Both:        1.01 GB reserved,      10.62 MB (  1%) committed 

Chunk freelists:
   Non-Class:  16.62 KB
       Class:  3.38 KB
        Both:  20.00 KB

CodeHeap 'non-profiled nmethods': size=120032Kb used=455Kb max_used=455Kb free=119576Kb
 bounds [0x000000011b867000, 0x000000011bad7000, 0x0000000122d9f000]
CodeHeap 'profiled nmethods': size=120032Kb used=2377Kb max_used=2377Kb free=117654Kb
 bounds [0x000000011432f000, 0x000000011459f000, 0x000000011b867000]
CodeHeap 'non-nmethods': size=5696Kb used=1146Kb max_used=1165Kb free=4549Kb
 bounds [0x0000000113d9f000, 0x000000011400f000, 0x000000011432f000]
 total_blobs=2058 nmethods=1296 adapters=390
 compilation: enabled
              stopped_count=0, restarted_count=0
 full_count=0

Compilation events (10 events):
Event: 6.274 Thread 0x00007fb75d82b000 nmethod 1290 0x000000011457f890 code [0x000000011457fa60, 0x000000011457fca8]
Event: 6.274 Thread 0x00007fb75d82b000 1291       3       java.util.HashMap::tableSizeFor (32 bytes)
Event: 6.274 Thread 0x00007fb75d827000 1292       4       java.util.HashMap::putVal (300 bytes)
Event: 6.274 Thread 0x00007fb75d82b000 nmethod 1291 0x000000011457fd90 code [0x000000011457ff60, 0x00000001145801a8]
Event: 6.274 Thread 0x00007fb75d82b000 1296       3       org.sql2o.quirks.parameterparsing.impl.QuoteParser::canParse (18 bytes)
Event: 6.274 Thread 0x00007fb75d82b000 nmethod 1296 0x0000000114580290 code [0x0000000114580440, 0x0000000114580650]
Event: 6.274 Thread 0x00007fb75d82b000 1297       3       org.sql2o.quirks.parameterparsing.impl.DoubleHyphensCommentParser::canParse (34 bytes)
Event: 6.275 Thread 0x00007fb75d82b000 nmethod 1297 0x0000000114580710 code [0x0000000114580940, 0x00000001145810f8]
Event: 6.277 Thread 0x00007fb75d82b000 1298       3       java.nio.charset.CoderResult::isUnderflow (13 bytes)
Event: 6.278 Thread 0x00007fb75d82b000 nmethod 1298 0x0000000114581390 code [0x0000000114581540, 0x0000000114581710]

GC Heap History (2 events):
Event: 0.669 GC heap before
{Heap before GC invocations=0 (full 0):
 garbage-first heap   total 133120K, used 15072K [0x0000000780000000, 0x0000000800000000)
  region size 1024K, 14 young (14336K), 0 survivors (0K)
 Metaspace       used 3975K, capacity 6160K, committed 6400K, reserved 1056768K
  class space    used 464K, capacity 668K, committed 768K, reserved 1048576K
}
Event: 0.677 GC heap after
{Heap after GC invocations=1 (full 0):
 garbage-first heap   total 133120K, used 2575K [0x0000000780000000, 0x0000000800000000)
  region size 1024K, 2 young (2048K), 2 survivors (2048K)
 Metaspace       used 3975K, capacity 6160K, committed 6400K, reserved 1056768K
  class space    used 464K, capacity 668K, committed 768K, reserved 1048576K
}

Deoptimization events (10 events):
Event: 5.905 Thread 0x00007fb75c808000 Uncommon trap: reason=bimorphic_or_optimized_type_check action=maybe_recompile pc=0x000000011b871624 method=java.util.AbstractCollection.isEmpty()Z @ 1 c2
Event: 5.923 Thread 0x00007fb75c808000 Uncommon trap: reason=class_check action=maybe_recompile pc=0x000000011b8a0b4c method=java.util.HashMap.putVal(ILjava/lang/Object;Ljava/lang/Object;ZZ)Ljava/lang/Object; @ 203 c2
Event: 5.938 Thread 0x00007fb75c808000 Uncommon trap: reason=class_check action=maybe_recompile pc=0x000000011b8a0b4c method=java.util.HashMap.putVal(ILjava/lang/Object;Ljava/lang/Object;ZZ)Ljava/lang/Object; @ 203 c2
Event: 6.040 Thread 0x00007fb75c808000 Uncommon trap: reason=unstable_if action=reinterpret pc=0x000000011b8c7520 method=java.lang.StringLatin1.compareToCI([B[B)I @ 68 c2
Event: 6.046 Thread 0x00007fb75c808000 Uncommon trap: reason=unstable_if action=reinterpret pc=0x000000011b8be4b0 method=java.lang.CharacterDataLatin1.isWhitespace(I)Z @ 14 c2
Event: 6.055 Thread 0x00007fb75c808000 Uncommon trap: reason=unstable_if action=reinterpret pc=0x000000011b8a2150 method=java.lang.StringLatin1.canEncode(I)Z @ 4 c2
Event: 6.186 Thread 0x00007fb75c808000 Uncommon trap: reason=bimorphic_or_optimized_type_check action=maybe_recompile pc=0x000000011b8cb4b4 method=java.util.HashMap.putVal(ILjava/lang/Object;Ljava/lang/Object;ZZ)Ljava/lang/Object; @ 56 c2
Event: 6.186 Thread 0x00007fb75c808000 Uncommon trap: reason=bimorphic_or_optimized_type_check action=maybe_recompile pc=0x000000011b8cb4b4 method=java.util.HashMap.putVal(ILjava/lang/Object;Ljava/lang/Object;ZZ)Ljava/lang/Object; @ 56 c2
Event: 6.261 Thread 0x00007fb75c808000 Uncommon trap: reason=bimorphic_or_optimized_type_check action=maybe_recompile pc=0x000000011b8cb4b4 method=java.util.HashMap.putVal(ILjava/lang/Object;Ljava/lang/Object;ZZ)Ljava/lang/Object; @ 56 c2
Event: 6.269 Thread 0x00007fb75c808000 Uncommon trap: reason=bimorphic_or_optimized_type_check action=maybe_recompile pc=0x000000011b8cb4b4 method=java.util.HashMap.putVal(ILjava/lang/Object;Ljava/lang/Object;ZZ)Ljava/lang/Object; @ 56 c2

Classes redefined (0 events):
No events

Internal exceptions (9 events):
Event: 0.170 Thread 0x00007fb75c808000 Exception <a 'java/io/FileNotFoundException'{0x0000000787ef6748}> (0x0000000787ef6748) thrown at [/scratch/mesos/slaves/a1bab71e-a362-4507-81ed-9c72a04b09cc-S132/frameworks/1735e8a2-a1db-478c-8104-60c8b0af87dd-0196/executors/f2acab4c-3d79-4ad0-b3ff-1b3189
Event: 0.215 Thread 0x00007fb75c808000 Exception <a 'java/lang/NoSuchMethodError'{0x0000000787ba81e0}: java.lang.invoke.DirectMethodHandle$Holder.invokeSpecialIFC(Ljava/lang/Object;Ljava/lang/Object;I)I> (0x0000000787ba81e0) thrown at [/scratch/mesos/slaves/a1bab71e-a362-4507-81ed-9c72a04b09cc
Event: 0.287 Thread 0x00007fb75c808000 Exception <a 'java/lang/IncompatibleClassChangeError'{0x000000078792e910}: Found class java.lang.Object, but interface was expected> (0x000000078792e910) thrown at [/scratch/mesos/slaves/a1bab71e-a362-4507-81ed-9c72a04b09cc-S132/frameworks/1735e8a2-a1db-4
Event: 0.654 Thread 0x00007fb75c808000 Exception <a 'java/lang/NoSuchMethodError'{0x00000007872b5570}: java.lang.invoke.DirectMethodHandle$Holder.invokeStaticInit(Ljava/lang/Object;Ljava/lang/Object;Ljava/lang/Object;)Ljava/lang/Object;> (0x00000007872b5570) thrown at [/scratch/mesos/slaves/a1
Event: 5.887 Thread 0x00007fb75c808000 Exception <a 'java/lang/NoSuchMethodError'{0x0000000786e915c8}: java.lang.invoke.DirectMethodHandle$Holder.invokeStatic(Ljava/lang/Object;Ljava/lang/Object;Ljava/lang/Object;Ljava/lang/Object;Ljava/lang/Object;)I> (0x0000000786e915c8) thrown at [/scratch/
Event: 5.896 Thread 0x00007fb75c808000 Exception <a 'java/lang/NoSuchMethodError'{0x0000000786ebeea8}: java.lang.invoke.DirectMethodHandle$Holder.invokeInterface(Ljava/lang/Object;Ljava/lang/Object;)I> (0x0000000786ebeea8) thrown at [/scratch/mesos/slaves/a1bab71e-a362-4507-81ed-9c72a04b09cc-S
Event: 5.896 Thread 0x00007fb75c808000 Exception <a 'java/lang/IncompatibleClassChangeError'{0x0000000786ec1b40}: Found class java.lang.Object, but interface was expected> (0x0000000786ec1b40) thrown at [/scratch/mesos/slaves/a1bab71e-a362-4507-81ed-9c72a04b09cc-S132/frameworks/1735e8a2-a1db-4
Event: 5.974 Thread 0x00007fb75c808000 Exception <a 'java/lang/NoSuchMethodError'{0x0000000786b22a28}: org.slf4j.impl.StaticMarkerBinder.getSingleton()Lorg/slf4j/impl/StaticMarkerBinder;> (0x0000000786b22a28) thrown at [/scratch/mesos/slaves/a1bab71e-a362-4507-81ed-9c72a04b09cc-S132/frameworks
Event: 6.175 Thread 0x00007fb75c808000 Exception <a 'java/lang/ExceptionInInitializerError'{0x00000007867cbb90}> (0x00000007867cbb90) thrown at [/scratch/mesos/slaves/a1bab71e-a362-4507-81ed-9c72a04b09cc-S132/frameworks/1735e8a2-a1db-478c-8104-60c8b0af87dd-0196/executors/f2acab4c-3d79-4ad0-b3f

Events (10 events):
Event: 6.269 Thread 0x00007fb75c808000 DEOPT PACKING pc=0x000000011b8cb4b4 sp=0x0000700001b10600
Event: 6.269 Thread 0x00007fb75c808000 DEOPT UNPACKING pc=0x0000000113dc83a5 sp=0x0000700001b10530 mode 2
Event: 6.276 loading class org/postgresql/jdbc/PgArray
Event: 6.276 loading class org/postgresql/jdbc/PgArray done
Event: 6.276 loading class org/postgresql/jdbc2/ArrayAssistant
Event: 6.276 loading class org/postgresql/jdbc2/ArrayAssistant done
Event: 6.277 loading class org/postgresql/jdbc/UUIDArrayAssistant
Event: 6.277 loading class org/postgresql/jdbc/UUIDArrayAssistant done
Event: 6.277 loading class org/postgresql/jdbc2/ArrayAssistantRegistry
Event: 6.277 loading class org/postgresql/jdbc2/ArrayAssistantRegistry done


Dynamic libraries:
0x00007fff7b34e000 	/usr/lib/libz.1.dylib
0x0000000102e87000 	/Library/Java/JavaVirtualMachines/openjdk-12.0.2.jdk/Contents/Home/lib/libjli.dylib
0x00007fff4daa4000 	/System/Library/Frameworks/Cocoa.framework/Versions/A/Cocoa
0x00007fff59d63000 	/System/Library/Frameworks/Security.framework/Versions/A/Security
0x00007fff4c6ab000 	/System/Library/Frameworks/ApplicationServices.framework/Versions/A/ApplicationServices
0x00007fff789c3000 	/usr/lib/libSystem.B.dylib
0x00007fff7b3d1000 	/usr/lib/system/libcache.dylib
0x00007fff7b3d6000 	/usr/lib/system/libcommonCrypto.dylib
0x00007fff7b3e1000 	/usr/lib/system/libcompiler_rt.dylib
0x00007fff7b3e9000 	/usr/lib/system/libcopyfile.dylib
0x00007fff7b3f3000 	/usr/lib/system/libcorecrypto.dylib
0x00007fff7b4fe000 	/usr/lib/system/libdispatch.dylib
0x00007fff7b539000 	/usr/lib/system/libdyld.dylib
0x00007fff7b569000 	/usr/lib/system/libkeymgr.dylib
0x00007fff7b577000 	/usr/lib/system/liblaunch.dylib
0x00007fff7b578000 	/usr/lib/system/libmacho.dylib
0x00007fff7b57e000 	/usr/lib/system/libquarantine.dylib
0x00007fff7b581000 	/usr/lib/system/libremovefile.dylib
0x00007fff7b583000 	/usr/lib/system/libsystem_asl.dylib
0x00007fff7b59b000 	/usr/lib/system/libsystem_blocks.dylib
0x00007fff7b59c000 	/usr/lib/system/libsystem_c.dylib
0x00007fff7b625000 	/usr/lib/system/libsystem_configuration.dylib
0x00007fff7b629000 	/usr/lib/system/libsystem_coreservices.dylib
0x00007fff7b62d000 	/usr/lib/system/libsystem_darwin.dylib
0x00007fff7b634000 	/usr/lib/system/libsystem_dnssd.dylib
0x00007fff7b63b000 	/usr/lib/system/libsystem_info.dylib
0x00007fff7b6b1000 	/usr/lib/system/libsystem_m.dylib
0x00007fff7b6fd000 	/usr/lib/system/libsystem_malloc.dylib
0x00007fff7b722000 	/usr/lib/system/libsystem_networkextension.dylib
0x00007fff7b72e000 	/usr/lib/system/libsystem_notify.dylib
0x00007fff7b74b000 	/usr/lib/system/libsystem_sandbox.dylib
0x00007fff7b74f000 	/usr/lib/system/libsystem_secinit.dylib
0x00007fff7b688000 	/usr/lib/system/libsystem_kernel.dylib
0x00007fff7b736000 	/usr/lib/system/libsystem_platform.dylib
0x00007fff7b740000 	/usr/lib/system/libsystem_pthread.dylib
0x00007fff7b752000 	/usr/lib/system/libsystem_symptoms.dylib
0x00007fff7b75a000 	/usr/lib/system/libsystem_trace.dylib
0x00007fff7b771000 	/usr/lib/system/libunwind.dylib
0x00007fff7b777000 	/usr/lib/system/libxpc.dylib
0x00007fff7a46b000 	/usr/lib/libobjc.A.dylib
0x00007fff78c75000 	/usr/lib/libc++abi.dylib
0x00007fff78c1d000 	/usr/lib/libc++.1.dylib
0x00007fff4e2c7000 	/System/Library/Frameworks/CoreFoundation.framework/Versions/A/CoreFoundation
0x00007fff5064c000 	/System/Library/Frameworks/Foundation.framework/Versions/C/Foundation
0x00007fff4b838000 	/System/Library/Frameworks/AppKit.framework/Versions/C/AppKit
0x00007fff4de3b000 	/System/Library/Frameworks/CoreData.framework/Versions/A/CoreData
0x00007fff71b91000 	/System/Library/PrivateFrameworks/RemoteViewServices.framework/Versions/A/RemoteViewServices
0x00007fff76691000 	/System/Library/PrivateFrameworks/UIFoundation.framework/Versions/A/UIFoundation
0x00007fff77e49000 	/System/Library/PrivateFrameworks/XCTTargetBootstrap.framework/Versions/A/XCTTargetBootstrap
0x00007fff6c698000 	/System/Library/PrivateFrameworks/IconServices.framework/Versions/A/IconServices
0x00007fff52f16000 	/System/Library/Frameworks/Metal.framework/Versions/A/Metal
0x00007fff6389a000 	/System/Library/PrivateFrameworks/DesktopServicesPriv.framework/Versions/A/DesktopServicesPriv
0x00007fff7977e000 	/usr/lib/libenergytrace.dylib
0x00007fff74402000 	/System/Library/PrivateFrameworks/SkyLight.framework/Versions/A/SkyLight
0x00007fff4e716000 	/System/Library/Frameworks/CoreGraphics.framework/Versions/A/CoreGraphics
0x00007fff4a5f3000 	/System/Library/Frameworks/Accelerate.framework/Versions/A/Accelerate
0x00007fff50dd6000 	/System/Library/Frameworks/IOSurface.framework/Versions/A/IOSurface
0x00007fff636fc000 	/System/Library/PrivateFrameworks/DFRFoundation.framework/Versions/A/DFRFoundation
0x00007fff4cbb0000 	/System/Library/Frameworks/AudioToolbox.framework/Versions/A/AudioToolbox
0x00007fff4ce4f000 	/System/Library/Frameworks/AudioUnit.framework/Versions/A/AudioUnit
0x00007fff63793000 	/System/Library/PrivateFrameworks/DataDetectorsCore.framework/Versions/A/DataDetectorsCore
0x00007fff4d58e000 	/System/Library/Frameworks/Carbon.framework/Versions/A/Frameworks/HIToolbox.framework/Versions/A/HIToolbox
0x00007fff798d9000 	/usr/lib/libicucore.A.dylib
0x00007fff592b6000 	/System/Library/Frameworks/QuartzCore.framework/Versions/A/QuartzCore
0x00007fff4d975000 	/System/Library/Frameworks/Carbon.framework/Versions/A/Frameworks/SpeechRecognition.framework/Versions/A/SpeechRecognition
0x00007fff78b26000 	/usr/lib/libauto.dylib
0x00007fff7b241000 	/usr/lib/libxml2.2.dylib
0x00007fff632fb000 	/System/Library/PrivateFrameworks/CoreUI.framework/Versions/A/CoreUI
0x00007fff4dd19000 	/System/Library/Frameworks/CoreAudio.framework/Versions/A/CoreAudio
0x00007fff5047e000 	/System/Library/Frameworks/DiskArbitration.framework/Versions/A/DiskArbitration
0x00007fff79b89000 	/usr/lib/liblangid.dylib
0x00007fff6db48000 	/System/Library/PrivateFrameworks/MultitouchSupport.framework/Versions/A/MultitouchSupport
0x00007fff50d41000 	/System/Library/Frameworks/IOKit.framework/Versions/A/IOKit
0x00007fff78611000 	/usr/lib/libDiagnosticMessagesClient.dylib
0x00007fff4f584000 	/System/Library/Frameworks/CoreServices.framework/Versions/A/CoreServices
0x00007fff6f87e000 	/System/Library/PrivateFrameworks/PerformanceAnalysis.framework/Versions/A/PerformanceAnalysis
0x00007fff5844b000 	/System/Library/Frameworks/OpenGL.framework/Versions/A/OpenGL
0x00007fff4dab2000 	/System/Library/Frameworks/ColorSync.framework/Versions/A/ColorSync
0x00007fff4eda5000 	/System/Library/Frameworks/CoreImage.framework/Versions/A/CoreImage
0x00007fff4ffc7000 	/System/Library/Frameworks/CoreText.framework/Versions/A/CoreText
0x00007fff50e37000 	/System/Library/Frameworks/ImageIO.framework/Versions/A/ImageIO
0x00007fff5f936000 	/System/Library/PrivateFrameworks/Backup.framework/Versions/A/Backup
0x00007fff78a79000 	/usr/lib/libarchive.2.dylib
0x00007fff4d1b3000 	/System/Library/Frameworks/CFNetwork.framework/Versions/A/CFNetwork
0x00007fff5a50e000 	/System/Library/Frameworks/SystemConfiguration.framework/Versions/A/SystemConfiguration
0x00007fff7853a000 	/usr/lib/libCRFSuite.dylib
0x00007fff78bfd000 	/usr/lib/libbsm.0.dylib
0x00007fff7b56a000 	/usr/lib/system/libkxld.dylib
0x00007fff5ebe3000 	/System/Library/PrivateFrameworks/AppleFSCompression.framework/Versions/A/AppleFSCompression
0x00007fff78882000 	/usr/lib/libOpenScriptingUtil.dylib
0x00007fff78f60000 	/usr/lib/libcoretls.dylib
0x00007fff78f77000 	/usr/lib/libcoretls_cfhelpers.dylib
0x00007fff7ac04000 	/usr/lib/libpam.2.dylib
0x00007fff7adc7000 	/usr/lib/libsqlite3.dylib
0x00007fff7b22f000 	/usr/lib/libxar.1.dylib
0x00007fff78c0e000 	/usr/lib/libbz2.1.0.dylib
0x00007fff79b8b000 	/usr/lib/liblzma.5.dylib
0x00007fff7a081000 	/usr/lib/libnetwork.dylib
0x00007fff78a62000 	/usr/lib/libapple_nghttp2.dylib
0x00007fff7ac0b000 	/usr/lib/libpcap.A.dylib
0x00007fff4f928000 	/System/Library/Frameworks/CoreServices.framework/Versions/A/Frameworks/FSEvents.framework/Versions/A/FSEvents
0x00007fff4f604000 	/System/Library/Frameworks/CoreServices.framework/Versions/A/Frameworks/CarbonCore.framework/Versions/A/CarbonCore
0x00007fff4fafd000 	/System/Library/Frameworks/CoreServices.framework/Versions/A/Frameworks/Metadata.framework/Versions/A/Metadata
0x00007fff4fba0000 	/System/Library/Frameworks/CoreServices.framework/Versions/A/Frameworks/OSServices.framework/Versions/A/OSServices
0x00007fff4fbec000 	/System/Library/Frameworks/CoreServices.framework/Versions/A/Frameworks/SearchKit.framework/Versions/A/SearchKit
0x00007fff4f585000 	/System/Library/Frameworks/CoreServices.framework/Versions/A/Frameworks/AE.framework/Versions/A/AE
0x00007fff4f931000 	/System/Library/Frameworks/CoreServices.framework/Versions/A/Frameworks/LaunchServices.framework/Versions/A/LaunchServices
0x00007fff4f8dd000 	/System/Library/Frameworks/CoreServices.framework/Versions/A/Frameworks/DictionaryServices.framework/Versions/A/DictionaryServices
0x00007fff4fc5b000 	/System/Library/Frameworks/CoreServices.framework/Versions/A/Frameworks/SharedFileList.framework/Versions/A/SharedFileList
0x00007fff543dc000 	/System/Library/Frameworks/NetFS.framework/Versions/A/NetFS
0x00007fff6dde5000 	/System/Library/PrivateFrameworks/NetAuth.framework/Versions/A/NetAuth
0x00007fff7827d000 	/System/Library/PrivateFrameworks/login.framework/Versions/A/Frameworks/loginsupport.framework/Versions/A/loginsupport
0x00007fff76289000 	/System/Library/PrivateFrameworks/TCC.framework/Versions/A/TCC
0x00007fff62903000 	/System/Library/PrivateFrameworks/CoreNLP.framework/Versions/A/CoreNLP
0x00007fff6d839000 	/System/Library/PrivateFrameworks/MetadataUtilities.framework/Versions/A/MetadataUtilities
0x00007fff79c6c000 	/usr/lib/libmecabra.dylib
0x00007fff4c6ac000 	/System/Library/Frameworks/ApplicationServices.framework/Versions/A/Frameworks/ATS.framework/Versions/A/ATS
0x00007fff4ca17000 	/System/Library/Frameworks/ApplicationServices.framework/Versions/A/Frameworks/ColorSyncLegacy.framework/Versions/A/ColorSyncLegacy
0x00007fff4cab8000 	/System/Library/Frameworks/ApplicationServices.framework/Versions/A/Frameworks/HIServices.framework/Versions/A/HIServices
0x00007fff4cb0b000 	/System/Library/Frameworks/ApplicationServices.framework/Versions/A/Frameworks/LangAnalysis.framework/Versions/A/LangAnalysis
0x00007fff4cb1a000 	/System/Library/Frameworks/ApplicationServices.framework/Versions/A/Frameworks/PrintCore.framework/Versions/A/PrintCore
0x00007fff4cb67000 	/System/Library/Frameworks/ApplicationServices.framework/Versions/A/Frameworks/QD.framework/Versions/A/QD
0x00007fff4cba3000 	/System/Library/Frameworks/ApplicationServices.framework/Versions/A/Frameworks/SpeechSynthesis.framework/Versions/A/SpeechSynthesis
0x00007fff78c9d000 	/usr/lib/libcompression.dylib
0x00007fff4e1dd000 	/System/Library/Frameworks/CoreDisplay.framework/Versions/A/CoreDisplay
0x00007fff531de000 	/System/Library/Frameworks/MetalPerformanceShaders.framework/Versions/A/MetalPerformanceShaders
0x00007fff4a60b000 	/System/Library/Frameworks/Accelerate.framework/Versions/A/Frameworks/vImage.framework/Versions/A/vImage
0x00007fff4b687000 	/System/Library/Frameworks/Accelerate.framework/Versions/A/Frameworks/vecLib.framework/Versions/A/vecLib
0x00007fff4b5d1000 	/System/Library/Frameworks/Accelerate.framework/Versions/A/Frameworks/vecLib.framework/Versions/A/libvMisc.dylib
0x00007fff4b3ec000 	/System/Library/Frameworks/Accelerate.framework/Versions/A/Frameworks/vecLib.framework/Versions/A/libvDSP.dylib
0x00007fff4acac000 	/System/Library/Frameworks/Accelerate.framework/Versions/A/Frameworks/vecLib.framework/Versions/A/libBLAS.dylib
0x00007fff4af97000 	/System/Library/Frameworks/Accelerate.framework/Versions/A/Frameworks/vecLib.framework/Versions/A/libLAPACK.dylib
0x00007fff4b33e000 	/System/Library/Frameworks/Accelerate.framework/Versions/A/Frameworks/vecLib.framework/Versions/A/libLinearAlgebra.dylib
0x00007fff4b3d8000 	/System/Library/Frameworks/Accelerate.framework/Versions/A/Frameworks/vecLib.framework/Versions/A/libSparseBLAS.dylib
0x00007fff4b354000 	/System/Library/Frameworks/Accelerate.framework/Versions/A/Frameworks/vecLib.framework/Versions/A/libQuadrature.dylib
0x00007fff4af24000 	/System/Library/Frameworks/Accelerate.framework/Versions/A/Frameworks/vecLib.framework/Versions/A/libBNNS.dylib
0x00007fff4b35a000 	/System/Library/Frameworks/Accelerate.framework/Versions/A/Frameworks/vecLib.framework/Versions/A/libSparse.dylib
0x00007fff69e2a000 	/System/Library/PrivateFrameworks/GPUWrangler.framework/Versions/A/GPUWrangler
0x00007fff6c25f000 	/System/Library/PrivateFrameworks/IOAccelerator.framework/Versions/A/IOAccelerator
0x00007fff6c26a000 	/System/Library/PrivateFrameworks/IOPresentment.framework/Versions/A/IOPresentment
0x00007fff6370c000 	/System/Library/PrivateFrameworks/DSExternalDisplay.framework/Versions/A/DSExternalDisplay
0x00007fff57890000 	/System/Library/Frameworks/OpenGL.framework/Versions/A/Libraries/libCoreFSCache.dylib
0x00007fff52fc6000 	/System/Library/Frameworks/MetalPerformanceShaders.framework/Frameworks/MPSCore.framework/Versions/A/MPSCore
0x00007fff52fe7000 	/System/Library/Frameworks/MetalPerformanceShaders.framework/Frameworks/MPSImage.framework/Versions/A/MPSImage
0x00007fff5308f000 	/System/Library/Frameworks/MetalPerformanceShaders.framework/Frameworks/MPSNeuralNetwork.framework/Versions/A/MPSNeuralNetwork
0x00007fff53066000 	/System/Library/Frameworks/MetalPerformanceShaders.framework/Frameworks/MPSMatrix.framework/Versions/A/MPSMatrix
0x00007fff531c2000 	/System/Library/Frameworks/MetalPerformanceShaders.framework/Frameworks/MPSRayIntersector.framework/Versions/A/MPSRayIntersector
0x00007fff6d862000 	/System/Library/PrivateFrameworks/MetalTools.framework/Versions/A/MetalTools
0x00007fff5e2dd000 	/System/Library/PrivateFrameworks/AggregateDictionary.framework/Versions/A/AggregateDictionary
0x00007fff78862000 	/usr/lib/libMobileGestalt.dylib
0x00007fff5012d000 	/System/Library/Frameworks/CoreVideo.framework/Versions/A/CoreVideo
0x00007fff6ac9a000 	/System/Library/PrivateFrameworks/GraphVisualizer.framework/Versions/A/GraphVisualizer
0x00007fff64a35000 	/System/Library/PrivateFrameworks/FaceCore.framework/Versions/A/FaceCore
0x00007fff56ea8000 	/System/Library/Frameworks/OpenCL.framework/Versions/A/OpenCL
0x00007fff78649000 	/usr/lib/libFosl_dynamic.dylib
0x00007fff6e6bd000 	/System/Library/PrivateFrameworks/OTSVG.framework/Versions/A/OTSVG
0x00007fff4c7b0000 	/System/Library/Frameworks/ApplicationServices.framework/Versions/A/Frameworks/ATS.framework/Versions/A/Resources/libFontParser.dylib
0x00007fff4c8d0000 	/System/Library/Frameworks/ApplicationServices.framework/Versions/A/Frameworks/ATS.framework/Versions/A/Resources/libFontRegistry.dylib
0x00007fff510c1000 	/System/Library/Frameworks/ImageIO.framework/Versions/A/Resources/libJPEG.dylib
0x00007fff513e3000 	/System/Library/Frameworks/ImageIO.framework/Versions/A/Resources/libTIFF.dylib
0x00007fff513b9000 	/System/Library/Frameworks/ImageIO.framework/Versions/A/Resources/libPng.dylib
0x00007fff50fd6000 	/System/Library/Frameworks/ImageIO.framework/Versions/A/Resources/libGIF.dylib
0x00007fff50fdb000 	/System/Library/Frameworks/ImageIO.framework/Versions/A/Resources/libJP2.dylib
0x00007fff513e0000 	/System/Library/Frameworks/ImageIO.framework/Versions/A/Resources/libRadiance.dylib
0x00007fff5ed3c000 	/System/Library/PrivateFrameworks/AppleJPEG.framework/Versions/A/AppleJPEG
0x00007fff5789b000 	/System/Library/Frameworks/OpenGL.framework/Versions/A/Libraries/libGFXShared.dylib
0x00007fff57a5e000 	/System/Library/Frameworks/OpenGL.framework/Versions/A/Libraries/libGLU.dylib
0x00007fff578a4000 	/System/Library/Frameworks/OpenGL.framework/Versions/A/Libraries/libGL.dylib
0x00007fff578b0000 	/System/Library/Frameworks/OpenGL.framework/Versions/A/Libraries/libGLImage.dylib
0x00007fff5788d000 	/System/Library/Frameworks/OpenGL.framework/Versions/A/Libraries/libCVMSPluginSupport.dylib
0x00007fff57896000 	/System/Library/Frameworks/OpenGL.framework/Versions/A/Libraries/libCoreVMClient.dylib
0x00007fff795ef000 	/usr/lib/libcups.2.dylib
0x00007fff524db000 	/System/Library/Frameworks/Kerberos.framework/Versions/A/Kerberos
0x00007fff50a8b000 	/System/Library/Frameworks/GSS.framework/Versions/A/GSS
0x00007fff7ad5b000 	/usr/lib/libresolv.9.dylib
0x00007fff797e7000 	/usr/lib/libiconv.2.dylib
0x00007fff6adfa000 	/System/Library/PrivateFrameworks/Heimdal.framework/Versions/A/Heimdal
0x00007fff797b6000 	/usr/lib/libheimdal-asn1.dylib
0x00007fff56f1e000 	/System/Library/Frameworks/OpenDirectory.framework/Versions/A/OpenDirectory
0x00007fff615ff000 	/System/Library/PrivateFrameworks/CommonAuth.framework/Versions/A/CommonAuth
0x00007fff56f01000 	/System/Library/Frameworks/OpenDirectory.framework/Versions/A/Frameworks/CFOpenDirectory.framework/Versions/A/CFOpenDirectory
0x00007fff5a08c000 	/System/Library/Frameworks/SecurityFoundation.framework/Versions/A/SecurityFoundation
0x00007fff5d7ec000 	/System/Library/PrivateFrameworks/APFS.framework/Versions/A/APFS
0x00007fff7b22b000 	/usr/lib/libutil.dylib
0x00007fff78c8b000 	/usr/lib/libcharset.1.dylib
0x00007fff5efd8000 	/System/Library/PrivateFrameworks/AppleSauce.framework/Versions/A/AppleSauce
0x00007fff5f166000 	/System/Library/PrivateFrameworks/AssertionServices.framework/Versions/A/AssertionServices
0x00007fff5f9d9000 	/System/Library/PrivateFrameworks/BaseBoard.framework/Versions/A/BaseBoard
0x00007fff79bbb000 	/usr/lib/libmecab.1.0.0.dylib
0x00007fff797b0000 	/usr/lib/libgermantok.dylib
0x00007fff78a4e000 	/usr/lib/libThaiTokenizer.dylib
0x00007fff78575000 	/usr/lib/libChineseTokenizer.dylib
0x00007fff6c996000 	/System/Library/PrivateFrameworks/LanguageModeling.framework/Versions/A/LanguageModeling
0x00007fff62319000 	/System/Library/PrivateFrameworks/CoreEmoji.framework/Versions/A/CoreEmoji
0x00007fff6ca8e000 	/System/Library/PrivateFrameworks/Lexicon.framework/Versions/A/Lexicon
0x00007fff6cad6000 	/System/Library/PrivateFrameworks/LinguisticData.framework/Versions/A/LinguisticData
0x00007fff78c8c000 	/usr/lib/libcmph.dylib
0x00007fff5a14d000 	/System/Library/Frameworks/ServiceManagement.framework/Versions/A/ServiceManagement
0x00007fff5f92c000 	/System/Library/PrivateFrameworks/BackgroundTaskManagement.framework/Versions/A/BackgroundTaskManagement
0x00007fff7b325000 	/usr/lib/libxslt.1.dylib
0x00007fff4d8a0000 	/System/Library/Frameworks/Carbon.framework/Versions/A/Frameworks/Ink.framework/Versions/A/Ink
0x00007fff76509000 	/System/Library/PrivateFrameworks/TextureIO.framework/Versions/A/TextureIO
0x00007fff78aa3000 	/usr/lib/libate.dylib
0x00007fff63668000 	/System/Library/PrivateFrameworks/CrashReporterSupport.framework/Versions/A/CrashReporterSupport
0x00007fff7352a000 	/System/Library/PrivateFrameworks/Sharing.framework/Versions/A/Sharing
0x00007fff5f4b8000 	/System/Library/PrivateFrameworks/AuthKit.framework/Versions/A/AuthKit
0x00007fff5e8db000 	/System/Library/PrivateFrameworks/Apple80211.framework/Versions/A/Apple80211
0x00007fff63428000 	/System/Library/PrivateFrameworks/CoreUtils.framework/Versions/A/CoreUtils
0x00007fff5016b000 	/System/Library/Frameworks/CoreWLAN.framework/Versions/A/CoreWLAN
0x00007fff50bd5000 	/System/Library/Frameworks/IOBluetooth.framework/Versions/A/IOBluetooth
0x00007fff7184c000 	/System/Library/PrivateFrameworks/ProtocolBuffer.framework/Versions/A/ProtocolBuffer
0x00007fff6da9f000 	/System/Library/PrivateFrameworks/MobileKeyBag.framework/Versions/A/MobileKeyBag
0x00007fff62c40000 	/System/Library/PrivateFrameworks/CorePhoneNumbers.framework/Versions/A/CorePhoneNumbers
0x00007fff5ecf0000 	/System/Library/PrivateFrameworks/AppleIDAuthSupport.framework/Versions/A/AppleIDAuthSupport
0x00007fff6c967000 	/System/Library/PrivateFrameworks/KeychainCircle.framework/Versions/A/KeychainCircle
0x00007fff71a19000 	/System/Library/PrivateFrameworks/ROCKit.framework/Versions/A/ROCKit
0x00007fff63604000 	/System/Library/PrivateFrameworks/CoreWiFi.framework/Versions/A/CoreWiFi
0x00007fff4de0f000 	/System/Library/Frameworks/CoreBluetooth.framework/Versions/A/CoreBluetooth
0x00007fff63858000 	/System/Library/PrivateFrameworks/DebugSymbols.framework/Versions/A/DebugSymbols
0x00007fff631dd000 	/System/Library/PrivateFrameworks/CoreSymbolication.framework/Versions/A/CoreSymbolication
0x00007fff75cf3000 	/System/Library/PrivateFrameworks/Symbolication.framework/Versions/A/Symbolication
0x00007fff74e85000 	/System/Library/PrivateFrameworks/SpeechRecognitionCore.framework/Versions/A/SpeechRecognitionCore
0x0000000103800000 	/Library/Java/JavaVirtualMachines/openjdk-12.0.2.jdk/Contents/Home/lib/server/libjvm.dylib
0x0000000102ea3000 	/Library/Java/JavaVirtualMachines/openjdk-12.0.2.jdk/Contents/Home/lib/libverify.dylib
0x0000000102eaf000 	/Library/Java/JavaVirtualMachines/openjdk-12.0.2.jdk/Contents/Home/lib/libjava.dylib
0x0000000102ed6000 	/Library/Java/JavaVirtualMachines/openjdk-12.0.2.jdk/Contents/Home/lib/libinstrument.dylib
0x0000000102f5a000 	/Library/Java/JavaVirtualMachines/openjdk-12.0.2.jdk/Contents/Home/lib/libzip.dylib
0x0000000102f62000 	/Library/Java/JavaVirtualMachines/openjdk-12.0.2.jdk/Contents/Home/lib/libjimage.dylib
0x0000000102fe8000 	/Library/Java/JavaVirtualMachines/openjdk-12.0.2.jdk/Contents/Home/lib/libnio.dylib
0x0000000123969000 	/Library/Java/JavaVirtualMachines/openjdk-12.0.2.jdk/Contents/Home/lib/./libnet.dylib
0x0000000102ff6000 	/Library/Java/JavaVirtualMachines/openjdk-12.0.2.jdk/Contents/Home/lib/libextnet.dylib
0x0000000102ff9000 	/Library/Java/JavaVirtualMachines/openjdk-12.0.2.jdk/Contents/Home/lib/libmanagement.dylib
0x000000010b8ce000 	/Library/Java/JavaVirtualMachines/openjdk-12.0.2.jdk/Contents/Home/lib/libmanagement_ext.dylib


VM Arguments:
jvm_args: -ea -Didea.test.cyclic.buffer.size=1048576 -javaagent:/Applications/IntelliJ IDEA CE.app/Contents/lib/idea_rt.jar=61190:/Applications/IntelliJ IDEA CE.app/Contents/bin -Dfile.encoding=UTF-8 
java_command: com.intellij.rt.execution.junit.JUnitStarter -ideVersion5 -junit4 dao.Sql2oUserDAOTest,userCanAddItemToFavorites
java_class_path (initial): /Applications/IntelliJ IDEA CE.app/Contents/lib/idea_rt.jar:/Applications/IntelliJ IDEA CE.app/Contents/plugins/junit/lib/junit-rt.jar:/Applications/IntelliJ IDEA CE.app/Contents/plugins/junit/lib/junit5-rt.jar:/Users/student/nutrisi/target/test-classes:/Users/student/nutrisi/target/classes:/Users/student/.m2/repository/org/hamcrest/java-hamcrest/2.0.0.0/java-hamcrest-2.0.0.0.jar:/Users/student/.m2/repository/junit/junit/4.12/junit-4.12.jar:/Users/student/.m2/repository/org/hamcrest/hamcrest-core/1.3/hamcrest-core-1.3.jar:/Users/student/.m2/repository/org/apache/velocity/velocity/1.7/velocity-1.7.jar:/Users/student/.m2/repository/org/sql2o/sql2o/1.6.0/sql2o-1.6.0.jar:/Users/student/.m2/repository/org/postgresql/postgresql/42.2.8/postgresql-42.2.8.jar:/Users/student/.m2/repository/org/mindrot/jbcrypt/0.4/jbcrypt-0.4.jar:/Users/student/.m2/repository/com/sparkjava/spark-core/2.8.0/spark-core-2.8.0.jar:/Users/student/.m2/repository/org/slf4j/slf4j-api/1.7.25/slf4j-api-1.7.25.jar:/Users/student/.m2/repository/org/eclipse/jetty/jetty-server/9.4.12.v20180830/jetty-server-9.4.12.v20180830.jar:/Users/student/.m2/repository/javax/servlet/javax.servlet-api/3.1.0/javax.servlet-api-3.1.0.jar:/Users/student/.m2/repository/org/eclipse/jetty/jetty-http/9.4.12.v20180830/jetty-http-9.4.12.v20180830.jar:/Users/student/.m2/repository/org/eclipse/jetty/jetty-util/9.4.12.v20180830/jetty-util-9.4.12.v20180830.jar:/Users/student/.m2/repository/org/eclipse/jetty/jetty-io/9.4.12.v20180830/jetty-io-9.4.12.v20180830.jar:/Users/student/.m2/repository/org/eclipse/jetty/jetty-webapp/9.4.12.v20180830/jetty-webapp-9.4.12.v20180830.jar:/Users/student/.m2/repository/org/eclipse/jetty/jetty-xml/9.4.12.v20180830/jetty-xml-9.4.12.v20180830.jar:/Users/student/.m2/repository/org/eclipse/jetty/jetty-servlet/9.4.12.v20180830/jetty-servlet-9.4.12.v20180830.jar:/Users/student/.m2/repository/org/eclipse/jetty/jetty-security/9.4.12.v20180830/jetty-security-9.4.12.v20180830.jar:/Use
Launcher Type: SUN_STANDARD

[Global flags]
     intx CICompilerCount                          = 3                                         {product} {ergonomic}
     uint ConcGCThreads                            = 1                                         {product} {ergonomic}
     uint G1ConcRefinementThreads                  = 4                                         {product} {ergonomic}
   size_t G1HeapRegionSize                         = 1048576                                   {product} {ergonomic}
    uintx GCDrainStackTargetSize                   = 64                                        {product} {ergonomic}
   size_t InitialHeapSize                          = 134217728                                 {product} {ergonomic}
   size_t MarkStackSize                            = 4194304                                   {product} {ergonomic}
   size_t MaxHeapSize                              = 2147483648                                {product} {ergonomic}
   size_t MaxNewSize                               = 1287651328                                {product} {ergonomic}
   size_t MinHeapDeltaBytes                        = 1048576                                   {product} {ergonomic}
    uintx NonNMethodCodeHeapSize                   = 5830732                                {pd product} {ergonomic}
    uintx NonProfiledCodeHeapSize                  = 122913754                              {pd product} {ergonomic}
    uintx ProfiledCodeHeapSize                     = 122913754                              {pd product} {ergonomic}
    uintx ReservedCodeCacheSize                    = 251658240                              {pd product} {ergonomic}
     bool SegmentedCodeCache                       = true                                      {product} {ergonomic}
     bool UseCompressedClassPointers               = true                                 {lp64_product} {ergonomic}
     bool UseCompressedOops                        = true                                 {lp64_product} {ergonomic}
     bool UseG1GC                                  = true                                      {product} {ergonomic}

Logging:
Log output configuration:
 #0: stdout all=warning uptime,level,tags
 #1: stderr all=off uptime,level,tags

Environment Variables:
PATH=/Users/student/.rvm/gems/ruby-2.6.2/bin:/Users/student/.rvm/gems/ruby-2.6.2@global/bin:/Users/student/.rvm/rubies/ruby-2.6.2/bin:/usr/local/bin:/usr/bin:/bin:/usr/sbin:/sbin:/Users/student/.rvm/bin
SHELL=/bin/bash

Signal Handlers:
SIGSEGV: [libjvm.dylib+0x735568], sa_mask[0]=11111111011111110111111111111111, sa_flags=SA_ONSTACK|SA_RESTART|SA_SIGINFO
SIGBUS: [libjvm.dylib+0x735568], sa_mask[0]=11111111011111110111111111111111, sa_flags=SA_RESTART|SA_SIGINFO
SIGFPE: [libjvm.dylib+0x735568], sa_mask[0]=11111111011111110111111111111111, sa_flags=SA_RESTART|SA_SIGINFO
SIGPIPE: [libjvm.dylib+0x5dcfee], sa_mask[0]=11111111011111110111111111111111, sa_flags=SA_RESTART|SA_SIGINFO
SIGXFSZ: [libjvm.dylib+0x5dcfee], sa_mask[0]=11111111011111110111111111111111, sa_flags=SA_RESTART|SA_SIGINFO
SIGILL: [libjvm.dylib+0x735568], sa_mask[0]=11111111011111110111111111111111, sa_flags=SA_RESTART|SA_SIGINFO
SIGUSR2: [libjvm.dylib+0x5dd5d3], sa_mask[0]=00100000000000000000000000000000, sa_flags=SA_RESTART|SA_SIGINFO
SIGHUP: [libjvm.dylib+0x5dc293], sa_mask[0]=11111111011111110111111111111111, sa_flags=SA_RESTART|SA_SIGINFO
SIGINT: [libjvm.dylib+0x5dc293], sa_mask[0]=11111111011111110111111111111111, sa_flags=SA_RESTART|SA_SIGINFO
SIGTERM: [libjvm.dylib+0x5dc293], sa_mask[0]=11111111011111110111111111111111, sa_flags=SA_RESTART|SA_SIGINFO
SIGQUIT: [libjvm.dylib+0x5dc293], sa_mask[0]=11111111011111110111111111111111, sa_flags=SA_RESTART|SA_SIGINFO


---------------  S Y S T E M  ---------------

OS:uname:Darwin 18.2.0 Darwin Kernel Version 18.2.0: Thu Dec 20 20:46:53 PST 2018; root:xnu-4903.241.1~1/RELEASE_X86_64 x86_64
rlimit: STACK 8192k, CORE 0k, NPROC 709, NOFILE 10240, AS infinity, DATA infinity, FSIZE infinity
load average:1.87 1.87 1.86

CPU:total 4 (initial active 4) (2 cores per cpu, 2 threads per core) family 6 model 142 stepping 9, cmov, cx8, fxsr, mmx, sse, sse2, sse3, ssse3, sse4.1, sse4.2, popcnt, avx, avx2, aes, clmul, erms, rtm, 3dnowpref, lzcnt, ht, tsc, tscinvbit, bmi1, bmi2, adx, fma

Memory: 4k page, physical 8388608k(102016k free)

vm_info: OpenJDK 64-Bit Server VM (12.0.2+10) for bsd-amd64 JRE (12.0.2+10), built on Jul 16 2019 01:04:04 by "mach5one" with gcc 4.2.1 Compatible Apple LLVM 9.1.0 (clang-902.0.39.2)

END.
