#
# A fatal error has been detected by the Java Runtime Environment:
#
#  SIGSEGV (0xb) at pc=0x0000000119615c8e, pid=23450, tid=6915
#
# JRE version: OpenJDK Runtime Environment (12.0.2+10) (build 12.0.2+10)
# Java VM: OpenJDK 64-Bit Server VM (12.0.2+10, mixed mode, sharing, tiered, compressed oops, g1 gc, bsd-amd64)
# Problematic frame:
# J 1252 c1 java.lang.invoke.Invokers$Holder.linkToTargetMethod(Ljava/lang/Object;Ljava/lang/Object;)Ljava/lang/Object; java.base@12.0.2 (9 bytes) @ 0x0000000119615c8e [0x0000000119615c60+0x000000000000002e]
#
# No core dump will be written. Core dumps have been disabled. To enable core dumping, try "ulimit -c unlimited" before starting Java again
#
# If you would like to submit a bug report, please visit:
#   http://bugreport.java.com/bugreport/crash.jsp
#

---------------  S U M M A R Y ------------

Command Line: -ea -Didea.test.cyclic.buffer.size=1048576 -javaagent:/Applications/IntelliJ IDEA CE.app/Contents/lib/idea_rt.jar=61925:/Applications/IntelliJ IDEA CE.app/Contents/bin -Dfile.encoding=UTF-8 com.intellij.rt.execution.junit.JUnitStarter -ideVersion5 -junit4 dao.Sql2oUserDAOTest,userCanAddItemToFavorites

Host: MacBookPro14,1 x86_64 2300 MHz, 4 cores, 8G, Darwin 18.2.0
Time: Tue Oct  8 20:11:35 2019 BST elapsed time: 6 seconds (0d 0h 0m 6s)

---------------  T H R E A D  ---------------

Current thread (0x00007fa484805000):  JavaThread "main" [_thread_in_Java, id=6915, stack(0x00007000080fb000,0x00007000081fb000)]

Stack: [0x00007000080fb000,0x00007000081fb000],  sp=0x00007000081f99f0,  free space=1018k
Native frames: (J=compiled Java code, A=aot compiled Java code, j=interpreted, Vv=VM code, C=native code)
J 1252 c1 java.lang.invoke.Invokers$Holder.linkToTargetMethod(Ljava/lang/Object;Ljava/lang/Object;)Ljava/lang/Object; java.base@12.0.2 (9 bytes) @ 0x0000000119615c8e [0x0000000119615c60+0x000000000000002e]
j  dao.Sql2oUserDAOTest.userCanAddItemToFavorites()V+94
v  ~StubRoutines::call_stub
V  [libjvm.dylib+0x392795]  JavaCalls::call_helper(JavaValue*, methodHandle const&, JavaCallArguments*, Thread*)+0x285
V  [libjvm.dylib+0x63862d]  invoke(InstanceKlass*, methodHandle const&, Handle, bool, objArrayHandle, BasicType, objArrayHandle, bool, Thread*)+0x4e6
V  [libjvm.dylib+0x6380fd]  Reflection::invoke_method(oopDesc*, Handle, objArrayHandle, Thread*)+0xf5
V  [libjvm.dylib+0x413f2d]  JVM_InvokeMethod+0x217
j  jdk.internal.reflect.NativeMethodAccessorImpl.invoke0(Ljava/lang/reflect/Method;Ljava/lang/Object;[Ljava/lang/Object;)Ljava/lang/Object;+0 java.base@12.0.2
j  jdk.internal.reflect.NativeMethodAccessorImpl.invoke(Ljava/lang/Object;[Ljava/lang/Object;)Ljava/lang/Object;+100 java.base@12.0.2
j  jdk.internal.reflect.DelegatingMethodAccessorImpl.invoke(Ljava/lang/Object;[Ljava/lang/Object;)Ljava/lang/Object;+6 java.base@12.0.2
j  java.lang.reflect.Method.invoke(Ljava/lang/Object;[Ljava/lang/Object;)Ljava/lang/Object;+59 java.base@12.0.2
j  org.junit.runners.model.FrameworkMethod$1.runReflectiveCall()Ljava/lang/Object;+15
j  org.junit.internal.runners.model.ReflectiveCallable.run()Ljava/lang/Object;+1
j  org.junit.runners.model.FrameworkMethod.invokeExplosively(Ljava/lang/Object;[Ljava/lang/Object;)Ljava/lang/Object;+10
j  org.junit.internal.runners.statements.InvokeMethod.evaluate()V+12
j  org.junit.internal.runners.statements.RunBefores.evaluate()V+49
j  org.junit.internal.runners.statements.RunAfters.evaluate()V+12
j  org.junit.runners.ParentRunner.runLeaf(Lorg/junit/runners/model/Statement;Lorg/junit/runner/Description;Lorg/junit/runner/notification/RunNotifier;)V+17
j  org.junit.runners.BlockJUnit4ClassRunner.runChild(Lorg/junit/runners/model/FrameworkMethod;Lorg/junit/runner/notification/RunNotifier;)V+30
j  org.junit.runners.BlockJUnit4ClassRunner.runChild(Ljava/lang/Object;Lorg/junit/runner/notification/RunNotifier;)V+6
j  org.junit.runners.ParentRunner$3.run()V+12
j  org.junit.runners.ParentRunner$1.schedule(Ljava/lang/Runnable;)V+1
j  org.junit.runners.ParentRunner.runChildren(Lorg/junit/runner/notification/RunNotifier;)V+44
j  org.junit.runners.ParentRunner.access$000(Lorg/junit/runners/ParentRunner;Lorg/junit/runner/notification/RunNotifier;)V+2
j  org.junit.runners.ParentRunner$2.evaluate()V+8
j  org.junit.runners.ParentRunner.run(Lorg/junit/runner/notification/RunNotifier;)V+20
j  org.junit.runner.JUnitCore.run(Lorg/junit/runner/Runner;)Lorg/junit/runner/Result;+37
j  com.intellij.junit4.JUnit4IdeaTestRunner.startRunnerWithArgs([Ljava/lang/String;Ljava/lang/String;IZ)I+146
j  com.intellij.rt.execution.junit.IdeaTestRunner$Repeater.startRunnerWithArgs(Lcom/intellij/rt/execution/junit/IdeaTestRunner;[Ljava/lang/String;Ljava/util/ArrayList;Ljava/lang/String;IZ)I+22
j  com.intellij.rt.execution.junit.JUnitStarter.prepareStreamsAndStart([Ljava/lang/String;Ljava/lang/String;Ljava/util/ArrayList;Ljava/lang/String;)I+116
j  com.intellij.rt.execution.junit.JUnitStarter.main([Ljava/lang/String;)V+116
v  ~StubRoutines::call_stub
V  [libjvm.dylib+0x392795]  JavaCalls::call_helper(JavaValue*, methodHandle const&, JavaCallArguments*, Thread*)+0x285
V  [libjvm.dylib+0x3d2061]  jni_invoke_static(JNIEnv_*, JavaValue*, _jobject*, JNICallType, _jmethodID*, JNI_ArgumentPusher*, Thread*)+0x11c
V  [libjvm.dylib+0x3d578c]  jni_CallStaticVoidMethod+0x1c9
C  [libjli.dylib+0x4898]  JavaMain+0xab4
C  [libsystem_pthread.dylib+0x3305]  _pthread_body+0x7e
C  [libsystem_pthread.dylib+0x626f]  _pthread_start+0x46
C  [libsystem_pthread.dylib+0x2415]  thread_start+0xd


siginfo: si_signo: 11 (SIGSEGV), si_code: 1 (SEGV_MAPERR), si_addr: 0x0000000000000010

Register to memory mapping:

RAX={method} {0x00000008001ed578} 'linkToTargetMethod' '(Ljava/lang/Object;Ljava/lang/Object;)Ljava/lang/Object;' in 'java/lang/invoke/Invokers$Holder'
RBX=0x0000000000000008 is an unknown value
RCX=0x000000010f810040 is pointing into metadata
RDX=0x00000007865ccf90 is an oop: java.lang.invoke.BoundMethodHandle$Species_LLLLLJL 
{0x00000007865ccf90} - klass: 'java/lang/invoke/BoundMethodHandle$Species_LLLLLJL'
RSP=0x00007000081f99f0 is pointing into the stack for thread: 0x00007fa484805000
RBP=0x00007000081f9aa0 is pointing into the stack for thread: 0x00007fa484805000
RSI=0x0000000000000008 is an unknown value
RDI=0x000000010fba2690 is pointing into metadata
R8 =0x00000000000489cb is an unknown value
R9 =0xffffffff00000000 is an unknown value
R10=0x000000010d9783a0: _ZN19TemplateInterpreter27_invokedynamic_return_entryE+0 in /Library/Java/JavaVirtualMachines/openjdk-12.0.2.jdk/Contents/Home/lib/server/libjvm.dylib at 0x000000010d000000
R11=0x0000000119615c60 is at entry_point+0 in (nmethod*)0x0000000119615a90
R12=0x0 is NULL
R13=0x00007000081f9a40 is pointing into the stack for thread: 0x00007fa484805000
R14=0x00007000081f9ad8 is pointing into the stack for thread: 0x00007fa484805000
R15=0x00007fa484805000 is a thread


Registers:
RAX=0x00000008001ed578, RBX=0x0000000000000008, RCX=0x000000010f810040, RDX=0x00000007865ccf90
RSP=0x00007000081f99f0, RBP=0x00007000081f9aa0, RSI=0x0000000000000008, RDI=0x000000010fba2690
R8 =0x00000000000489cb, R9 =0xffffffff00000000, R10=0x000000010d9783a0, R11=0x0000000119615c60
R12=0x0000000000000000, R13=0x00007000081f9a40, R14=0x00007000081f9ad8, R15=0x00007fa484805000
RIP=0x0000000119615c8e, EFLAGS=0x0000000000010202, ERR=0x0000000000000004
  TRAPNO=0x000000000000000e

Top of Stack: (sp=0x00007000081f99f0)
0x00007000081f99f0:   00007000081f9b68 00007fa483e03410
0x00007000081f9a00:   00007000081f9a30 000000010d38df64
0x00007000081f9a10:   0000000000000000 00007fa484805000
0x00007000081f9a20:   00007000081f9aa0 0000000118e4abcc
0x00007000081f9a30:   00007000081f9aa0 0000000118e4abcc
0x00007000081f9a40:   00000007865ccf90 0000000000000008
0x00007000081f9a50:   000000078704b558 00007000081f9a58
0x00007000081f9a60:   000000010f80cf0e 00007000081f9ad8
0x00007000081f9a70:   000000010f810040 0000000000000000
0x00007000081f9a80:   000000078703ca98 000000010f80cf88
0x00007000081f9a90:   00007000081f9a40 00007000081f9ad8
0x00007000081f9aa0:   00007000081f9b40 0000000118e41849
0x00007000081f9ab0:   0000000000000008 0000000000000000
0x00007000081f9ac0:   00000000000003f7 00000007865cc0f8
0x00007000081f9ad0:   0000000786567da0 0000000787105690
0x00007000081f9ae0:   0000700000001fa0 00007000081f9d40
0x00007000081f9af0:   00007000081f9c70 000000010f80cf88
0x00007000081f9b00:   00007fa484805000 0000000000000001
0x00007000081f9b10:   00007000081f9ba0 00007000081f9c78
0x00007000081f9b20:   000070000000000a 000000010f80cf88
0x00007000081f9b30:   0000000118e4f540 00007000081f9d48
0x00007000081f9b40:   00007000081f9c30 000000010d392795
0x00007000081f9b50:   0000000000000001 00007fa484805000
0x00007000081f9b60:   00007fa484805000 00007fa484805000
0x00007000081f9b70:   00007fa483e03410 00007fa483e03450
0x00007000081f9b80:   00007fa483e03480 00007fa483e03538
0x00007000081f9b90:   00000000000000d8 00007000081faad8
0x00007000081f9ba0:   00007fa484805000 00007fa483d34310
0x00007000081f9bb0:   000000010f80cf88 0000000787105690
0x00007000081f9bc0:   00007000081f9ec0 0000000118e50961
0x00007000081f9bd0:   00007000081f9f20 00007000081f9c70
0x00007000081f9be0:   0000000118e417bf 0000000118e4f540 

Instructions: (pc=0x0000000119615c8e)
0x0000000119615b8e:   00 00 60 5c 61 19 01 00 00 00 60 5c 61 19 01 00
0x0000000119615b9e:   00 00 60 5c 61 19 01 00 00 00 a4 05 00 00 46 05
0x0000000119615bae:   00 00 d0 01 00 00 90 05 00 00 48 06 00 00 48 06
0x0000000119615bbe:   00 00 00 00 00 00 70 06 00 00 d0 06 00 00 d8 06
0x0000000119615bce:   00 00 d8 06 00 00 e8 06 00 00 20 00 00 00 e4 04
0x0000000119615bde:   00 00 03 00 00 00 00 00 00 00 02 00 00 00 00 00
0x0000000119615bee:   00 00 00 00 00 00 00 00 00 00 e0 01 00 00 02 00
0x0000000119615bfe:   00 00 ff ff ff ff ff ff ff ff 0c c0 e6 c0 2e c0
0x0000000119615c0e:   16 c0 2b c0 9a c0 22 c0 82 c0 18 34 05 c0 84 b0
0x0000000119615c1e:   04 c0 17 64 0e 64 05 64 36 64 1c 00 01 f8 49 fd
0x0000000119615c2e:   05 50 00 c0 0a 64 05 64 03 f8 7b 0d b2 ea 01 00
0x0000000119615c3e:   5b 70 60 f0 0a 80 11 64 01 f8 c2 fd 06 90 0c 64
0x0000000119615c4e:   01 f8 7e fd 05 90 0c 64 00 00 00 00 00 00 00 00
0x0000000119615c5e:   00 00 89 84 24 00 c0 fe ff 55 48 83 ec 30 48 bf
0x0000000119615c6e:   60 24 ba 0f 01 00 00 00 48 8d bf 30 02 00 00 48
0x0000000119615c7e:   8b de 48 85 db 75 09 48 81 0f 01 00 00 00 eb 56
0x0000000119615c8e:   8b 5b 08 48 c1 e3 03 49 bc 00 00 00 00 08 00 00
0x0000000119615c9e:   00 49 03 dc 4d 33 e4 48 33 1f 48 f7 c3 fc ff ff
0x0000000119615cae:   ff 74 33 48 f7 c3 02 00 00 00 75 2a 48 81 3f 00
0x0000000119615cbe:   00 00 00 74 1e 48 81 3f 01 00 00 00 74 15 48 33
0x0000000119615cce:   1f 48 f7 c3 fc ff ff ff 74 0c 48 81 0f 02 00 00
0x0000000119615cde:   00 eb 03 48 89 1f 48 8b da 48 85 db 75 0a 48 81
0x0000000119615cee:   4f 10 01 00 00 00 eb 5c 8b 5b 08 48 c1 e3 03 49
0x0000000119615cfe:   bc 00 00 00 00 08 00 00 00 49 03 dc 4d 33 e4 48
0x0000000119615d0e:   33 5f 10 48 f7 c3 fc ff ff ff 74 38 48 f7 c3 02
0x0000000119615d1e:   00 00 00 75 2f 48 81 7f 10 00 00 00 00 74 21 48
0x0000000119615d2e:   81 7f 10 01 00 00 00 74 17 48 33 5f 10 48 f7 c3
0x0000000119615d3e:   fc ff ff ff 74 0e 48 81 4f 10 02 00 00 00 eb 04
0x0000000119615d4e:   48 89 5f 10 48 bf 60 24 ba 0f 01 00 00 00 8b 9f
0x0000000119615d5e:   04 01 00 00 83 c3 08 89 9f 04 01 00 00 81 e3 f8
0x0000000119615d6e:   1f 00 00 83 fb 00 0f 84 2a 02 00 00 48 83 fa 00
0x0000000119615d7e:   75 16 48 b8 60 24 ba 0f 01 00 00 00 80 88 39 01 


Stack slot to memory mapping:
stack at sp + 0 slots: 0x00007000081f9b68 is pointing into the stack for thread: 0x00007fa484805000
stack at sp + 1 slots: 0x00007fa483e03410 points into unknown readable memory: 02 00 00 00 00 00 00 e0
stack at sp + 2 slots: 0x00007000081f9a30 is pointing into the stack for thread: 0x00007fa484805000
stack at sp + 3 slots: 0x000000010d38df64: _ZN18InterpreterRuntime18resolve_from_cacheEP10JavaThreadN9Bytecodes4CodeE+0xea in /Library/Java/JavaVirtualMachines/openjdk-12.0.2.jdk/Contents/Home/lib/server/libjvm.dylib at 0x000000010d000000
stack at sp + 4 slots: 0x0 is NULL
stack at sp + 5 slots: 0x00007fa484805000 is a thread
stack at sp + 6 slots: 0x00007000081f9aa0 is pointing into the stack for thread: 0x00007fa484805000
stack at sp + 7 slots: 0x0000000118e4abcc is at code_begin+2124 in an Interpreter codelet
invoke return entry points  [0x0000000118e4a380, 0x0000000118e4ada0]  2592 bytes



---------------  P R O C E S S  ---------------

Threads class SMR info:
_java_thread_list=0x00007fa483e47a60, length=11, elements={
0x00007fa484805000, 0x00007fa485011000, 0x00007fa48586f800, 0x00007fa485871000,
0x00007fa48404a000, 0x00007fa48501b800, 0x00007fa485871800, 0x00007fa48501f000,
0x00007fa485865000, 0x00007fa48592c800, 0x00007fa4840f5000
}

Java Threads: ( => current thread )
=>0x00007fa484805000 JavaThread "main" [_thread_in_Java, id=6915, stack(0x00007000080fb000,0x00007000081fb000)]
  0x00007fa485011000 JavaThread "Reference Handler" daemon [_thread_blocked, id=14595, stack(0x0000700008810000,0x0000700008910000)]
  0x00007fa48586f800 JavaThread "Finalizer" daemon [_thread_blocked, id=15363, stack(0x0000700008913000,0x0000700008a13000)]
  0x00007fa485871000 JavaThread "Signal Dispatcher" daemon [_thread_blocked, id=16899, stack(0x0000700008a16000,0x0000700008b16000)]
  0x00007fa48404a000 JavaThread "C2 CompilerThread0" daemon [_thread_in_native, id=22019, stack(0x0000700008b19000,0x0000700008c19000)]
  0x00007fa48501b800 JavaThread "C1 CompilerThread0" daemon [_thread_blocked, id=22787, stack(0x0000700008c1c000,0x0000700008d1c000)]
  0x00007fa485871800 JavaThread "Sweeper thread" daemon [_thread_blocked, id=23043, stack(0x0000700008d1f000,0x0000700008e1f000)]
  0x00007fa48501f000 JavaThread "Common-Cleaner" daemon [_thread_blocked, id=23555, stack(0x0000700008e22000,0x0000700008f22000)]
  0x00007fa485865000 JavaThread "Monitor Ctrl-Break" daemon [_thread_in_native, id=24067, stack(0x0000700008f25000,0x0000700009025000)]
  0x00007fa48592c800 JavaThread "Service Thread" daemon [_thread_blocked, id=24323, stack(0x0000700009028000,0x0000700009128000)]
  0x00007fa4840f5000 JavaThread "Attach Listener" daemon [_thread_blocked, id=25859, stack(0x0000700009434000,0x0000700009534000)]

Other Threads:
  0x00007fa48480e800 VMThread "VM Thread" [stack: 0x000070000870d000,0x000070000880d000] [id=14339]
  0x00007fa484818000 WatcherThread [stack: 0x000070000912b000,0x000070000922b000] [id=24835]
  0x00007fa484036800 GCTaskThread "GC Thread#0" [stack: 0x00007000081fe000,0x00007000082fe000] [id=21251]
  0x00007fa485035800 GCTaskThread "GC Thread#1" [stack: 0x000070000922e000,0x000070000932e000] [id=25091]
  0x00007fa4850b7000 GCTaskThread "GC Thread#2" [stack: 0x0000700009331000,0x0000700009431000] [id=41475]
  0x00007fa484044000 ConcurrentGCThread "G1 Main Marker" [stack: 0x0000700008301000,0x0000700008401000] [id=20739]
  0x00007fa485802000 ConcurrentGCThread "G1 Conc#0" [stack: 0x0000700008404000,0x0000700008504000] [id=13059]
  0x00007fa485852800 ConcurrentGCThread "G1 Refine#0" [stack: 0x0000700008507000,0x0000700008607000] [id=19971]
  0x00007fa485853800 ConcurrentGCThread "G1 Young RemSet Sampling" [stack: 0x000070000860a000,0x000070000870a000] [id=13571]

Threads with active compile tasks:
C2 CompilerThread0  1305       4       java.util.HashMap::put (13 bytes)

VM state:not at safepoint (normal execution)

VM Mutex/Monitor currently owned by a thread: None

Heap address: 0x0000000780000000, size: 2048 MB, Compressed Oops mode: Zero based, Oop shift amount: 3
Narrow klass base: 0x0000000800000000, Narrow klass shift: 3
Compressed class space size: 1073741824 Address: 0x00000008010fe000

Heap:
 garbage-first heap   total 133120K, used 27166K [0x0000000780000000, 0x0000000800000000)
  region size 1024K, 27 young (27648K), 2 survivors (2048K)
 Metaspace       used 10200K, capacity 10529K, committed 10880K, reserved 1058816K
  class space    used 1231K, capacity 1357K, committed 1408K, reserved 1048576K
Heap Regions: E=young(eden), S=young(survivor), O=old, HS=humongous(starts), HC=humongous(continues), CS=collection set, F=free, A=archive, TAMS=top-at-mark-start (previous, next)
|   0|0x0000000780000000, 0x0000000780000000, 0x0000000780100000|  0%| F|  |TAMS 0x0000000780000000, 0x0000000780000000| Untracked 
|   1|0x0000000780100000, 0x0000000780100000, 0x0000000780200000|  0%| F|  |TAMS 0x0000000780100000, 0x0000000780100000| Untracked 
|   2|0x0000000780200000, 0x0000000780200000, 0x0000000780300000|  0%| F|  |TAMS 0x0000000780200000, 0x0000000780200000| Untracked 
|   3|0x0000000780300000, 0x0000000780300000, 0x0000000780400000|  0%| F|  |TAMS 0x0000000780300000, 0x0000000780300000| Untracked 
|   4|0x0000000780400000, 0x0000000780400000, 0x0000000780500000|  0%| F|  |TAMS 0x0000000780400000, 0x0000000780400000| Untracked 
|   5|0x0000000780500000, 0x0000000780500000, 0x0000000780600000|  0%| F|  |TAMS 0x0000000780500000, 0x0000000780500000| Untracked 
|   6|0x0000000780600000, 0x0000000780600000, 0x0000000780700000|  0%| F|  |TAMS 0x0000000780600000, 0x0000000780600000| Untracked 
|   7|0x0000000780700000, 0x0000000780700000, 0x0000000780800000|  0%| F|  |TAMS 0x0000000780700000, 0x0000000780700000| Untracked 
|   8|0x0000000780800000, 0x0000000780800000, 0x0000000780900000|  0%| F|  |TAMS 0x0000000780800000, 0x0000000780800000| Untracked 
|   9|0x0000000780900000, 0x0000000780900000, 0x0000000780a00000|  0%| F|  |TAMS 0x0000000780900000, 0x0000000780900000| Untracked 
|  10|0x0000000780a00000, 0x0000000780a00000, 0x0000000780b00000|  0%| F|  |TAMS 0x0000000780a00000, 0x0000000780a00000| Untracked 
|  11|0x0000000780b00000, 0x0000000780b00000, 0x0000000780c00000|  0%| F|  |TAMS 0x0000000780b00000, 0x0000000780b00000| Untracked 
|  12|0x0000000780c00000, 0x0000000780c00000, 0x0000000780d00000|  0%| F|  |TAMS 0x0000000780c00000, 0x0000000780c00000| Untracked 
|  13|0x0000000780d00000, 0x0000000780d00000, 0x0000000780e00000|  0%| F|  |TAMS 0x0000000780d00000, 0x0000000780d00000| Untracked 
|  14|0x0000000780e00000, 0x0000000780e00000, 0x0000000780f00000|  0%| F|  |TAMS 0x0000000780e00000, 0x0000000780e00000| Untracked 
|  15|0x0000000780f00000, 0x0000000780f00000, 0x0000000781000000|  0%| F|  |TAMS 0x0000000780f00000, 0x0000000780f00000| Untracked 
|  16|0x0000000781000000, 0x0000000781000000, 0x0000000781100000|  0%| F|  |TAMS 0x0000000781000000, 0x0000000781000000| Untracked 
|  17|0x0000000781100000, 0x0000000781100000, 0x0000000781200000|  0%| F|  |TAMS 0x0000000781100000, 0x0000000781100000| Untracked 
|  18|0x0000000781200000, 0x0000000781200000, 0x0000000781300000|  0%| F|  |TAMS 0x0000000781200000, 0x0000000781200000| Untracked 
|  19|0x0000000781300000, 0x0000000781300000, 0x0000000781400000|  0%| F|  |TAMS 0x0000000781300000, 0x0000000781300000| Untracked 
|  20|0x0000000781400000, 0x0000000781400000, 0x0000000781500000|  0%| F|  |TAMS 0x0000000781400000, 0x0000000781400000| Untracked 
|  21|0x0000000781500000, 0x0000000781500000, 0x0000000781600000|  0%| F|  |TAMS 0x0000000781500000, 0x0000000781500000| Untracked 
|  22|0x0000000781600000, 0x0000000781600000, 0x0000000781700000|  0%| F|  |TAMS 0x0000000781600000, 0x0000000781600000| Untracked 
|  23|0x0000000781700000, 0x0000000781700000, 0x0000000781800000|  0%| F|  |TAMS 0x0000000781700000, 0x0000000781700000| Untracked 
|  24|0x0000000781800000, 0x0000000781800000, 0x0000000781900000|  0%| F|  |TAMS 0x0000000781800000, 0x0000000781800000| Untracked 
|  25|0x0000000781900000, 0x0000000781900000, 0x0000000781a00000|  0%| F|  |TAMS 0x0000000781900000, 0x0000000781900000| Untracked 
|  26|0x0000000781a00000, 0x0000000781a00000, 0x0000000781b00000|  0%| F|  |TAMS 0x0000000781a00000, 0x0000000781a00000| Untracked 
|  27|0x0000000781b00000, 0x0000000781b00000, 0x0000000781c00000|  0%| F|  |TAMS 0x0000000781b00000, 0x0000000781b00000| Untracked 
|  28|0x0000000781c00000, 0x0000000781c00000, 0x0000000781d00000|  0%| F|  |TAMS 0x0000000781c00000, 0x0000000781c00000| Untracked 
|  29|0x0000000781d00000, 0x0000000781d00000, 0x0000000781e00000|  0%| F|  |TAMS 0x0000000781d00000, 0x0000000781d00000| Untracked 
|  30|0x0000000781e00000, 0x0000000781e00000, 0x0000000781f00000|  0%| F|  |TAMS 0x0000000781e00000, 0x0000000781e00000| Untracked 
|  31|0x0000000781f00000, 0x0000000781f00000, 0x0000000782000000|  0%| F|  |TAMS 0x0000000781f00000, 0x0000000781f00000| Untracked 
|  32|0x0000000782000000, 0x0000000782000000, 0x0000000782100000|  0%| F|  |TAMS 0x0000000782000000, 0x0000000782000000| Untracked 
|  33|0x0000000782100000, 0x0000000782100000, 0x0000000782200000|  0%| F|  |TAMS 0x0000000782100000, 0x0000000782100000| Untracked 
|  34|0x0000000782200000, 0x0000000782200000, 0x0000000782300000|  0%| F|  |TAMS 0x0000000782200000, 0x0000000782200000| Untracked 
|  35|0x0000000782300000, 0x0000000782300000, 0x0000000782400000|  0%| F|  |TAMS 0x0000000782300000, 0x0000000782300000| Untracked 
|  36|0x0000000782400000, 0x0000000782400000, 0x0000000782500000|  0%| F|  |TAMS 0x0000000782400000, 0x0000000782400000| Untracked 
|  37|0x0000000782500000, 0x0000000782500000, 0x0000000782600000|  0%| F|  |TAMS 0x0000000782500000, 0x0000000782500000| Untracked 
|  38|0x0000000782600000, 0x0000000782600000, 0x0000000782700000|  0%| F|  |TAMS 0x0000000782600000, 0x0000000782600000| Untracked 
|  39|0x0000000782700000, 0x0000000782700000, 0x0000000782800000|  0%| F|  |TAMS 0x0000000782700000, 0x0000000782700000| Untracked 
|  40|0x0000000782800000, 0x0000000782800000, 0x0000000782900000|  0%| F|  |TAMS 0x0000000782800000, 0x0000000782800000| Untracked 
|  41|0x0000000782900000, 0x0000000782900000, 0x0000000782a00000|  0%| F|  |TAMS 0x0000000782900000, 0x0000000782900000| Untracked 
|  42|0x0000000782a00000, 0x0000000782a00000, 0x0000000782b00000|  0%| F|  |TAMS 0x0000000782a00000, 0x0000000782a00000| Untracked 
|  43|0x0000000782b00000, 0x0000000782b00000, 0x0000000782c00000|  0%| F|  |TAMS 0x0000000782b00000, 0x0000000782b00000| Untracked 
|  44|0x0000000782c00000, 0x0000000782c00000, 0x0000000782d00000|  0%| F|  |TAMS 0x0000000782c00000, 0x0000000782c00000| Untracked 
|  45|0x0000000782d00000, 0x0000000782d00000, 0x0000000782e00000|  0%| F|  |TAMS 0x0000000782d00000, 0x0000000782d00000| Untracked 
|  46|0x0000000782e00000, 0x0000000782e00000, 0x0000000782f00000|  0%| F|  |TAMS 0x0000000782e00000, 0x0000000782e00000| Untracked 
|  47|0x0000000782f00000, 0x0000000782f00000, 0x0000000783000000|  0%| F|  |TAMS 0x0000000782f00000, 0x0000000782f00000| Untracked 
|  48|0x0000000783000000, 0x0000000783000000, 0x0000000783100000|  0%| F|  |TAMS 0x0000000783000000, 0x0000000783000000| Untracked 
|  49|0x0000000783100000, 0x0000000783100000, 0x0000000783200000|  0%| F|  |TAMS 0x0000000783100000, 0x0000000783100000| Untracked 
|  50|0x0000000783200000, 0x0000000783200000, 0x0000000783300000|  0%| F|  |TAMS 0x0000000783200000, 0x0000000783200000| Untracked 
|  51|0x0000000783300000, 0x0000000783300000, 0x0000000783400000|  0%| F|  |TAMS 0x0000000783300000, 0x0000000783300000| Untracked 
|  52|0x0000000783400000, 0x0000000783400000, 0x0000000783500000|  0%| F|  |TAMS 0x0000000783400000, 0x0000000783400000| Untracked 
|  53|0x0000000783500000, 0x0000000783500000, 0x0000000783600000|  0%| F|  |TAMS 0x0000000783500000, 0x0000000783500000| Untracked 
|  54|0x0000000783600000, 0x0000000783600000, 0x0000000783700000|  0%| F|  |TAMS 0x0000000783600000, 0x0000000783600000| Untracked 
|  55|0x0000000783700000, 0x0000000783700000, 0x0000000783800000|  0%| F|  |TAMS 0x0000000783700000, 0x0000000783700000| Untracked 
|  56|0x0000000783800000, 0x0000000783800000, 0x0000000783900000|  0%| F|  |TAMS 0x0000000783800000, 0x0000000783800000| Untracked 
|  57|0x0000000783900000, 0x0000000783900000, 0x0000000783a00000|  0%| F|  |TAMS 0x0000000783900000, 0x0000000783900000| Untracked 
|  58|0x0000000783a00000, 0x0000000783a00000, 0x0000000783b00000|  0%| F|  |TAMS 0x0000000783a00000, 0x0000000783a00000| Untracked 
|  59|0x0000000783b00000, 0x0000000783b00000, 0x0000000783c00000|  0%| F|  |TAMS 0x0000000783b00000, 0x0000000783b00000| Untracked 
|  60|0x0000000783c00000, 0x0000000783c00000, 0x0000000783d00000|  0%| F|  |TAMS 0x0000000783c00000, 0x0000000783c00000| Untracked 
|  61|0x0000000783d00000, 0x0000000783d00000, 0x0000000783e00000|  0%| F|  |TAMS 0x0000000783d00000, 0x0000000783d00000| Untracked 
|  62|0x0000000783e00000, 0x0000000783e00000, 0x0000000783f00000|  0%| F|  |TAMS 0x0000000783e00000, 0x0000000783e00000| Untracked 
|  63|0x0000000783f00000, 0x0000000783f00000, 0x0000000784000000|  0%| F|  |TAMS 0x0000000783f00000, 0x0000000783f00000| Untracked 
|  64|0x0000000784000000, 0x0000000784000000, 0x0000000784100000|  0%| F|  |TAMS 0x0000000784000000, 0x0000000784000000| Untracked 
|  65|0x0000000784100000, 0x0000000784100000, 0x0000000784200000|  0%| F|  |TAMS 0x0000000784100000, 0x0000000784100000| Untracked 
|  66|0x0000000784200000, 0x0000000784200000, 0x0000000784300000|  0%| F|  |TAMS 0x0000000784200000, 0x0000000784200000| Untracked 
|  67|0x0000000784300000, 0x0000000784300000, 0x0000000784400000|  0%| F|  |TAMS 0x0000000784300000, 0x0000000784300000| Untracked 
|  68|0x0000000784400000, 0x0000000784400000, 0x0000000784500000|  0%| F|  |TAMS 0x0000000784400000, 0x0000000784400000| Untracked 
|  69|0x0000000784500000, 0x0000000784500000, 0x0000000784600000|  0%| F|  |TAMS 0x0000000784500000, 0x0000000784500000| Untracked 
|  70|0x0000000784600000, 0x0000000784600000, 0x0000000784700000|  0%| F|  |TAMS 0x0000000784600000, 0x0000000784600000| Untracked 
|  71|0x0000000784700000, 0x0000000784700000, 0x0000000784800000|  0%| F|  |TAMS 0x0000000784700000, 0x0000000784700000| Untracked 
|  72|0x0000000784800000, 0x0000000784800000, 0x0000000784900000|  0%| F|  |TAMS 0x0000000784800000, 0x0000000784800000| Untracked 
|  73|0x0000000784900000, 0x0000000784900000, 0x0000000784a00000|  0%| F|  |TAMS 0x0000000784900000, 0x0000000784900000| Untracked 
|  74|0x0000000784a00000, 0x0000000784a00000, 0x0000000784b00000|  0%| F|  |TAMS 0x0000000784a00000, 0x0000000784a00000| Untracked 
|  75|0x0000000784b00000, 0x0000000784b00000, 0x0000000784c00000|  0%| F|  |TAMS 0x0000000784b00000, 0x0000000784b00000| Untracked 
|  76|0x0000000784c00000, 0x0000000784c00000, 0x0000000784d00000|  0%| F|  |TAMS 0x0000000784c00000, 0x0000000784c00000| Untracked 
|  77|0x0000000784d00000, 0x0000000784d00000, 0x0000000784e00000|  0%| F|  |TAMS 0x0000000784d00000, 0x0000000784d00000| Untracked 
|  78|0x0000000784e00000, 0x0000000784e00000, 0x0000000784f00000|  0%| F|  |TAMS 0x0000000784e00000, 0x0000000784e00000| Untracked 
|  79|0x0000000784f00000, 0x0000000784f00000, 0x0000000785000000|  0%| F|  |TAMS 0x0000000784f00000, 0x0000000784f00000| Untracked 
|  80|0x0000000785000000, 0x0000000785000000, 0x0000000785100000|  0%| F|  |TAMS 0x0000000785000000, 0x0000000785000000| Untracked 
|  81|0x0000000785100000, 0x0000000785100000, 0x0000000785200000|  0%| F|  |TAMS 0x0000000785100000, 0x0000000785100000| Untracked 
|  82|0x0000000785200000, 0x0000000785200000, 0x0000000785300000|  0%| F|  |TAMS 0x0000000785200000, 0x0000000785200000| Untracked 
|  83|0x0000000785300000, 0x0000000785300000, 0x0000000785400000|  0%| F|  |TAMS 0x0000000785300000, 0x0000000785300000| Untracked 
|  84|0x0000000785400000, 0x0000000785400000, 0x0000000785500000|  0%| F|  |TAMS 0x0000000785400000, 0x0000000785400000| Untracked 
|  85|0x0000000785500000, 0x0000000785500000, 0x0000000785600000|  0%| F|  |TAMS 0x0000000785500000, 0x0000000785500000| Untracked 
|  86|0x0000000785600000, 0x0000000785600000, 0x0000000785700000|  0%| F|  |TAMS 0x0000000785600000, 0x0000000785600000| Untracked 
|  87|0x0000000785700000, 0x0000000785700000, 0x0000000785800000|  0%| F|  |TAMS 0x0000000785700000, 0x0000000785700000| Untracked 
|  88|0x0000000785800000, 0x0000000785800000, 0x0000000785900000|  0%| F|  |TAMS 0x0000000785800000, 0x0000000785800000| Untracked 
|  89|0x0000000785900000, 0x0000000785900000, 0x0000000785a00000|  0%| F|  |TAMS 0x0000000785900000, 0x0000000785900000| Untracked 
|  90|0x0000000785a00000, 0x0000000785a00000, 0x0000000785b00000|  0%| F|  |TAMS 0x0000000785a00000, 0x0000000785a00000| Untracked 
|  91|0x0000000785b00000, 0x0000000785b00000, 0x0000000785c00000|  0%| F|  |TAMS 0x0000000785b00000, 0x0000000785b00000| Untracked 
|  92|0x0000000785c00000, 0x0000000785c00000, 0x0000000785d00000|  0%| F|  |TAMS 0x0000000785c00000, 0x0000000785c00000| Untracked 
|  93|0x0000000785d00000, 0x0000000785d00000, 0x0000000785e00000|  0%| F|  |TAMS 0x0000000785d00000, 0x0000000785d00000| Untracked 
|  94|0x0000000785e00000, 0x0000000785e00000, 0x0000000785f00000|  0%| F|  |TAMS 0x0000000785e00000, 0x0000000785e00000| Untracked 
|  95|0x0000000785f00000, 0x0000000785f00000, 0x0000000786000000|  0%| F|  |TAMS 0x0000000785f00000, 0x0000000785f00000| Untracked 
|  96|0x0000000786000000, 0x0000000786000000, 0x0000000786100000|  0%| F|  |TAMS 0x0000000786000000, 0x0000000786000000| Untracked 
|  97|0x0000000786100000, 0x0000000786100000, 0x0000000786200000|  0%| F|  |TAMS 0x0000000786100000, 0x0000000786100000| Untracked 
|  98|0x0000000786200000, 0x0000000786200000, 0x0000000786300000|  0%| F|  |TAMS 0x0000000786200000, 0x0000000786200000| Untracked 
|  99|0x0000000786300000, 0x0000000786300000, 0x0000000786400000|  0%| F|  |TAMS 0x0000000786300000, 0x0000000786300000| Untracked 
| 100|0x0000000786400000, 0x0000000786400000, 0x0000000786500000|  0%| F|  |TAMS 0x0000000786400000, 0x0000000786400000| Untracked 
| 101|0x0000000786500000, 0x0000000786600000, 0x0000000786600000|100%| E|  |TAMS 0x0000000786500000, 0x0000000786500000| Complete 
| 102|0x0000000786600000, 0x0000000786700000, 0x0000000786700000|100%| E|CS|TAMS 0x0000000786600000, 0x0000000786600000| Complete 
| 103|0x0000000786700000, 0x0000000786800000, 0x0000000786800000|100%| E|CS|TAMS 0x0000000786700000, 0x0000000786700000| Complete 
| 104|0x0000000786800000, 0x0000000786900000, 0x0000000786900000|100%| E|CS|TAMS 0x0000000786800000, 0x0000000786800000| Complete 
| 105|0x0000000786900000, 0x0000000786a00000, 0x0000000786a00000|100%| E|CS|TAMS 0x0000000786900000, 0x0000000786900000| Complete 
| 106|0x0000000786a00000, 0x0000000786b00000, 0x0000000786b00000|100%| E|CS|TAMS 0x0000000786a00000, 0x0000000786a00000| Complete 
| 107|0x0000000786b00000, 0x0000000786c00000, 0x0000000786c00000|100%| E|CS|TAMS 0x0000000786b00000, 0x0000000786b00000| Complete 
| 108|0x0000000786c00000, 0x0000000786d00000, 0x0000000786d00000|100%| E|CS|TAMS 0x0000000786c00000, 0x0000000786c00000| Complete 
| 109|0x0000000786d00000, 0x0000000786e00000, 0x0000000786e00000|100%| E|CS|TAMS 0x0000000786d00000, 0x0000000786d00000| Complete 
| 110|0x0000000786e00000, 0x0000000786f00000, 0x0000000786f00000|100%| E|CS|TAMS 0x0000000786e00000, 0x0000000786e00000| Complete 
| 111|0x0000000786f00000, 0x0000000787000000, 0x0000000787000000|100%| E|CS|TAMS 0x0000000786f00000, 0x0000000786f00000| Complete 
| 112|0x0000000787000000, 0x00000007870cfa48, 0x0000000787100000| 81%| S|CS|TAMS 0x0000000787000000, 0x0000000787000000| Complete 
| 113|0x0000000787100000, 0x0000000787200000, 0x0000000787200000|100%| S|CS|TAMS 0x0000000787100000, 0x0000000787100000| Complete 
| 114|0x0000000787200000, 0x0000000787300000, 0x0000000787300000|100%| E|CS|TAMS 0x0000000787200000, 0x0000000787200000| Complete 
| 115|0x0000000787300000, 0x0000000787400000, 0x0000000787400000|100%| E|CS|TAMS 0x0000000787300000, 0x0000000787300000| Complete 
| 116|0x0000000787400000, 0x0000000787500000, 0x0000000787500000|100%| E|CS|TAMS 0x0000000787400000, 0x0000000787400000| Complete 
| 117|0x0000000787500000, 0x0000000787600000, 0x0000000787600000|100%| E|CS|TAMS 0x0000000787500000, 0x0000000787500000| Complete 
| 118|0x0000000787600000, 0x0000000787700000, 0x0000000787700000|100%| E|CS|TAMS 0x0000000787600000, 0x0000000787600000| Complete 
| 119|0x0000000787700000, 0x0000000787800000, 0x0000000787800000|100%| E|CS|TAMS 0x0000000787700000, 0x0000000787700000| Complete 
| 120|0x0000000787800000, 0x0000000787900000, 0x0000000787900000|100%| E|CS|TAMS 0x0000000787800000, 0x0000000787800000| Complete 
| 121|0x0000000787900000, 0x0000000787a00000, 0x0000000787a00000|100%| E|CS|TAMS 0x0000000787900000, 0x0000000787900000| Complete 
| 122|0x0000000787a00000, 0x0000000787b00000, 0x0000000787b00000|100%| E|CS|TAMS 0x0000000787a00000, 0x0000000787a00000| Complete 
| 123|0x0000000787b00000, 0x0000000787c00000, 0x0000000787c00000|100%| E|CS|TAMS 0x0000000787b00000, 0x0000000787b00000| Complete 
| 124|0x0000000787c00000, 0x0000000787d00000, 0x0000000787d00000|100%| E|CS|TAMS 0x0000000787c00000, 0x0000000787c00000| Complete 
| 125|0x0000000787d00000, 0x0000000787e00000, 0x0000000787e00000|100%| E|CS|TAMS 0x0000000787d00000, 0x0000000787d00000| Complete 
| 126|0x0000000787e00000, 0x0000000787f00000, 0x0000000787f00000|100%| E|CS|TAMS 0x0000000787e00000, 0x0000000787e00000| Complete 
| 127|0x0000000787f00000, 0x0000000788000000, 0x0000000788000000|100%| E|CS|TAMS 0x0000000787f00000, 0x0000000787f00000| Complete 
|1022|0x00000007bfe00000, 0x00000007bfe48000, 0x00000007bff00000| 28%|OA|  |TAMS 0x00000007bfe00000, 0x00000007bfe00000| Untracked 
|1023|0x00000007bff00000, 0x00000007bff70000, 0x00000007c0000000| 43%|CA|  |TAMS 0x00000007bff00000, 0x00000007bff00000| Untracked 

Card table byte_map: [0x000000010e773000,0x000000010eb73000] _byte_map_base: 0x000000010ab73000

Marking Bits (Prev, Next): (CMBitMap*) 0x00007fa484037418, (CMBitMap*) 0x00007fa484037458
 Prev Bits: [0x0000000127e41000, 0x0000000129e41000)
 Next Bits: [0x0000000129e41000, 0x000000012be41000)

Polling page: 0x000000010c787000

Metaspace:

Usage:
  Non-class:      8.96 MB capacity,     8.76 MB ( 98%) used,   180.55 KB (  2%) free+waste,    22.75 KB ( <1%) overhead. 
      Class:      1.33 MB capacity,     1.20 MB ( 91%) used,   113.45 KB (  8%) free+waste,    11.69 KB ( <1%) overhead. 
       Both:     10.28 MB capacity,     9.96 MB ( 97%) used,   293.99 KB (  3%) free+waste,    34.44 KB ( <1%) overhead. 

Virtual space:
  Non-class space:       10.00 MB reserved,       9.25 MB ( 92%) committed 
      Class space:        1.00 GB reserved,       1.38 MB ( <1%) committed 
             Both:        1.01 GB reserved,      10.62 MB (  1%) committed 

Chunk freelists:
   Non-Class:  9.50 KB
       Class:  3.38 KB
        Both:  12.88 KB

CodeHeap 'non-profiled nmethods': size=120032Kb used=478Kb max_used=478Kb free=119553Kb
 bounds [0x0000000120909000, 0x0000000120b79000, 0x0000000127e41000]
CodeHeap 'profiled nmethods': size=120032Kb used=2433Kb max_used=2433Kb free=117598Kb
 bounds [0x00000001193d1000, 0x0000000119641000, 0x0000000120909000]
CodeHeap 'non-nmethods': size=5696Kb used=1144Kb max_used=1161Kb free=4551Kb
 bounds [0x0000000118e41000, 0x00000001190b1000, 0x00000001193d1000]
 total_blobs=2088 nmethods=1318 adapters=390
 compilation: enabled
              stopped_count=0, restarted_count=0
 full_count=0

Compilation events (10 events):
Event: 6.191 Thread 0x00007fa48501b800 nmethod 1313 0x000000011962a390 code [0x000000011962a540, 0x000000011962a6f0]
Event: 6.191 Thread 0x00007fa48501b800 1314       3       java.lang.AbstractStringBuilder::checkRange (60 bytes)
Event: 6.192 Thread 0x00007fa48501b800 nmethod 1314 0x000000011962a790 code [0x000000011962aa60, 0x000000011962b658]
Event: 6.192 Thread 0x00007fa48501b800 1316       3       org.postgresql.core.PGStream::sendChar (9 bytes)
Event: 6.192 Thread 0x00007fa48501b800 nmethod 1316 0x000000011962ba90 code [0x000000011962bc60, 0x000000011962bea8]
Event: 6.192 Thread 0x00007fa48501b800 1315       3       org.postgresql.PGProperty::get (13 bytes)
Event: 6.192 Thread 0x00007fa48501b800 nmethod 1315 0x000000011962bf90 code [0x000000011962c160, 0x000000011962c3c8]
Event: 6.193 Thread 0x00007fa48501b800 1317  s!   3       org.postgresql.core.UTF8Encoding::decode (554 bytes)
Event: 6.195 Thread 0x00007fa48501b800 nmethod 1317 0x000000011962c490 code [0x000000011962c940, 0x000000011962f5e8]
Event: 6.195 Thread 0x00007fa48501b800 1318       3       java.lang.Module::allows (60 bytes)

GC Heap History (2 events):
Event: 0.596 GC heap before
{Heap before GC invocations=0 (full 0):
 garbage-first heap   total 133120K, used 15072K [0x0000000780000000, 0x0000000800000000)
  region size 1024K, 14 young (14336K), 0 survivors (0K)
 Metaspace       used 3938K, capacity 6161K, committed 6400K, reserved 1056768K
  class space    used 463K, capacity 668K, committed 768K, reserved 1048576K
}
Event: 0.606 GC heap after
{Heap after GC invocations=1 (full 0):
 garbage-first heap   total 133120K, used 2590K [0x0000000780000000, 0x0000000800000000)
  region size 1024K, 2 young (2048K), 2 survivors (2048K)
 Metaspace       used 3938K, capacity 6161K, committed 6400K, reserved 1056768K
  class space    used 463K, capacity 668K, committed 768K, reserved 1048576K
}

Deoptimization events (10 events):
Event: 5.842 Thread 0x00007fa484805000 Uncommon trap: reason=class_check action=maybe_recompile pc=0x0000000120933d88 method=java.util.HashMap.putVal(ILjava/lang/Object;Ljava/lang/Object;ZZ)Ljava/lang/Object; @ 203 c2
Event: 5.863 Thread 0x00007fa484805000 Uncommon trap: reason=class_check action=maybe_recompile pc=0x0000000120933d88 method=java.util.HashMap.putVal(ILjava/lang/Object;Ljava/lang/Object;ZZ)Ljava/lang/Object; @ 203 c2
Event: 5.953 Thread 0x00007fa484805000 Uncommon trap: reason=unstable_if action=reinterpret pc=0x000000012096edb8 method=java.lang.StringLatin1.compareToCI([B[B)I @ 68 c2
Event: 5.953 Thread 0x00007fa484805000 Uncommon trap: reason=unstable_if action=reinterpret pc=0x000000012096d050 method=java.lang.StringLatin1.compareToCI([B[B)I @ 68 c2
Event: 5.958 Thread 0x00007fa484805000 Uncommon trap: reason=unstable_if action=reinterpret pc=0x000000012095f530 method=java.lang.CharacterDataLatin1.isWhitespace(I)Z @ 14 c2
Event: 5.965 Thread 0x00007fa484805000 Uncommon trap: reason=unstable_if action=reinterpret pc=0x00000001209469d0 method=java.lang.StringLatin1.canEncode(I)Z @ 4 c2
Event: 6.096 Thread 0x00007fa484805000 Uncommon trap: reason=bimorphic_or_optimized_type_check action=maybe_recompile pc=0x0000000120977e80 method=java.util.HashMap.putVal(ILjava/lang/Object;Ljava/lang/Object;ZZ)Ljava/lang/Object; @ 56 c2
Event: 6.096 Thread 0x00007fa484805000 Uncommon trap: reason=bimorphic_or_optimized_type_check action=maybe_recompile pc=0x0000000120977e80 method=java.util.HashMap.putVal(ILjava/lang/Object;Ljava/lang/Object;ZZ)Ljava/lang/Object; @ 56 c2
Event: 6.171 Thread 0x00007fa484805000 Uncommon trap: reason=bimorphic_or_optimized_type_check action=maybe_recompile pc=0x0000000120977e80 method=java.util.HashMap.putVal(ILjava/lang/Object;Ljava/lang/Object;ZZ)Ljava/lang/Object; @ 56 c2
Event: 6.179 Thread 0x00007fa484805000 Uncommon trap: reason=bimorphic_or_optimized_type_check action=maybe_recompile pc=0x0000000120977e80 method=java.util.HashMap.putVal(ILjava/lang/Object;Ljava/lang/Object;ZZ)Ljava/lang/Object; @ 56 c2

Classes redefined (0 events):
No events

Internal exceptions (10 events):
Event: 0.178 Thread 0x00007fa484805000 Exception <a 'java/io/FileNotFoundException'{0x0000000787ef6748}> (0x0000000787ef6748) thrown at [/scratch/mesos/slaves/a1bab71e-a362-4507-81ed-9c72a04b09cc-S132/frameworks/1735e8a2-a1db-478c-8104-60c8b0af87dd-0196/executors/f2acab4c-3d79-4ad0-b3ff-1b3189
Event: 0.223 Thread 0x00007fa484805000 Exception <a 'java/lang/NoSuchMethodError'{0x0000000787ba8108}: java.lang.invoke.DirectMethodHandle$Holder.invokeSpecialIFC(Ljava/lang/Object;Ljava/lang/Object;I)I> (0x0000000787ba8108) thrown at [/scratch/mesos/slaves/a1bab71e-a362-4507-81ed-9c72a04b09cc
Event: 0.329 Thread 0x00007fa484805000 Exception <a 'java/lang/IncompatibleClassChangeError'{0x000000078792eb60}: Found class java.lang.Object, but interface was expected> (0x000000078792eb60) thrown at [/scratch/mesos/slaves/a1bab71e-a362-4507-81ed-9c72a04b09cc-S132/frameworks/1735e8a2-a1db-4
Event: 0.587 Thread 0x00007fa484805000 Exception <a 'java/lang/NoSuchMethodError'{0x00000007872b9ea0}: java.lang.invoke.DirectMethodHandle$Holder.invokeStaticInit(Ljava/lang/Object;Ljava/lang/Object;Ljava/lang/Object;)Ljava/lang/Object;> (0x00000007872b9ea0) thrown at [/scratch/mesos/slaves/a1
Event: 5.797 Thread 0x00007fa484805000 Exception <a 'java/lang/NoSuchMethodError'{0x0000000786d66878}: java.lang.invoke.DirectMethodHandle$Holder.invokeStatic(Ljava/lang/Object;Ljava/lang/Object;Ljava/lang/Object;Ljava/lang/Object;Ljava/lang/Object;)I> (0x0000000786d66878) thrown at [/scratch/
Event: 5.807 Thread 0x00007fa484805000 Exception <a 'java/lang/NoSuchMethodError'{0x0000000786d94400}: java.lang.invoke.DirectMethodHandle$Holder.invokeInterface(Ljava/lang/Object;Ljava/lang/Object;)I> (0x0000000786d94400) thrown at [/scratch/mesos/slaves/a1bab71e-a362-4507-81ed-9c72a04b09cc-S
Event: 5.808 Thread 0x00007fa484805000 Exception <a 'java/lang/IncompatibleClassChangeError'{0x0000000786d97098}: Found class java.lang.Object, but interface was expected> (0x0000000786d97098) thrown at [/scratch/mesos/slaves/a1bab71e-a362-4507-81ed-9c72a04b09cc-S132/frameworks/1735e8a2-a1db-4
Event: 5.902 Thread 0x00007fa484805000 Exception <a 'java/lang/NoSuchMethodError'{0x0000000786bfb6f0}: org.slf4j.impl.StaticMarkerBinder.getSingleton()Lorg/slf4j/impl/StaticMarkerBinder;> (0x0000000786bfb6f0) thrown at [/scratch/mesos/slaves/a1bab71e-a362-4507-81ed-9c72a04b09cc-S132/frameworks
Event: 6.084 Thread 0x00007fa484805000 Exception <a 'java/lang/ExceptionInInitializerError'{0x00000007866a3148}> (0x00000007866a3148) thrown at [/scratch/mesos/slaves/a1bab71e-a362-4507-81ed-9c72a04b09cc-S132/frameworks/1735e8a2-a1db-478c-8104-60c8b0af87dd-0196/executors/f2acab4c-3d79-4ad0-b3f
Event: 6.196 Thread 0x00007fa484805000 Implicit null exception at 0x0000000119615c8e to 0x0000000000000000

Events (10 events):
Event: 6.179 Thread 0x00007fa484805000 DEOPT PACKING pc=0x0000000120977e80 sp=0x00007000081f95f0
Event: 6.179 Thread 0x00007fa484805000 DEOPT UNPACKING pc=0x0000000118e6a3a5 sp=0x00007000081f9520 mode 2
Event: 6.193 loading class org/postgresql/jdbc/PgArray
Event: 6.193 loading class org/postgresql/jdbc/PgArray done
Event: 6.194 loading class org/postgresql/jdbc2/ArrayAssistant
Event: 6.194 loading class org/postgresql/jdbc2/ArrayAssistant done
Event: 6.195 loading class org/postgresql/jdbc/UUIDArrayAssistant
Event: 6.195 loading class org/postgresql/jdbc/UUIDArrayAssistant done
Event: 6.195 loading class org/postgresql/jdbc2/ArrayAssistantRegistry
Event: 6.195 loading class org/postgresql/jdbc2/ArrayAssistantRegistry done


Dynamic libraries:
0x00007fff7b34e000 	/usr/lib/libz.1.dylib
0x000000010c737000 	/Library/Java/JavaVirtualMachines/openjdk-12.0.2.jdk/Contents/Home/lib/libjli.dylib
0x00007fff4daa4000 	/System/Library/Frameworks/Cocoa.framework/Versions/A/Cocoa
0x00007fff59d63000 	/System/Library/Frameworks/Security.framework/Versions/A/Security
0x00007fff4c6ab000 	/System/Library/Frameworks/ApplicationServices.framework/Versions/A/ApplicationServices
0x00007fff789c3000 	/usr/lib/libSystem.B.dylib
0x00007fff7b3d1000 	/usr/lib/system/libcache.dylib
0x00007fff7b3d6000 	/usr/lib/system/libcommonCrypto.dylib
0x00007fff7b3e1000 	/usr/lib/system/libcompiler_rt.dylib
0x00007fff7b3e9000 	/usr/lib/system/libcopyfile.dylib
0x00007fff7b3f3000 	/usr/lib/system/libcorecrypto.dylib
0x00007fff7b4fe000 	/usr/lib/system/libdispatch.dylib
0x00007fff7b539000 	/usr/lib/system/libdyld.dylib
0x00007fff7b569000 	/usr/lib/system/libkeymgr.dylib
0x00007fff7b577000 	/usr/lib/system/liblaunch.dylib
0x00007fff7b578000 	/usr/lib/system/libmacho.dylib
0x00007fff7b57e000 	/usr/lib/system/libquarantine.dylib
0x00007fff7b581000 	/usr/lib/system/libremovefile.dylib
0x00007fff7b583000 	/usr/lib/system/libsystem_asl.dylib
0x00007fff7b59b000 	/usr/lib/system/libsystem_blocks.dylib
0x00007fff7b59c000 	/usr/lib/system/libsystem_c.dylib
0x00007fff7b625000 	/usr/lib/system/libsystem_configuration.dylib
0x00007fff7b629000 	/usr/lib/system/libsystem_coreservices.dylib
0x00007fff7b62d000 	/usr/lib/system/libsystem_darwin.dylib
0x00007fff7b634000 	/usr/lib/system/libsystem_dnssd.dylib
0x00007fff7b63b000 	/usr/lib/system/libsystem_info.dylib
0x00007fff7b6b1000 	/usr/lib/system/libsystem_m.dylib
0x00007fff7b6fd000 	/usr/lib/system/libsystem_malloc.dylib
0x00007fff7b722000 	/usr/lib/system/libsystem_networkextension.dylib
0x00007fff7b72e000 	/usr/lib/system/libsystem_notify.dylib
0x00007fff7b74b000 	/usr/lib/system/libsystem_sandbox.dylib
0x00007fff7b74f000 	/usr/lib/system/libsystem_secinit.dylib
0x00007fff7b688000 	/usr/lib/system/libsystem_kernel.dylib
0x00007fff7b736000 	/usr/lib/system/libsystem_platform.dylib
0x00007fff7b740000 	/usr/lib/system/libsystem_pthread.dylib
0x00007fff7b752000 	/usr/lib/system/libsystem_symptoms.dylib
0x00007fff7b75a000 	/usr/lib/system/libsystem_trace.dylib
0x00007fff7b771000 	/usr/lib/system/libunwind.dylib
0x00007fff7b777000 	/usr/lib/system/libxpc.dylib
0x00007fff7a46b000 	/usr/lib/libobjc.A.dylib
0x00007fff78c75000 	/usr/lib/libc++abi.dylib
0x00007fff78c1d000 	/usr/lib/libc++.1.dylib
0x00007fff4e2c7000 	/System/Library/Frameworks/CoreFoundation.framework/Versions/A/CoreFoundation
0x00007fff5064c000 	/System/Library/Frameworks/Foundation.framework/Versions/C/Foundation
0x00007fff4b838000 	/System/Library/Frameworks/AppKit.framework/Versions/C/AppKit
0x00007fff4de3b000 	/System/Library/Frameworks/CoreData.framework/Versions/A/CoreData
0x00007fff71b91000 	/System/Library/PrivateFrameworks/RemoteViewServices.framework/Versions/A/RemoteViewServices
0x00007fff76691000 	/System/Library/PrivateFrameworks/UIFoundation.framework/Versions/A/UIFoundation
0x00007fff77e49000 	/System/Library/PrivateFrameworks/XCTTargetBootstrap.framework/Versions/A/XCTTargetBootstrap
0x00007fff6c698000 	/System/Library/PrivateFrameworks/IconServices.framework/Versions/A/IconServices
0x00007fff52f16000 	/System/Library/Frameworks/Metal.framework/Versions/A/Metal
0x00007fff6389a000 	/System/Library/PrivateFrameworks/DesktopServicesPriv.framework/Versions/A/DesktopServicesPriv
0x00007fff7977e000 	/usr/lib/libenergytrace.dylib
0x00007fff74402000 	/System/Library/PrivateFrameworks/SkyLight.framework/Versions/A/SkyLight
0x00007fff4e716000 	/System/Library/Frameworks/CoreGraphics.framework/Versions/A/CoreGraphics
0x00007fff4a5f3000 	/System/Library/Frameworks/Accelerate.framework/Versions/A/Accelerate
0x00007fff50dd6000 	/System/Library/Frameworks/IOSurface.framework/Versions/A/IOSurface
0x00007fff636fc000 	/System/Library/PrivateFrameworks/DFRFoundation.framework/Versions/A/DFRFoundation
0x00007fff4cbb0000 	/System/Library/Frameworks/AudioToolbox.framework/Versions/A/AudioToolbox
0x00007fff4ce4f000 	/System/Library/Frameworks/AudioUnit.framework/Versions/A/AudioUnit
0x00007fff63793000 	/System/Library/PrivateFrameworks/DataDetectorsCore.framework/Versions/A/DataDetectorsCore
0x00007fff4d58e000 	/System/Library/Frameworks/Carbon.framework/Versions/A/Frameworks/HIToolbox.framework/Versions/A/HIToolbox
0x00007fff798d9000 	/usr/lib/libicucore.A.dylib
0x00007fff592b6000 	/System/Library/Frameworks/QuartzCore.framework/Versions/A/QuartzCore
0x00007fff4d975000 	/System/Library/Frameworks/Carbon.framework/Versions/A/Frameworks/SpeechRecognition.framework/Versions/A/SpeechRecognition
0x00007fff78b26000 	/usr/lib/libauto.dylib
0x00007fff7b241000 	/usr/lib/libxml2.2.dylib
0x00007fff632fb000 	/System/Library/PrivateFrameworks/CoreUI.framework/Versions/A/CoreUI
0x00007fff4dd19000 	/System/Library/Frameworks/CoreAudio.framework/Versions/A/CoreAudio
0x00007fff5047e000 	/System/Library/Frameworks/DiskArbitration.framework/Versions/A/DiskArbitration
0x00007fff79b89000 	/usr/lib/liblangid.dylib
0x00007fff6db48000 	/System/Library/PrivateFrameworks/MultitouchSupport.framework/Versions/A/MultitouchSupport
0x00007fff50d41000 	/System/Library/Frameworks/IOKit.framework/Versions/A/IOKit
0x00007fff78611000 	/usr/lib/libDiagnosticMessagesClient.dylib
0x00007fff4f584000 	/System/Library/Frameworks/CoreServices.framework/Versions/A/CoreServices
0x00007fff6f87e000 	/System/Library/PrivateFrameworks/PerformanceAnalysis.framework/Versions/A/PerformanceAnalysis
0x00007fff5844b000 	/System/Library/Frameworks/OpenGL.framework/Versions/A/OpenGL
0x00007fff4dab2000 	/System/Library/Frameworks/ColorSync.framework/Versions/A/ColorSync
0x00007fff4eda5000 	/System/Library/Frameworks/CoreImage.framework/Versions/A/CoreImage
0x00007fff4ffc7000 	/System/Library/Frameworks/CoreText.framework/Versions/A/CoreText
0x00007fff50e37000 	/System/Library/Frameworks/ImageIO.framework/Versions/A/ImageIO
0x00007fff5f936000 	/System/Library/PrivateFrameworks/Backup.framework/Versions/A/Backup
0x00007fff78a79000 	/usr/lib/libarchive.2.dylib
0x00007fff4d1b3000 	/System/Library/Frameworks/CFNetwork.framework/Versions/A/CFNetwork
0x00007fff5a50e000 	/System/Library/Frameworks/SystemConfiguration.framework/Versions/A/SystemConfiguration
0x00007fff7853a000 	/usr/lib/libCRFSuite.dylib
0x00007fff78bfd000 	/usr/lib/libbsm.0.dylib
0x00007fff7b56a000 	/usr/lib/system/libkxld.dylib
0x00007fff5ebe3000 	/System/Library/PrivateFrameworks/AppleFSCompression.framework/Versions/A/AppleFSCompression
0x00007fff78882000 	/usr/lib/libOpenScriptingUtil.dylib
0x00007fff78f60000 	/usr/lib/libcoretls.dylib
0x00007fff78f77000 	/usr/lib/libcoretls_cfhelpers.dylib
0x00007fff7ac04000 	/usr/lib/libpam.2.dylib
0x00007fff7adc7000 	/usr/lib/libsqlite3.dylib
0x00007fff7b22f000 	/usr/lib/libxar.1.dylib
0x00007fff78c0e000 	/usr/lib/libbz2.1.0.dylib
0x00007fff79b8b000 	/usr/lib/liblzma.5.dylib
0x00007fff7a081000 	/usr/lib/libnetwork.dylib
0x00007fff78a62000 	/usr/lib/libapple_nghttp2.dylib
0x00007fff7ac0b000 	/usr/lib/libpcap.A.dylib
0x00007fff4f928000 	/System/Library/Frameworks/CoreServices.framework/Versions/A/Frameworks/FSEvents.framework/Versions/A/FSEvents
0x00007fff4f604000 	/System/Library/Frameworks/CoreServices.framework/Versions/A/Frameworks/CarbonCore.framework/Versions/A/CarbonCore
0x00007fff4fafd000 	/System/Library/Frameworks/CoreServices.framework/Versions/A/Frameworks/Metadata.framework/Versions/A/Metadata
0x00007fff4fba0000 	/System/Library/Frameworks/CoreServices.framework/Versions/A/Frameworks/OSServices.framework/Versions/A/OSServices
0x00007fff4fbec000 	/System/Library/Frameworks/CoreServices.framework/Versions/A/Frameworks/SearchKit.framework/Versions/A/SearchKit
0x00007fff4f585000 	/System/Library/Frameworks/CoreServices.framework/Versions/A/Frameworks/AE.framework/Versions/A/AE
0x00007fff4f931000 	/System/Library/Frameworks/CoreServices.framework/Versions/A/Frameworks/LaunchServices.framework/Versions/A/LaunchServices
0x00007fff4f8dd000 	/System/Library/Frameworks/CoreServices.framework/Versions/A/Frameworks/DictionaryServices.framework/Versions/A/DictionaryServices
0x00007fff4fc5b000 	/System/Library/Frameworks/CoreServices.framework/Versions/A/Frameworks/SharedFileList.framework/Versions/A/SharedFileList
0x00007fff543dc000 	/System/Library/Frameworks/NetFS.framework/Versions/A/NetFS
0x00007fff6dde5000 	/System/Library/PrivateFrameworks/NetAuth.framework/Versions/A/NetAuth
0x00007fff7827d000 	/System/Library/PrivateFrameworks/login.framework/Versions/A/Frameworks/loginsupport.framework/Versions/A/loginsupport
0x00007fff76289000 	/System/Library/PrivateFrameworks/TCC.framework/Versions/A/TCC
0x00007fff62903000 	/System/Library/PrivateFrameworks/CoreNLP.framework/Versions/A/CoreNLP
0x00007fff6d839000 	/System/Library/PrivateFrameworks/MetadataUtilities.framework/Versions/A/MetadataUtilities
0x00007fff79c6c000 	/usr/lib/libmecabra.dylib
0x00007fff4c6ac000 	/System/Library/Frameworks/ApplicationServices.framework/Versions/A/Frameworks/ATS.framework/Versions/A/ATS
0x00007fff4ca17000 	/System/Library/Frameworks/ApplicationServices.framework/Versions/A/Frameworks/ColorSyncLegacy.framework/Versions/A/ColorSyncLegacy
0x00007fff4cab8000 	/System/Library/Frameworks/ApplicationServices.framework/Versions/A/Frameworks/HIServices.framework/Versions/A/HIServices
0x00007fff4cb0b000 	/System/Library/Frameworks/ApplicationServices.framework/Versions/A/Frameworks/LangAnalysis.framework/Versions/A/LangAnalysis
0x00007fff4cb1a000 	/System/Library/Frameworks/ApplicationServices.framework/Versions/A/Frameworks/PrintCore.framework/Versions/A/PrintCore
0x00007fff4cb67000 	/System/Library/Frameworks/ApplicationServices.framework/Versions/A/Frameworks/QD.framework/Versions/A/QD
0x00007fff4cba3000 	/System/Library/Frameworks/ApplicationServices.framework/Versions/A/Frameworks/SpeechSynthesis.framework/Versions/A/SpeechSynthesis
0x00007fff78c9d000 	/usr/lib/libcompression.dylib
0x00007fff4e1dd000 	/System/Library/Frameworks/CoreDisplay.framework/Versions/A/CoreDisplay
0x00007fff531de000 	/System/Library/Frameworks/MetalPerformanceShaders.framework/Versions/A/MetalPerformanceShaders
0x00007fff4a60b000 	/System/Library/Frameworks/Accelerate.framework/Versions/A/Frameworks/vImage.framework/Versions/A/vImage
0x00007fff4b687000 	/System/Library/Frameworks/Accelerate.framework/Versions/A/Frameworks/vecLib.framework/Versions/A/vecLib
0x00007fff4b5d1000 	/System/Library/Frameworks/Accelerate.framework/Versions/A/Frameworks/vecLib.framework/Versions/A/libvMisc.dylib
0x00007fff4b3ec000 	/System/Library/Frameworks/Accelerate.framework/Versions/A/Frameworks/vecLib.framework/Versions/A/libvDSP.dylib
0x00007fff4acac000 	/System/Library/Frameworks/Accelerate.framework/Versions/A/Frameworks/vecLib.framework/Versions/A/libBLAS.dylib
0x00007fff4af97000 	/System/Library/Frameworks/Accelerate.framework/Versions/A/Frameworks/vecLib.framework/Versions/A/libLAPACK.dylib
0x00007fff4b33e000 	/System/Library/Frameworks/Accelerate.framework/Versions/A/Frameworks/vecLib.framework/Versions/A/libLinearAlgebra.dylib
0x00007fff4b3d8000 	/System/Library/Frameworks/Accelerate.framework/Versions/A/Frameworks/vecLib.framework/Versions/A/libSparseBLAS.dylib
0x00007fff4b354000 	/System/Library/Frameworks/Accelerate.framework/Versions/A/Frameworks/vecLib.framework/Versions/A/libQuadrature.dylib
0x00007fff4af24000 	/System/Library/Frameworks/Accelerate.framework/Versions/A/Frameworks/vecLib.framework/Versions/A/libBNNS.dylib
0x00007fff4b35a000 	/System/Library/Frameworks/Accelerate.framework/Versions/A/Frameworks/vecLib.framework/Versions/A/libSparse.dylib
0x00007fff69e2a000 	/System/Library/PrivateFrameworks/GPUWrangler.framework/Versions/A/GPUWrangler
0x00007fff6c25f000 	/System/Library/PrivateFrameworks/IOAccelerator.framework/Versions/A/IOAccelerator
0x00007fff6c26a000 	/System/Library/PrivateFrameworks/IOPresentment.framework/Versions/A/IOPresentment
0x00007fff6370c000 	/System/Library/PrivateFrameworks/DSExternalDisplay.framework/Versions/A/DSExternalDisplay
0x00007fff57890000 	/System/Library/Frameworks/OpenGL.framework/Versions/A/Libraries/libCoreFSCache.dylib
0x00007fff52fc6000 	/System/Library/Frameworks/MetalPerformanceShaders.framework/Frameworks/MPSCore.framework/Versions/A/MPSCore
0x00007fff52fe7000 	/System/Library/Frameworks/MetalPerformanceShaders.framework/Frameworks/MPSImage.framework/Versions/A/MPSImage
0x00007fff5308f000 	/System/Library/Frameworks/MetalPerformanceShaders.framework/Frameworks/MPSNeuralNetwork.framework/Versions/A/MPSNeuralNetwork
0x00007fff53066000 	/System/Library/Frameworks/MetalPerformanceShaders.framework/Frameworks/MPSMatrix.framework/Versions/A/MPSMatrix
0x00007fff531c2000 	/System/Library/Frameworks/MetalPerformanceShaders.framework/Frameworks/MPSRayIntersector.framework/Versions/A/MPSRayIntersector
0x00007fff6d862000 	/System/Library/PrivateFrameworks/MetalTools.framework/Versions/A/MetalTools
0x00007fff5e2dd000 	/System/Library/PrivateFrameworks/AggregateDictionary.framework/Versions/A/AggregateDictionary
0x00007fff78862000 	/usr/lib/libMobileGestalt.dylib
0x00007fff5012d000 	/System/Library/Frameworks/CoreVideo.framework/Versions/A/CoreVideo
0x00007fff6ac9a000 	/System/Library/PrivateFrameworks/GraphVisualizer.framework/Versions/A/GraphVisualizer
0x00007fff64a35000 	/System/Library/PrivateFrameworks/FaceCore.framework/Versions/A/FaceCore
0x00007fff56ea8000 	/System/Library/Frameworks/OpenCL.framework/Versions/A/OpenCL
0x00007fff78649000 	/usr/lib/libFosl_dynamic.dylib
0x00007fff6e6bd000 	/System/Library/PrivateFrameworks/OTSVG.framework/Versions/A/OTSVG
0x00007fff4c7b0000 	/System/Library/Frameworks/ApplicationServices.framework/Versions/A/Frameworks/ATS.framework/Versions/A/Resources/libFontParser.dylib
0x00007fff4c8d0000 	/System/Library/Frameworks/ApplicationServices.framework/Versions/A/Frameworks/ATS.framework/Versions/A/Resources/libFontRegistry.dylib
0x00007fff510c1000 	/System/Library/Frameworks/ImageIO.framework/Versions/A/Resources/libJPEG.dylib
0x00007fff513e3000 	/System/Library/Frameworks/ImageIO.framework/Versions/A/Resources/libTIFF.dylib
0x00007fff513b9000 	/System/Library/Frameworks/ImageIO.framework/Versions/A/Resources/libPng.dylib
0x00007fff50fd6000 	/System/Library/Frameworks/ImageIO.framework/Versions/A/Resources/libGIF.dylib
0x00007fff50fdb000 	/System/Library/Frameworks/ImageIO.framework/Versions/A/Resources/libJP2.dylib
0x00007fff513e0000 	/System/Library/Frameworks/ImageIO.framework/Versions/A/Resources/libRadiance.dylib
0x00007fff5ed3c000 	/System/Library/PrivateFrameworks/AppleJPEG.framework/Versions/A/AppleJPEG
0x00007fff5789b000 	/System/Library/Frameworks/OpenGL.framework/Versions/A/Libraries/libGFXShared.dylib
0x00007fff57a5e000 	/System/Library/Frameworks/OpenGL.framework/Versions/A/Libraries/libGLU.dylib
0x00007fff578a4000 	/System/Library/Frameworks/OpenGL.framework/Versions/A/Libraries/libGL.dylib
0x00007fff578b0000 	/System/Library/Frameworks/OpenGL.framework/Versions/A/Libraries/libGLImage.dylib
0x00007fff5788d000 	/System/Library/Frameworks/OpenGL.framework/Versions/A/Libraries/libCVMSPluginSupport.dylib
0x00007fff57896000 	/System/Library/Frameworks/OpenGL.framework/Versions/A/Libraries/libCoreVMClient.dylib
0x00007fff795ef000 	/usr/lib/libcups.2.dylib
0x00007fff524db000 	/System/Library/Frameworks/Kerberos.framework/Versions/A/Kerberos
0x00007fff50a8b000 	/System/Library/Frameworks/GSS.framework/Versions/A/GSS
0x00007fff7ad5b000 	/usr/lib/libresolv.9.dylib
0x00007fff797e7000 	/usr/lib/libiconv.2.dylib
0x00007fff6adfa000 	/System/Library/PrivateFrameworks/Heimdal.framework/Versions/A/Heimdal
0x00007fff797b6000 	/usr/lib/libheimdal-asn1.dylib
0x00007fff56f1e000 	/System/Library/Frameworks/OpenDirectory.framework/Versions/A/OpenDirectory
0x00007fff615ff000 	/System/Library/PrivateFrameworks/CommonAuth.framework/Versions/A/CommonAuth
0x00007fff56f01000 	/System/Library/Frameworks/OpenDirectory.framework/Versions/A/Frameworks/CFOpenDirectory.framework/Versions/A/CFOpenDirectory
0x00007fff5a08c000 	/System/Library/Frameworks/SecurityFoundation.framework/Versions/A/SecurityFoundation
0x00007fff5d7ec000 	/System/Library/PrivateFrameworks/APFS.framework/Versions/A/APFS
0x00007fff7b22b000 	/usr/lib/libutil.dylib
0x00007fff78c8b000 	/usr/lib/libcharset.1.dylib
0x00007fff5efd8000 	/System/Library/PrivateFrameworks/AppleSauce.framework/Versions/A/AppleSauce
0x00007fff5f166000 	/System/Library/PrivateFrameworks/AssertionServices.framework/Versions/A/AssertionServices
0x00007fff5f9d9000 	/System/Library/PrivateFrameworks/BaseBoard.framework/Versions/A/BaseBoard
0x00007fff79bbb000 	/usr/lib/libmecab.1.0.0.dylib
0x00007fff797b0000 	/usr/lib/libgermantok.dylib
0x00007fff78a4e000 	/usr/lib/libThaiTokenizer.dylib
0x00007fff78575000 	/usr/lib/libChineseTokenizer.dylib
0x00007fff6c996000 	/System/Library/PrivateFrameworks/LanguageModeling.framework/Versions/A/LanguageModeling
0x00007fff62319000 	/System/Library/PrivateFrameworks/CoreEmoji.framework/Versions/A/CoreEmoji
0x00007fff6ca8e000 	/System/Library/PrivateFrameworks/Lexicon.framework/Versions/A/Lexicon
0x00007fff6cad6000 	/System/Library/PrivateFrameworks/LinguisticData.framework/Versions/A/LinguisticData
0x00007fff78c8c000 	/usr/lib/libcmph.dylib
0x00007fff5a14d000 	/System/Library/Frameworks/ServiceManagement.framework/Versions/A/ServiceManagement
0x00007fff5f92c000 	/System/Library/PrivateFrameworks/BackgroundTaskManagement.framework/Versions/A/BackgroundTaskManagement
0x00007fff7b325000 	/usr/lib/libxslt.1.dylib
0x00007fff4d8a0000 	/System/Library/Frameworks/Carbon.framework/Versions/A/Frameworks/Ink.framework/Versions/A/Ink
0x00007fff76509000 	/System/Library/PrivateFrameworks/TextureIO.framework/Versions/A/TextureIO
0x00007fff78aa3000 	/usr/lib/libate.dylib
0x00007fff63668000 	/System/Library/PrivateFrameworks/CrashReporterSupport.framework/Versions/A/CrashReporterSupport
0x00007fff7352a000 	/System/Library/PrivateFrameworks/Sharing.framework/Versions/A/Sharing
0x00007fff5f4b8000 	/System/Library/PrivateFrameworks/AuthKit.framework/Versions/A/AuthKit
0x00007fff5e8db000 	/System/Library/PrivateFrameworks/Apple80211.framework/Versions/A/Apple80211
0x00007fff63428000 	/System/Library/PrivateFrameworks/CoreUtils.framework/Versions/A/CoreUtils
0x00007fff5016b000 	/System/Library/Frameworks/CoreWLAN.framework/Versions/A/CoreWLAN
0x00007fff50bd5000 	/System/Library/Frameworks/IOBluetooth.framework/Versions/A/IOBluetooth
0x00007fff7184c000 	/System/Library/PrivateFrameworks/ProtocolBuffer.framework/Versions/A/ProtocolBuffer
0x00007fff6da9f000 	/System/Library/PrivateFrameworks/MobileKeyBag.framework/Versions/A/MobileKeyBag
0x00007fff62c40000 	/System/Library/PrivateFrameworks/CorePhoneNumbers.framework/Versions/A/CorePhoneNumbers
0x00007fff5ecf0000 	/System/Library/PrivateFrameworks/AppleIDAuthSupport.framework/Versions/A/AppleIDAuthSupport
0x00007fff6c967000 	/System/Library/PrivateFrameworks/KeychainCircle.framework/Versions/A/KeychainCircle
0x00007fff71a19000 	/System/Library/PrivateFrameworks/ROCKit.framework/Versions/A/ROCKit
0x00007fff63604000 	/System/Library/PrivateFrameworks/CoreWiFi.framework/Versions/A/CoreWiFi
0x00007fff4de0f000 	/System/Library/Frameworks/CoreBluetooth.framework/Versions/A/CoreBluetooth
0x00007fff63858000 	/System/Library/PrivateFrameworks/DebugSymbols.framework/Versions/A/DebugSymbols
0x00007fff631dd000 	/System/Library/PrivateFrameworks/CoreSymbolication.framework/Versions/A/CoreSymbolication
0x00007fff75cf3000 	/System/Library/PrivateFrameworks/Symbolication.framework/Versions/A/Symbolication
0x00007fff74e85000 	/System/Library/PrivateFrameworks/SpeechRecognitionCore.framework/Versions/A/SpeechRecognitionCore
0x000000010d000000 	/Library/Java/JavaVirtualMachines/openjdk-12.0.2.jdk/Contents/Home/lib/server/libjvm.dylib
0x000000010c756000 	/Library/Java/JavaVirtualMachines/openjdk-12.0.2.jdk/Contents/Home/lib/libverify.dylib
0x000000010c762000 	/Library/Java/JavaVirtualMachines/openjdk-12.0.2.jdk/Contents/Home/lib/libjava.dylib
0x000000010c789000 	/Library/Java/JavaVirtualMachines/openjdk-12.0.2.jdk/Contents/Home/lib/libinstrument.dylib
0x000000010c7cd000 	/Library/Java/JavaVirtualMachines/openjdk-12.0.2.jdk/Contents/Home/lib/libzip.dylib
0x000000010c7d5000 	/Library/Java/JavaVirtualMachines/openjdk-12.0.2.jdk/Contents/Home/lib/libjimage.dylib
0x000000010fd3d000 	/Library/Java/JavaVirtualMachines/openjdk-12.0.2.jdk/Contents/Home/lib/libnio.dylib
0x000000010fd4b000 	/Library/Java/JavaVirtualMachines/openjdk-12.0.2.jdk/Contents/Home/lib/./libnet.dylib
0x000000010c7f6000 	/Library/Java/JavaVirtualMachines/openjdk-12.0.2.jdk/Contents/Home/lib/libextnet.dylib
0x000000010c7f9000 	/Library/Java/JavaVirtualMachines/openjdk-12.0.2.jdk/Contents/Home/lib/libmanagement.dylib
0x000000010ff7e000 	/Library/Java/JavaVirtualMachines/openjdk-12.0.2.jdk/Contents/Home/lib/libmanagement_ext.dylib


VM Arguments:
jvm_args: -ea -Didea.test.cyclic.buffer.size=1048576 -javaagent:/Applications/IntelliJ IDEA CE.app/Contents/lib/idea_rt.jar=61925:/Applications/IntelliJ IDEA CE.app/Contents/bin -Dfile.encoding=UTF-8 
java_command: com.intellij.rt.execution.junit.JUnitStarter -ideVersion5 -junit4 dao.Sql2oUserDAOTest,userCanAddItemToFavorites
java_class_path (initial): /Applications/IntelliJ IDEA CE.app/Contents/lib/idea_rt.jar:/Applications/IntelliJ IDEA CE.app/Contents/plugins/junit/lib/junit-rt.jar:/Applications/IntelliJ IDEA CE.app/Contents/plugins/junit/lib/junit5-rt.jar:/Users/student/nutrisi/target/test-classes:/Users/student/nutrisi/target/classes:/Users/student/.m2/repository/org/hamcrest/java-hamcrest/2.0.0.0/java-hamcrest-2.0.0.0.jar:/Users/student/.m2/repository/junit/junit/4.12/junit-4.12.jar:/Users/student/.m2/repository/org/hamcrest/hamcrest-core/1.3/hamcrest-core-1.3.jar:/Users/student/.m2/repository/org/apache/velocity/velocity/1.7/velocity-1.7.jar:/Users/student/.m2/repository/org/sql2o/sql2o/1.6.0/sql2o-1.6.0.jar:/Users/student/.m2/repository/org/postgresql/postgresql/42.2.8/postgresql-42.2.8.jar:/Users/student/.m2/repository/org/mindrot/jbcrypt/0.4/jbcrypt-0.4.jar:/Users/student/.m2/repository/com/sparkjava/spark-core/2.8.0/spark-core-2.8.0.jar:/Users/student/.m2/repository/org/slf4j/slf4j-api/1.7.25/slf4j-api-1.7.25.jar:/Users/student/.m2/repository/org/eclipse/jetty/jetty-server/9.4.12.v20180830/jetty-server-9.4.12.v20180830.jar:/Users/student/.m2/repository/javax/servlet/javax.servlet-api/3.1.0/javax.servlet-api-3.1.0.jar:/Users/student/.m2/repository/org/eclipse/jetty/jetty-http/9.4.12.v20180830/jetty-http-9.4.12.v20180830.jar:/Users/student/.m2/repository/org/eclipse/jetty/jetty-util/9.4.12.v20180830/jetty-util-9.4.12.v20180830.jar:/Users/student/.m2/repository/org/eclipse/jetty/jetty-io/9.4.12.v20180830/jetty-io-9.4.12.v20180830.jar:/Users/student/.m2/repository/org/eclipse/jetty/jetty-webapp/9.4.12.v20180830/jetty-webapp-9.4.12.v20180830.jar:/Users/student/.m2/repository/org/eclipse/jetty/jetty-xml/9.4.12.v20180830/jetty-xml-9.4.12.v20180830.jar:/Users/student/.m2/repository/org/eclipse/jetty/jetty-servlet/9.4.12.v20180830/jetty-servlet-9.4.12.v20180830.jar:/Users/student/.m2/repository/org/eclipse/jetty/jetty-security/9.4.12.v20180830/jetty-security-9.4.12.v20180830.jar:/Use
Launcher Type: SUN_STANDARD

[Global flags]
     intx CICompilerCount                          = 3                                         {product} {ergonomic}
     uint ConcGCThreads                            = 1                                         {product} {ergonomic}
     uint G1ConcRefinementThreads                  = 4                                         {product} {ergonomic}
   size_t G1HeapRegionSize                         = 1048576                                   {product} {ergonomic}
    uintx GCDrainStackTargetSize                   = 64                                        {product} {ergonomic}
   size_t InitialHeapSize                          = 134217728                                 {product} {ergonomic}
   size_t MarkStackSize                            = 4194304                                   {product} {ergonomic}
   size_t MaxHeapSize                              = 2147483648                                {product} {ergonomic}
   size_t MaxNewSize                               = 1287651328                                {product} {ergonomic}
   size_t MinHeapDeltaBytes                        = 1048576                                   {product} {ergonomic}
    uintx NonNMethodCodeHeapSize                   = 5830732                                {pd product} {ergonomic}
    uintx NonProfiledCodeHeapSize                  = 122913754                              {pd product} {ergonomic}
    uintx ProfiledCodeHeapSize                     = 122913754                              {pd product} {ergonomic}
    uintx ReservedCodeCacheSize                    = 251658240                              {pd product} {ergonomic}
     bool SegmentedCodeCache                       = true                                      {product} {ergonomic}
     bool UseCompressedClassPointers               = true                                 {lp64_product} {ergonomic}
     bool UseCompressedOops                        = true                                 {lp64_product} {ergonomic}
     bool UseG1GC                                  = true                                      {product} {ergonomic}

Logging:
Log output configuration:
 #0: stdout all=warning uptime,level,tags
 #1: stderr all=off uptime,level,tags

Environment Variables:
PATH=/Users/student/.rvm/gems/ruby-2.6.2/bin:/Users/student/.rvm/gems/ruby-2.6.2@global/bin:/Users/student/.rvm/rubies/ruby-2.6.2/bin:/usr/local/bin:/usr/bin:/bin:/usr/sbin:/sbin:/Users/student/.rvm/bin
SHELL=/bin/bash

Signal Handlers:
SIGSEGV: [libjvm.dylib+0x735568], sa_mask[0]=11111111011111110111111111111111, sa_flags=SA_ONSTACK|SA_RESTART|SA_SIGINFO
SIGBUS: [libjvm.dylib+0x735568], sa_mask[0]=11111111011111110111111111111111, sa_flags=SA_RESTART|SA_SIGINFO
SIGFPE: [libjvm.dylib+0x735568], sa_mask[0]=11111111011111110111111111111111, sa_flags=SA_RESTART|SA_SIGINFO
SIGPIPE: [libjvm.dylib+0x5dcfee], sa_mask[0]=11111111011111110111111111111111, sa_flags=SA_RESTART|SA_SIGINFO
SIGXFSZ: [libjvm.dylib+0x5dcfee], sa_mask[0]=11111111011111110111111111111111, sa_flags=SA_RESTART|SA_SIGINFO
SIGILL: [libjvm.dylib+0x735568], sa_mask[0]=11111111011111110111111111111111, sa_flags=SA_RESTART|SA_SIGINFO
SIGUSR2: [libjvm.dylib+0x5dd5d3], sa_mask[0]=00100000000000000000000000000000, sa_flags=SA_RESTART|SA_SIGINFO
SIGHUP: [libjvm.dylib+0x5dc293], sa_mask[0]=11111111011111110111111111111111, sa_flags=SA_RESTART|SA_SIGINFO
SIGINT: [libjvm.dylib+0x5dc293], sa_mask[0]=11111111011111110111111111111111, sa_flags=SA_RESTART|SA_SIGINFO
SIGTERM: [libjvm.dylib+0x5dc293], sa_mask[0]=11111111011111110111111111111111, sa_flags=SA_RESTART|SA_SIGINFO
SIGQUIT: [libjvm.dylib+0x5dc293], sa_mask[0]=11111111011111110111111111111111, sa_flags=SA_RESTART|SA_SIGINFO


---------------  S Y S T E M  ---------------

OS:uname:Darwin 18.2.0 Darwin Kernel Version 18.2.0: Thu Dec 20 20:46:53 PST 2018; root:xnu-4903.241.1~1/RELEASE_X86_64 x86_64
rlimit: STACK 8192k, CORE 0k, NPROC 709, NOFILE 10240, AS infinity, DATA infinity, FSIZE infinity
load average:3.52 2.58 2.56

CPU:total 4 (initial active 4) (2 cores per cpu, 2 threads per core) family 6 model 142 stepping 9, cmov, cx8, fxsr, mmx, sse, sse2, sse3, ssse3, sse4.1, sse4.2, popcnt, avx, avx2, aes, clmul, erms, rtm, 3dnowpref, lzcnt, ht, tsc, tscinvbit, bmi1, bmi2, adx, fma

Memory: 4k page, physical 8388608k(131456k free)

vm_info: OpenJDK 64-Bit Server VM (12.0.2+10) for bsd-amd64 JRE (12.0.2+10), built on Jul 16 2019 01:04:04 by "mach5one" with gcc 4.2.1 Compatible Apple LLVM 9.1.0 (clang-902.0.39.2)

END.
