<<<<<<< Updated upstream
2019-10-09 12:52:25,429 - ResourceCache: initialized (class org.apache.velocity.runtime.resource.ResourceCacheImpl) with class java.util.Collections$SynchronizedMap cache map.
2019-10-09 12:52:25,430 - Loaded System Directive: org.apache.velocity.runtime.directive.Stop
2019-10-09 12:52:25,430 - Loaded System Directive: org.apache.velocity.runtime.directive.Define
2019-10-09 12:52:25,430 - Loaded System Directive: org.apache.velocity.runtime.directive.Break
2019-10-09 12:52:25,430 - Loaded System Directive: org.apache.velocity.runtime.directive.Evaluate
2019-10-09 12:52:25,430 - Loaded System Directive: org.apache.velocity.runtime.directive.Literal
2019-10-09 12:52:25,430 - Loaded System Directive: org.apache.velocity.runtime.directive.Macro
2019-10-09 12:52:25,430 - Loaded System Directive: org.apache.velocity.runtime.directive.Parse
2019-10-09 12:52:25,430 - Loaded System Directive: org.apache.velocity.runtime.directive.Include
2019-10-09 12:52:25,430 - Loaded System Directive: org.apache.velocity.runtime.directive.Foreach
2019-10-09 12:52:25,432 - Created '20' parsers.
2019-10-09 12:52:25,432 - Velocimacro : "velocimacro.library" is not set.  Trying default library: VM_global_library.vm
2019-10-09 12:52:25,432 - Could not load resource 'VM_global_library.vm' from ResourceLoader org.apache.velocity.runtime.resource.loader.ClasspathResourceLoader: ClasspathResourceLoader Error: cannot find resource VM_global_library.vm
2019-10-09 12:52:25,432 - Velocimacro : Default library not found.
2019-10-09 12:52:25,433 - Velocimacro : allowInline = true : VMs can be defined inline in templates
2019-10-09 12:52:25,433 - Velocimacro : allowInlineToOverride = false : VMs defined inline may NOT replace previous VM definitions
2019-10-09 12:52:25,433 - Velocimacro : allowInlineLocal = false : VMs defined inline will be global in scope if allowed.
2019-10-09 12:52:25,433 - Velocimacro : autoload off : VM system will not automatically reload global library macros
2019-10-09 12:52:25,434 - ResourceManager : found templates/login.vtl with loader org.apache.velocity.runtime.resource.loader.ClasspathResourceLoader
2019-10-09 12:52:47,732 - ResourceManager : found templates/layout.vtl with loader org.apache.velocity.runtime.resource.loader.ClasspathResourceLoader
2019-10-09 12:52:47,733 - ResourceManager : found templates/index.vtl with loader org.apache.velocity.runtime.resource.loader.ClasspathResourceLoader
2019-10-09 14:38:34,056 - ResourceManager : found templates/layout.vtl with loader org.apache.velocity.runtime.resource.loader.ClasspathResourceLoader
2019-10-09 14:38:34,058 - ResourceManager : found templates/index.vtl with loader org.apache.velocity.runtime.resource.loader.ClasspathResourceLoader
2019-10-09 14:40:45,069 - Log4JLogChute initialized using file 'velocity.log'
2019-10-09 14:40:45,069 - Initializing Velocity, Calling init()...
2019-10-09 14:40:45,069 - Starting Apache Velocity v1.7 (compiled: 2010-11-19 12:14:37)
2019-10-09 14:40:45,069 - Default Properties File: org/apache/velocity/runtime/defaults/velocity.properties
2019-10-09 14:40:45,069 - Trying to use logger class org.apache.velocity.runtime.log.AvalonLogChute
2019-10-09 14:40:45,069 - Target log system for org.apache.velocity.runtime.log.AvalonLogChute is not available (java.lang.NoClassDefFoundError: org/apache/log/format/Formatter).  Falling back to next log system...
2019-10-09 14:40:45,069 - Trying to use logger class org.apache.velocity.runtime.log.Log4JLogChute
2019-10-09 14:40:45,069 - Using logger class org.apache.velocity.runtime.log.Log4JLogChute
2019-10-09 14:40:45,072 - ResourceLoader instantiated: org.apache.velocity.runtime.resource.loader.ClasspathResourceLoader
2019-10-09 14:40:45,084 - ResourceCache: initialized (class org.apache.velocity.runtime.resource.ResourceCacheImpl) with class java.util.Collections$SynchronizedMap cache map.
2019-10-09 14:40:45,086 - Loaded System Directive: org.apache.velocity.runtime.directive.Stop
2019-10-09 14:40:45,087 - Loaded System Directive: org.apache.velocity.runtime.directive.Define
2019-10-09 14:40:45,087 - Loaded System Directive: org.apache.velocity.runtime.directive.Break
2019-10-09 14:40:45,088 - Loaded System Directive: org.apache.velocity.runtime.directive.Evaluate
2019-10-09 14:40:45,088 - Loaded System Directive: org.apache.velocity.runtime.directive.Literal
2019-10-09 14:40:45,089 - Loaded System Directive: org.apache.velocity.runtime.directive.Macro
2019-10-09 14:40:45,089 - Loaded System Directive: org.apache.velocity.runtime.directive.Parse
2019-10-09 14:40:45,090 - Loaded System Directive: org.apache.velocity.runtime.directive.Include
2019-10-09 14:40:45,091 - Loaded System Directive: org.apache.velocity.runtime.directive.Foreach
2019-10-09 14:40:45,112 - Created '20' parsers.
2019-10-09 14:40:45,115 - Velocimacro : "velocimacro.library" is not set.  Trying default library: VM_global_library.vm
2019-10-09 14:40:45,115 - Could not load resource 'VM_global_library.vm' from ResourceLoader org.apache.velocity.runtime.resource.loader.ClasspathResourceLoader: ClasspathResourceLoader Error: cannot find resource VM_global_library.vm
2019-10-09 14:40:45,115 - Velocimacro : Default library not found.
2019-10-09 14:40:45,115 - Velocimacro : allowInline = true : VMs can be defined inline in templates
2019-10-09 14:40:45,115 - Velocimacro : allowInlineToOverride = false : VMs defined inline may NOT replace previous VM definitions
2019-10-09 14:40:45,115 - Velocimacro : allowInlineLocal = false : VMs defined inline will be global in scope if allowed.
2019-10-09 14:40:45,115 - Velocimacro : autoload off : VM system will not automatically reload global library macros
2019-10-09 14:40:45,130 - ResourceManager : found templates/layout.vtl with loader org.apache.velocity.runtime.resource.loader.ClasspathResourceLoader
2019-10-09 14:40:45,133 - ResourceManager : found templates/index.vtl with loader org.apache.velocity.runtime.resource.loader.ClasspathResourceLoader
2019-10-09 14:40:50,951 - Log4JLogChute initialized using file 'velocity.log'
2019-10-09 14:40:50,951 - Log4JLogChute initialized using file 'velocity.log'
2019-10-09 14:40:50,951 - Initializing Velocity, Calling init()...
2019-10-09 14:40:50,951 - Initializing Velocity, Calling init()...
2019-10-09 14:40:50,951 - Starting Apache Velocity v1.7 (compiled: 2010-11-19 12:14:37)
2019-10-09 14:40:50,951 - Starting Apache Velocity v1.7 (compiled: 2010-11-19 12:14:37)
2019-10-09 14:40:50,951 - Default Properties File: org/apache/velocity/runtime/defaults/velocity.properties
2019-10-09 14:40:50,951 - Default Properties File: org/apache/velocity/runtime/defaults/velocity.properties
2019-10-09 14:40:50,951 - Trying to use logger class org.apache.velocity.runtime.log.AvalonLogChute
2019-10-09 14:40:50,951 - Trying to use logger class org.apache.velocity.runtime.log.AvalonLogChute
2019-10-09 14:40:50,952 - Target log system for org.apache.velocity.runtime.log.AvalonLogChute is not available (java.lang.NoClassDefFoundError: org/apache/log/format/Formatter).  Falling back to next log system...
2019-10-09 14:40:50,952 - Target log system for org.apache.velocity.runtime.log.AvalonLogChute is not available (java.lang.NoClassDefFoundError: org/apache/log/format/Formatter).  Falling back to next log system...
2019-10-09 14:40:50,952 - Trying to use logger class org.apache.velocity.runtime.log.Log4JLogChute
2019-10-09 14:40:50,952 - Trying to use logger class org.apache.velocity.runtime.log.Log4JLogChute
2019-10-09 14:40:50,952 - Using logger class org.apache.velocity.runtime.log.Log4JLogChute
2019-10-09 14:40:50,952 - Using logger class org.apache.velocity.runtime.log.Log4JLogChute
2019-10-09 14:40:50,952 - ResourceLoader instantiated: org.apache.velocity.runtime.resource.loader.ClasspathResourceLoader
2019-10-09 14:40:50,952 - ResourceLoader instantiated: org.apache.velocity.runtime.resource.loader.ClasspathResourceLoader
2019-10-09 14:40:50,952 - ResourceCache: initialized (class org.apache.velocity.runtime.resource.ResourceCacheImpl) with class java.util.Collections$SynchronizedMap cache map.
2019-10-09 14:40:50,952 - ResourceCache: initialized (class org.apache.velocity.runtime.resource.ResourceCacheImpl) with class java.util.Collections$SynchronizedMap cache map.
2019-10-09 14:40:50,953 - Loaded System Directive: org.apache.velocity.runtime.directive.Stop
2019-10-09 14:40:50,953 - Loaded System Directive: org.apache.velocity.runtime.directive.Stop
2019-10-09 14:40:50,953 - Loaded System Directive: org.apache.velocity.runtime.directive.Define
2019-10-09 14:40:50,953 - Loaded System Directive: org.apache.velocity.runtime.directive.Define
2019-10-09 14:40:50,953 - Loaded System Directive: org.apache.velocity.runtime.directive.Break
2019-10-09 14:40:50,953 - Loaded System Directive: org.apache.velocity.runtime.directive.Break
2019-10-09 14:40:50,953 - Loaded System Directive: org.apache.velocity.runtime.directive.Evaluate
2019-10-09 14:40:50,953 - Loaded System Directive: org.apache.velocity.runtime.directive.Evaluate
2019-10-09 14:40:50,953 - Loaded System Directive: org.apache.velocity.runtime.directive.Literal
2019-10-09 14:40:50,953 - Loaded System Directive: org.apache.velocity.runtime.directive.Literal
2019-10-09 14:40:50,953 - Loaded System Directive: org.apache.velocity.runtime.directive.Macro
2019-10-09 14:40:50,953 - Loaded System Directive: org.apache.velocity.runtime.directive.Macro
2019-10-09 14:40:50,954 - Loaded System Directive: org.apache.velocity.runtime.directive.Parse
2019-10-09 14:40:50,954 - Loaded System Directive: org.apache.velocity.runtime.directive.Parse
2019-10-09 14:40:50,954 - Loaded System Directive: org.apache.velocity.runtime.directive.Include
2019-10-09 14:40:50,954 - Loaded System Directive: org.apache.velocity.runtime.directive.Include
2019-10-09 14:40:50,954 - Loaded System Directive: org.apache.velocity.runtime.directive.Foreach
2019-10-09 14:40:50,954 - Loaded System Directive: org.apache.velocity.runtime.directive.Foreach
2019-10-09 14:40:50,956 - Created '20' parsers.
2019-10-09 14:40:50,956 - Created '20' parsers.
2019-10-09 14:40:50,956 - Velocimacro : "velocimacro.library" is not set.  Trying default library: VM_global_library.vm
2019-10-09 14:40:50,956 - Velocimacro : "velocimacro.library" is not set.  Trying default library: VM_global_library.vm
2019-10-09 14:40:50,956 - Could not load resource 'VM_global_library.vm' from ResourceLoader org.apache.velocity.runtime.resource.loader.ClasspathResourceLoader: ClasspathResourceLoader Error: cannot find resource VM_global_library.vm
2019-10-09 14:40:50,956 - Could not load resource 'VM_global_library.vm' from ResourceLoader org.apache.velocity.runtime.resource.loader.ClasspathResourceLoader: ClasspathResourceLoader Error: cannot find resource VM_global_library.vm
2019-10-09 14:40:50,956 - Velocimacro : Default library not found.
2019-10-09 14:40:50,956 - Velocimacro : Default library not found.
2019-10-09 14:40:50,956 - Velocimacro : allowInline = true : VMs can be defined inline in templates
2019-10-09 14:40:50,956 - Velocimacro : allowInline = true : VMs can be defined inline in templates
2019-10-09 14:40:50,956 - Velocimacro : allowInlineToOverride = false : VMs defined inline may NOT replace previous VM definitions
2019-10-09 14:40:50,956 - Velocimacro : allowInlineToOverride = false : VMs defined inline may NOT replace previous VM definitions
2019-10-09 14:40:50,956 - Velocimacro : allowInlineLocal = false : VMs defined inline will be global in scope if allowed.
2019-10-09 14:40:50,956 - Velocimacro : allowInlineLocal = false : VMs defined inline will be global in scope if allowed.
2019-10-09 14:40:50,956 - Velocimacro : autoload off : VM system will not automatically reload global library macros
2019-10-09 14:40:50,956 - Velocimacro : autoload off : VM system will not automatically reload global library macros
2019-10-09 14:40:50,961 - ResourceManager : found templates/searchresults.vtl with loader org.apache.velocity.runtime.resource.loader.ClasspathResourceLoader
2019-10-09 14:40:50,961 - ResourceManager : found templates/searchresults.vtl with loader org.apache.velocity.runtime.resource.loader.ClasspathResourceLoader
2019-10-09 14:40:51,085 - Null reference [template 'templates/searchresults.vtl', line 3, column 10] : $foodDAO.findByName($name).getPhoto() cannot be resolved.
2019-10-09 14:40:51,085 - Null reference [template 'templates/searchresults.vtl', line 3, column 10] : $foodDAO.findByName($name).getPhoto() cannot be resolved.
2019-10-09 14:40:51,092 - Null reference [template 'templates/searchresults.vtl', line 6, column 37] : $foodDAO.findByName($name).getCategory() cannot be resolved.
2019-10-09 14:40:51,092 - Null reference [template 'templates/searchresults.vtl', line 6, column 37] : $foodDAO.findByName($name).getCategory() cannot be resolved.
2019-10-09 14:40:51,100 - Null reference [template 'templates/searchresults.vtl', line 7, column 37] : $foodDAO.findByName($name).getCalories() cannot be resolved.
2019-10-09 14:40:51,100 - Null reference [template 'templates/searchresults.vtl', line 7, column 37] : $foodDAO.findByName($name).getCalories() cannot be resolved.
2019-10-09 14:40:51,107 - Null reference [template 'templates/searchresults.vtl', line 8, column 36] : $foodDAO.findByName($name).getProtein() cannot be resolved.
2019-10-09 14:40:51,107 - Null reference [template 'templates/searchresults.vtl', line 8, column 36] : $foodDAO.findByName($name).getProtein() cannot be resolved.
2019-10-09 14:40:51,114 - Null reference [template 'templates/searchresults.vtl', line 9, column 32] : $foodDAO.findByName($name).getFat() cannot be resolved.
2019-10-09 14:40:51,114 - Null reference [template 'templates/searchresults.vtl', line 9, column 32] : $foodDAO.findByName($name).getFat() cannot be resolved.
2019-10-09 14:40:51,120 - Null reference [template 'templates/searchresults.vtl', line 10, column 42] : $foodDAO.findByName($name).getCarbs() cannot be resolved.
2019-10-09 14:40:51,120 - Null reference [template 'templates/searchresults.vtl', line 10, column 42] : $foodDAO.findByName($name).getCarbs() cannot be resolved.
2019-10-09 14:40:51,128 - Null reference [template 'templates/searchresults.vtl', line 11, column 34] : $foodDAO.findByName($name).getFibre() cannot be resolved.
2019-10-09 14:40:51,128 - Null reference [template 'templates/searchresults.vtl', line 11, column 34] : $foodDAO.findByName($name).getFibre() cannot be resolved.
2019-10-09 14:40:51,135 - Null reference [template 'templates/searchresults.vtl', line 12, column 32] : $foodDAO.findByName($name).getTag() cannot be resolved.
2019-10-09 14:40:51,135 - Null reference [template 'templates/searchresults.vtl', line 12, column 32] : $foodDAO.findByName($name).getTag() cannot be resolved.
2019-10-09 14:45:25,865 - ResourceManager : found templates/layout.vtl with loader org.apache.velocity.runtime.resource.loader.ClasspathResourceLoader
2019-10-09 14:45:25,865 - ResourceManager : found templates/layout.vtl with loader org.apache.velocity.runtime.resource.loader.ClasspathResourceLoader
2019-10-09 14:45:25,867 - ResourceManager : found templates/index.vtl with loader org.apache.velocity.runtime.resource.loader.ClasspathResourceLoader
2019-10-09 14:45:25,867 - ResourceManager : found templates/index.vtl with loader org.apache.velocity.runtime.resource.loader.ClasspathResourceLoader
2019-10-09 14:45:31,862 - ResourceManager : found templates/searchresults.vtl with loader org.apache.velocity.runtime.resource.loader.ClasspathResourceLoader
2019-10-09 14:45:31,862 - ResourceManager : found templates/searchresults.vtl with loader org.apache.velocity.runtime.resource.loader.ClasspathResourceLoader
2019-10-09 14:45:31,878 - Null reference [template 'templates/searchresults.vtl', line 3, column 10] : $foodDAO.findByName($name).getPhoto() cannot be resolved.
2019-10-09 14:45:31,878 - Null reference [template 'templates/searchresults.vtl', line 3, column 10] : $foodDAO.findByName($name).getPhoto() cannot be resolved.
2019-10-09 14:45:31,888 - Null reference [template 'templates/searchresults.vtl', line 6, column 37] : $foodDAO.findByName($name).getCategory() cannot be resolved.
2019-10-09 14:45:31,888 - Null reference [template 'templates/searchresults.vtl', line 6, column 37] : $foodDAO.findByName($name).getCategory() cannot be resolved.
2019-10-09 14:45:31,895 - Null reference [template 'templates/searchresults.vtl', line 7, column 37] : $foodDAO.findByName($name).getCalories() cannot be resolved.
2019-10-09 14:45:31,895 - Null reference [template 'templates/searchresults.vtl', line 7, column 37] : $foodDAO.findByName($name).getCalories() cannot be resolved.
2019-10-09 14:45:31,903 - Null reference [template 'templates/searchresults.vtl', line 8, column 36] : $foodDAO.findByName($name).getProtein() cannot be resolved.
2019-10-09 14:45:31,903 - Null reference [template 'templates/searchresults.vtl', line 8, column 36] : $foodDAO.findByName($name).getProtein() cannot be resolved.
2019-10-09 14:45:31,910 - Null reference [template 'templates/searchresults.vtl', line 9, column 32] : $foodDAO.findByName($name).getFat() cannot be resolved.
2019-10-09 14:45:31,910 - Null reference [template 'templates/searchresults.vtl', line 9, column 32] : $foodDAO.findByName($name).getFat() cannot be resolved.
2019-10-09 14:45:31,918 - Null reference [template 'templates/searchresults.vtl', line 10, column 42] : $foodDAO.findByName($name).getCarbs() cannot be resolved.
2019-10-09 14:45:31,918 - Null reference [template 'templates/searchresults.vtl', line 10, column 42] : $foodDAO.findByName($name).getCarbs() cannot be resolved.
2019-10-09 14:45:31,925 - Null reference [template 'templates/searchresults.vtl', line 11, column 34] : $foodDAO.findByName($name).getFibre() cannot be resolved.
2019-10-09 14:45:31,925 - Null reference [template 'templates/searchresults.vtl', line 11, column 34] : $foodDAO.findByName($name).getFibre() cannot be resolved.
2019-10-09 14:45:31,934 - Null reference [template 'templates/searchresults.vtl', line 12, column 32] : $foodDAO.findByName($name).getTag() cannot be resolved.
2019-10-09 14:45:31,934 - Null reference [template 'templates/searchresults.vtl', line 12, column 32] : $foodDAO.findByName($name).getTag() cannot be resolved.
2019-10-09 14:45:58,605 - Log4JLogChute initialized using file 'velocity.log'
2019-10-09 14:45:58,606 - Initializing Velocity, Calling init()...
2019-10-09 14:45:58,606 - Starting Apache Velocity v1.7 (compiled: 2010-11-19 12:14:37)
2019-10-09 14:45:58,606 - Default Properties File: org/apache/velocity/runtime/defaults/velocity.properties
2019-10-09 14:45:58,606 - Trying to use logger class org.apache.velocity.runtime.log.AvalonLogChute
2019-10-09 14:45:58,606 - Target log system for org.apache.velocity.runtime.log.AvalonLogChute is not available (java.lang.NoClassDefFoundError: org/apache/log/format/Formatter).  Falling back to next log system...
2019-10-09 14:45:58,606 - Trying to use logger class org.apache.velocity.runtime.log.Log4JLogChute
2019-10-09 14:45:58,606 - Using logger class org.apache.velocity.runtime.log.Log4JLogChute
2019-10-09 14:45:58,609 - ResourceLoader instantiated: org.apache.velocity.runtime.resource.loader.ClasspathResourceLoader
2019-10-09 14:45:58,621 - ResourceCache: initialized (class org.apache.velocity.runtime.resource.ResourceCacheImpl) with class java.util.Collections$SynchronizedMap cache map.
2019-10-09 14:45:58,622 - Loaded System Directive: org.apache.velocity.runtime.directive.Stop
2019-10-09 14:45:58,623 - Loaded System Directive: org.apache.velocity.runtime.directive.Define
2019-10-09 14:45:58,623 - Loaded System Directive: org.apache.velocity.runtime.directive.Break
2019-10-09 14:45:58,624 - Loaded System Directive: org.apache.velocity.runtime.directive.Evaluate
2019-10-09 14:45:58,624 - Loaded System Directive: org.apache.velocity.runtime.directive.Literal
2019-10-09 14:45:58,625 - Loaded System Directive: org.apache.velocity.runtime.directive.Macro
2019-10-09 14:45:58,626 - Loaded System Directive: org.apache.velocity.runtime.directive.Parse
2019-10-09 14:45:58,626 - Loaded System Directive: org.apache.velocity.runtime.directive.Include
2019-10-09 14:45:58,627 - Loaded System Directive: org.apache.velocity.runtime.directive.Foreach
2019-10-09 14:45:58,649 - Created '20' parsers.
2019-10-09 14:45:58,651 - Velocimacro : "velocimacro.library" is not set.  Trying default library: VM_global_library.vm
2019-10-09 14:45:58,652 - Could not load resource 'VM_global_library.vm' from ResourceLoader org.apache.velocity.runtime.resource.loader.ClasspathResourceLoader: ClasspathResourceLoader Error: cannot find resource VM_global_library.vm
2019-10-09 14:45:58,652 - Velocimacro : Default library not found.
2019-10-09 14:45:58,652 - Velocimacro : allowInline = true : VMs can be defined inline in templates
2019-10-09 14:45:58,652 - Velocimacro : allowInlineToOverride = false : VMs defined inline may NOT replace previous VM definitions
2019-10-09 14:45:58,653 - Velocimacro : allowInlineLocal = false : VMs defined inline will be global in scope if allowed.
2019-10-09 14:45:58,653 - Velocimacro : autoload off : VM system will not automatically reload global library macros
2019-10-09 14:45:58,663 - ResourceManager : found templates/searchresults.vtl with loader org.apache.velocity.runtime.resource.loader.ClasspathResourceLoader
2019-10-09 14:45:58,788 - Null reference [template 'templates/searchresults.vtl', line 3, column 10] : $foodDAO.findByName($name).getPhoto() cannot be resolved.
2019-10-09 14:45:58,795 - Null reference [template 'templates/searchresults.vtl', line 6, column 37] : $foodDAO.findByName($name).getCategory() cannot be resolved.
2019-10-09 14:45:58,803 - Null reference [template 'templates/searchresults.vtl', line 7, column 37] : $foodDAO.findByName($name).getCalories() cannot be resolved.
2019-10-09 14:45:58,810 - Null reference [template 'templates/searchresults.vtl', line 8, column 36] : $foodDAO.findByName($name).getProtein() cannot be resolved.
2019-10-09 14:45:58,817 - Null reference [template 'templates/searchresults.vtl', line 9, column 32] : $foodDAO.findByName($name).getFat() cannot be resolved.
2019-10-09 14:45:58,824 - Null reference [template 'templates/searchresults.vtl', line 10, column 42] : $foodDAO.findByName($name).getCarbs() cannot be resolved.
2019-10-09 14:45:58,833 - Null reference [template 'templates/searchresults.vtl', line 11, column 34] : $foodDAO.findByName($name).getFibre() cannot be resolved.
2019-10-09 14:45:58,840 - Null reference [template 'templates/searchresults.vtl', line 12, column 32] : $foodDAO.findByName($name).getTag() cannot be resolved.
2019-10-09 14:46:16,134 - ResourceManager : found templates/searchresults.vtl with loader org.apache.velocity.runtime.resource.loader.ClasspathResourceLoader
2019-10-09 14:46:16,146 - Null reference [template 'templates/searchresults.vtl', line 3, column 10] : $foodDAO.findByName($name).getPhoto() cannot be resolved.
2019-10-09 14:46:16,156 - Null reference [template 'templates/searchresults.vtl', line 6, column 37] : $foodDAO.findByName($name).getCategory() cannot be resolved.
2019-10-09 14:46:16,164 - Null reference [template 'templates/searchresults.vtl', line 7, column 37] : $foodDAO.findByName($name).getCalories() cannot be resolved.
2019-10-09 14:46:16,170 - Null reference [template 'templates/searchresults.vtl', line 8, column 36] : $foodDAO.findByName($name).getProtein() cannot be resolved.
2019-10-09 14:46:16,177 - Null reference [template 'templates/searchresults.vtl', line 9, column 32] : $foodDAO.findByName($name).getFat() cannot be resolved.
2019-10-09 14:46:16,185 - Null reference [template 'templates/searchresults.vtl', line 10, column 42] : $foodDAO.findByName($name).getCarbs() cannot be resolved.
2019-10-09 14:46:16,191 - Null reference [template 'templates/searchresults.vtl', line 11, column 34] : $foodDAO.findByName($name).getFibre() cannot be resolved.
2019-10-09 14:46:16,199 - Null reference [template 'templates/searchresults.vtl', line 12, column 32] : $foodDAO.findByName($name).getTag() cannot be resolved.
2019-10-09 14:46:35,485 - Log4JLogChute initialized using file 'velocity.log'
2019-10-09 14:46:35,485 - Initializing Velocity, Calling init()...
2019-10-09 14:46:35,485 - Starting Apache Velocity v1.7 (compiled: 2010-11-19 12:14:37)
2019-10-09 14:46:35,485 - Default Properties File: org/apache/velocity/runtime/defaults/velocity.properties
2019-10-09 14:46:35,485 - Trying to use logger class org.apache.velocity.runtime.log.AvalonLogChute
2019-10-09 14:46:35,485 - Target log system for org.apache.velocity.runtime.log.AvalonLogChute is not available (java.lang.NoClassDefFoundError: org/apache/log/format/Formatter).  Falling back to next log system...
2019-10-09 14:46:35,485 - Trying to use logger class org.apache.velocity.runtime.log.Log4JLogChute
2019-10-09 14:46:35,485 - Using logger class org.apache.velocity.runtime.log.Log4JLogChute
2019-10-09 14:46:35,488 - ResourceLoader instantiated: org.apache.velocity.runtime.resource.loader.ClasspathResourceLoader
2019-10-09 14:46:35,498 - ResourceCache: initialized (class org.apache.velocity.runtime.resource.ResourceCacheImpl) with class java.util.Collections$SynchronizedMap cache map.
2019-10-09 14:46:35,499 - Loaded System Directive: org.apache.velocity.runtime.directive.Stop
2019-10-09 14:46:35,500 - Loaded System Directive: org.apache.velocity.runtime.directive.Define
2019-10-09 14:46:35,500 - Loaded System Directive: org.apache.velocity.runtime.directive.Break
2019-10-09 14:46:35,500 - Loaded System Directive: org.apache.velocity.runtime.directive.Evaluate
2019-10-09 14:46:35,501 - Loaded System Directive: org.apache.velocity.runtime.directive.Literal
2019-10-09 14:46:35,502 - Loaded System Directive: org.apache.velocity.runtime.directive.Macro
2019-10-09 14:46:35,503 - Loaded System Directive: org.apache.velocity.runtime.directive.Parse
2019-10-09 14:46:35,504 - Loaded System Directive: org.apache.velocity.runtime.directive.Include
2019-10-09 14:46:35,505 - Loaded System Directive: org.apache.velocity.runtime.directive.Foreach
2019-10-09 14:46:35,528 - Created '20' parsers.
2019-10-09 14:46:35,530 - Velocimacro : "velocimacro.library" is not set.  Trying default library: VM_global_library.vm
2019-10-09 14:46:35,530 - Could not load resource 'VM_global_library.vm' from ResourceLoader org.apache.velocity.runtime.resource.loader.ClasspathResourceLoader: ClasspathResourceLoader Error: cannot find resource VM_global_library.vm
2019-10-09 14:46:35,530 - Velocimacro : Default library not found.
2019-10-09 14:46:35,531 - Velocimacro : allowInline = true : VMs can be defined inline in templates
2019-10-09 14:46:35,531 - Velocimacro : allowInlineToOverride = false : VMs defined inline may NOT replace previous VM definitions
2019-10-09 14:46:35,531 - Velocimacro : allowInlineLocal = false : VMs defined inline will be global in scope if allowed.
2019-10-09 14:46:35,531 - Velocimacro : autoload off : VM system will not automatically reload global library macros
2019-10-09 14:46:35,541 - ResourceManager : found templates/searchresults.vtl with loader org.apache.velocity.runtime.resource.loader.ClasspathResourceLoader
2019-10-09 14:46:35,659 - Null reference [template 'templates/searchresults.vtl', line 3, column 10] : $foodDAO.findByName($name).getPhoto() cannot be resolved.
2019-10-09 14:46:35,666 - Null reference [template 'templates/searchresults.vtl', line 6, column 37] : $foodDAO.findByName($name).getCategory() cannot be resolved.
2019-10-09 14:46:35,672 - Null reference [template 'templates/searchresults.vtl', line 7, column 37] : $foodDAO.findByName($name).getCalories() cannot be resolved.
2019-10-09 14:46:35,681 - Null reference [template 'templates/searchresults.vtl', line 8, column 36] : $foodDAO.findByName($name).getProtein() cannot be resolved.
2019-10-09 14:46:35,689 - Null reference [template 'templates/searchresults.vtl', line 9, column 32] : $foodDAO.findByName($name).getFat() cannot be resolved.
2019-10-09 14:46:35,696 - Null reference [template 'templates/searchresults.vtl', line 10, column 42] : $foodDAO.findByName($name).getCarbs() cannot be resolved.
2019-10-09 14:46:35,702 - Null reference [template 'templates/searchresults.vtl', line 11, column 34] : $foodDAO.findByName($name).getFibre() cannot be resolved.
2019-10-09 14:46:35,710 - Null reference [template 'templates/searchresults.vtl', line 12, column 32] : $foodDAO.findByName($name).getTag() cannot be resolved.
2019-10-09 14:47:35,615 - Log4JLogChute initialized using file 'velocity.log'
2019-10-09 14:47:35,615 - Initializing Velocity, Calling init()...
2019-10-09 14:47:35,615 - Starting Apache Velocity v1.7 (compiled: 2010-11-19 12:14:37)
2019-10-09 14:47:35,615 - Default Properties File: org/apache/velocity/runtime/defaults/velocity.properties
2019-10-09 14:47:35,615 - Trying to use logger class org.apache.velocity.runtime.log.AvalonLogChute
2019-10-09 14:47:35,615 - Target log system for org.apache.velocity.runtime.log.AvalonLogChute is not available (java.lang.NoClassDefFoundError: org/apache/log/format/Formatter).  Falling back to next log system...
2019-10-09 14:47:35,615 - Trying to use logger class org.apache.velocity.runtime.log.Log4JLogChute
2019-10-09 14:47:35,615 - Using logger class org.apache.velocity.runtime.log.Log4JLogChute
2019-10-09 14:47:35,618 - ResourceLoader instantiated: org.apache.velocity.runtime.resource.loader.ClasspathResourceLoader
2019-10-09 14:47:35,630 - ResourceCache: initialized (class org.apache.velocity.runtime.resource.ResourceCacheImpl) with class java.util.Collections$SynchronizedMap cache map.
2019-10-09 14:47:35,632 - Loaded System Directive: org.apache.velocity.runtime.directive.Stop
2019-10-09 14:47:35,632 - Loaded System Directive: org.apache.velocity.runtime.directive.Define
2019-10-09 14:47:35,633 - Loaded System Directive: org.apache.velocity.runtime.directive.Break
2019-10-09 14:47:35,633 - Loaded System Directive: org.apache.velocity.runtime.directive.Evaluate
2019-10-09 14:47:35,634 - Loaded System Directive: org.apache.velocity.runtime.directive.Literal
2019-10-09 14:47:35,634 - Loaded System Directive: org.apache.velocity.runtime.directive.Macro
2019-10-09 14:47:35,635 - Loaded System Directive: org.apache.velocity.runtime.directive.Parse
2019-10-09 14:47:35,636 - Loaded System Directive: org.apache.velocity.runtime.directive.Include
2019-10-09 14:47:35,637 - Loaded System Directive: org.apache.velocity.runtime.directive.Foreach
2019-10-09 14:47:35,658 - Created '20' parsers.
2019-10-09 14:47:35,661 - Velocimacro : "velocimacro.library" is not set.  Trying default library: VM_global_library.vm
2019-10-09 14:47:35,661 - Could not load resource 'VM_global_library.vm' from ResourceLoader org.apache.velocity.runtime.resource.loader.ClasspathResourceLoader: ClasspathResourceLoader Error: cannot find resource VM_global_library.vm
2019-10-09 14:47:35,661 - Velocimacro : Default library not found.
2019-10-09 14:47:35,661 - Velocimacro : allowInline = true : VMs can be defined inline in templates
2019-10-09 14:47:35,661 - Velocimacro : allowInlineToOverride = false : VMs defined inline may NOT replace previous VM definitions
2019-10-09 14:47:35,662 - Velocimacro : allowInlineLocal = false : VMs defined inline will be global in scope if allowed.
2019-10-09 14:47:35,662 - Velocimacro : autoload off : VM system will not automatically reload global library macros
2019-10-09 14:47:35,673 - ResourceManager : found templates/searchresults.vtl with loader org.apache.velocity.runtime.resource.loader.ClasspathResourceLoader
2019-10-09 14:47:35,797 - Null reference [template 'templates/searchresults.vtl', line 3, column 10] : $foodDAO.findByName($name).getPhoto() cannot be resolved.
2019-10-09 14:47:35,803 - Null reference [template 'templates/searchresults.vtl', line 6, column 37] : $foodDAO.findByName($name).getCategory() cannot be resolved.
2019-10-09 14:47:35,811 - Null reference [template 'templates/searchresults.vtl', line 7, column 37] : $foodDAO.findByName($name).getCalories() cannot be resolved.
2019-10-09 14:47:35,819 - Null reference [template 'templates/searchresults.vtl', line 8, column 36] : $foodDAO.findByName($name).getProtein() cannot be resolved.
2019-10-09 14:47:35,827 - Null reference [template 'templates/searchresults.vtl', line 9, column 32] : $foodDAO.findByName($name).getFat() cannot be resolved.
2019-10-09 14:47:35,834 - Null reference [template 'templates/searchresults.vtl', line 10, column 42] : $foodDAO.findByName($name).getCarbs() cannot be resolved.
2019-10-09 14:47:35,844 - Null reference [template 'templates/searchresults.vtl', line 11, column 34] : $foodDAO.findByName($name).getFibre() cannot be resolved.
2019-10-09 14:47:35,851 - Null reference [template 'templates/searchresults.vtl', line 12, column 32] : $foodDAO.findByName($name).getTag() cannot be resolved.
=======
2019-10-09 18:20:02,455 - Loaded System Directive: org.apache.velocity.runtime.directive.Break
2019-10-09 18:20:02,456 - Loaded System Directive: org.apache.velocity.runtime.directive.Evaluate
2019-10-09 18:20:02,456 - Loaded System Directive: org.apache.velocity.runtime.directive.Literal
2019-10-09 18:20:02,457 - Loaded System Directive: org.apache.velocity.runtime.directive.Macro
2019-10-09 18:20:02,459 - Loaded System Directive: org.apache.velocity.runtime.directive.Parse
2019-10-09 18:20:02,462 - Loaded System Directive: org.apache.velocity.runtime.directive.Include
2019-10-09 18:20:02,468 - Loaded System Directive: org.apache.velocity.runtime.directive.Foreach
2019-10-09 18:20:02,514 - Created '20' parsers.
2019-10-09 18:20:02,519 - Velocimacro : "velocimacro.library" is not set.  Trying default library: VM_global_library.vm
2019-10-09 18:20:02,523 - Could not load resource 'VM_global_library.vm' from ResourceLoader org.apache.velocity.runtime.resource.loader.ClasspathResourceLoader: ClasspathResourceLoader Error: cannot find resource VM_global_library.vm
2019-10-09 18:20:02,523 - Velocimacro : Default library not found.
2019-10-09 18:20:02,523 - Velocimacro : allowInline = true : VMs can be defined inline in templates
2019-10-09 18:20:02,523 - Velocimacro : allowInlineToOverride = false : VMs defined inline may NOT replace previous VM definitions
2019-10-09 18:20:02,523 - Velocimacro : allowInlineLocal = false : VMs defined inline will be global in scope if allowed.
2019-10-09 18:20:02,523 - Velocimacro : autoload off : VM system will not automatically reload global library macros
2019-10-09 18:20:02,563 - ResourceManager : found templates/index.vtl with loader org.apache.velocity.runtime.resource.loader.ClasspathResourceLoader
2019-10-09 18:20:02,574 - Null reference [template 'templates/index.vtl', line 166, column 1] : $jokeText cannot be resolved.
2019-10-09 18:20:02,574 - Null reference [template 'templates/index.vtl', line 180, column 19] : $jokeText cannot be resolved.
2019-10-09 18:22:50,257 - Log4JLogChute initialized using file 'velocity.log'
2019-10-09 18:22:50,259 - Initializing Velocity, Calling init()...
2019-10-09 18:22:50,259 - Starting Apache Velocity v1.7 (compiled: 2010-11-19 12:14:37)
2019-10-09 18:22:50,259 - Default Properties File: org/apache/velocity/runtime/defaults/velocity.properties
2019-10-09 18:22:50,259 - Trying to use logger class org.apache.velocity.runtime.log.AvalonLogChute
2019-10-09 18:22:50,259 - Target log system for org.apache.velocity.runtime.log.AvalonLogChute is not available (java.lang.NoClassDefFoundError: org/apache/log/format/Formatter).  Falling back to next log system...
2019-10-09 18:22:50,259 - Trying to use logger class org.apache.velocity.runtime.log.Log4JLogChute
2019-10-09 18:22:50,260 - Using logger class org.apache.velocity.runtime.log.Log4JLogChute
2019-10-09 18:22:50,265 - ResourceLoader instantiated: org.apache.velocity.runtime.resource.loader.ClasspathResourceLoader
2019-10-09 18:22:50,280 - ResourceCache: initialized (class org.apache.velocity.runtime.resource.ResourceCacheImpl) with class java.util.Collections$SynchronizedMap cache map.
2019-10-09 18:22:50,281 - Loaded System Directive: org.apache.velocity.runtime.directive.Stop
2019-10-09 18:22:50,285 - Loaded System Directive: org.apache.velocity.runtime.directive.Define
2019-10-09 18:22:50,286 - Loaded System Directive: org.apache.velocity.runtime.directive.Break
2019-10-09 18:22:50,287 - Loaded System Directive: org.apache.velocity.runtime.directive.Evaluate
2019-10-09 18:22:50,288 - Loaded System Directive: org.apache.velocity.runtime.directive.Literal
2019-10-09 18:22:50,289 - Loaded System Directive: org.apache.velocity.runtime.directive.Macro
2019-10-09 18:22:50,290 - Loaded System Directive: org.apache.velocity.runtime.directive.Parse
2019-10-09 18:22:50,291 - Loaded System Directive: org.apache.velocity.runtime.directive.Include
2019-10-09 18:22:50,292 - Loaded System Directive: org.apache.velocity.runtime.directive.Foreach
2019-10-09 18:22:50,334 - Created '20' parsers.
2019-10-09 18:22:50,337 - Velocimacro : "velocimacro.library" is not set.  Trying default library: VM_global_library.vm
2019-10-09 18:22:50,338 - Could not load resource 'VM_global_library.vm' from ResourceLoader org.apache.velocity.runtime.resource.loader.ClasspathResourceLoader: ClasspathResourceLoader Error: cannot find resource VM_global_library.vm
2019-10-09 18:22:50,338 - Velocimacro : Default library not found.
2019-10-09 18:22:50,338 - Velocimacro : allowInline = true : VMs can be defined inline in templates
2019-10-09 18:22:50,338 - Velocimacro : allowInlineToOverride = false : VMs defined inline may NOT replace previous VM definitions
2019-10-09 18:22:50,338 - Velocimacro : allowInlineLocal = false : VMs defined inline will be global in scope if allowed.
2019-10-09 18:22:50,338 - Velocimacro : autoload off : VM system will not automatically reload global library macros
2019-10-09 18:22:50,379 - ResourceManager : found templates/index.vtl with loader org.apache.velocity.runtime.resource.loader.ClasspathResourceLoader
2019-10-09 18:22:50,382 - Null reference [template 'templates/index.vtl', line 179, column 19] : $jokeText cannot be resolved.
2019-10-09 18:24:29,801 - Log4JLogChute initialized using file 'velocity.log'
2019-10-09 18:24:29,802 - Initializing Velocity, Calling init()...
2019-10-09 18:24:29,802 - Starting Apache Velocity v1.7 (compiled: 2010-11-19 12:14:37)
2019-10-09 18:24:29,802 - Default Properties File: org/apache/velocity/runtime/defaults/velocity.properties
2019-10-09 18:24:29,802 - Trying to use logger class org.apache.velocity.runtime.log.AvalonLogChute
2019-10-09 18:24:29,802 - Target log system for org.apache.velocity.runtime.log.AvalonLogChute is not available (java.lang.NoClassDefFoundError: org/apache/log/format/Formatter).  Falling back to next log system...
2019-10-09 18:24:29,802 - Trying to use logger class org.apache.velocity.runtime.log.Log4JLogChute
2019-10-09 18:24:29,802 - Using logger class org.apache.velocity.runtime.log.Log4JLogChute
2019-10-09 18:24:29,806 - ResourceLoader instantiated: org.apache.velocity.runtime.resource.loader.ClasspathResourceLoader
2019-10-09 18:24:29,821 - ResourceCache: initialized (class org.apache.velocity.runtime.resource.ResourceCacheImpl) with class java.util.Collections$SynchronizedMap cache map.
2019-10-09 18:24:29,823 - Loaded System Directive: org.apache.velocity.runtime.directive.Stop
2019-10-09 18:24:29,825 - Loaded System Directive: org.apache.velocity.runtime.directive.Define
2019-10-09 18:24:29,826 - Loaded System Directive: org.apache.velocity.runtime.directive.Break
2019-10-09 18:24:29,827 - Loaded System Directive: org.apache.velocity.runtime.directive.Evaluate
2019-10-09 18:24:29,828 - Loaded System Directive: org.apache.velocity.runtime.directive.Literal
2019-10-09 18:24:29,829 - Loaded System Directive: org.apache.velocity.runtime.directive.Macro
2019-10-09 18:24:29,830 - Loaded System Directive: org.apache.velocity.runtime.directive.Parse
2019-10-09 18:24:29,831 - Loaded System Directive: org.apache.velocity.runtime.directive.Include
2019-10-09 18:24:29,836 - Loaded System Directive: org.apache.velocity.runtime.directive.Foreach
2019-10-09 18:24:29,875 - Created '20' parsers.
2019-10-09 18:24:29,881 - Velocimacro : "velocimacro.library" is not set.  Trying default library: VM_global_library.vm
2019-10-09 18:24:29,882 - Could not load resource 'VM_global_library.vm' from ResourceLoader org.apache.velocity.runtime.resource.loader.ClasspathResourceLoader: ClasspathResourceLoader Error: cannot find resource VM_global_library.vm
2019-10-09 18:24:29,882 - Velocimacro : Default library not found.
2019-10-09 18:24:29,882 - Velocimacro : allowInline = true : VMs can be defined inline in templates
2019-10-09 18:24:29,882 - Velocimacro : allowInlineToOverride = false : VMs defined inline may NOT replace previous VM definitions
2019-10-09 18:24:29,882 - Velocimacro : allowInlineLocal = false : VMs defined inline will be global in scope if allowed.
2019-10-09 18:24:29,883 - Velocimacro : autoload off : VM system will not automatically reload global library macros
2019-10-09 18:24:29,912 - ResourceManager : found templates/index.vtl with loader org.apache.velocity.runtime.resource.loader.ClasspathResourceLoader
2019-10-09 18:27:19,504 - Log4JLogChute initialized using file 'velocity.log'
2019-10-09 18:27:19,505 - Initializing Velocity, Calling init()...
2019-10-09 18:27:19,505 - Starting Apache Velocity v1.7 (compiled: 2010-11-19 12:14:37)
2019-10-09 18:27:19,505 - Default Properties File: org/apache/velocity/runtime/defaults/velocity.properties
2019-10-09 18:27:19,505 - Trying to use logger class org.apache.velocity.runtime.log.AvalonLogChute
2019-10-09 18:27:19,505 - Target log system for org.apache.velocity.runtime.log.AvalonLogChute is not available (java.lang.NoClassDefFoundError: org/apache/log/format/Formatter).  Falling back to next log system...
2019-10-09 18:27:19,505 - Trying to use logger class org.apache.velocity.runtime.log.Log4JLogChute
2019-10-09 18:27:19,505 - Using logger class org.apache.velocity.runtime.log.Log4JLogChute
2019-10-09 18:27:19,510 - ResourceLoader instantiated: org.apache.velocity.runtime.resource.loader.ClasspathResourceLoader
2019-10-09 18:27:19,522 - ResourceCache: initialized (class org.apache.velocity.runtime.resource.ResourceCacheImpl) with class java.util.Collections$SynchronizedMap cache map.
2019-10-09 18:27:19,525 - Loaded System Directive: org.apache.velocity.runtime.directive.Stop
2019-10-09 18:27:19,526 - Loaded System Directive: org.apache.velocity.runtime.directive.Define
2019-10-09 18:27:19,526 - Loaded System Directive: org.apache.velocity.runtime.directive.Break
2019-10-09 18:27:19,527 - Loaded System Directive: org.apache.velocity.runtime.directive.Evaluate
2019-10-09 18:27:19,527 - Loaded System Directive: org.apache.velocity.runtime.directive.Literal
2019-10-09 18:27:19,528 - Loaded System Directive: org.apache.velocity.runtime.directive.Macro
2019-10-09 18:27:19,529 - Loaded System Directive: org.apache.velocity.runtime.directive.Parse
2019-10-09 18:27:19,529 - Loaded System Directive: org.apache.velocity.runtime.directive.Include
2019-10-09 18:27:19,530 - Loaded System Directive: org.apache.velocity.runtime.directive.Foreach
2019-10-09 18:27:19,557 - Created '20' parsers.
2019-10-09 18:27:19,560 - Velocimacro : "velocimacro.library" is not set.  Trying default library: VM_global_library.vm
2019-10-09 18:27:19,561 - Could not load resource 'VM_global_library.vm' from ResourceLoader org.apache.velocity.runtime.resource.loader.ClasspathResourceLoader: ClasspathResourceLoader Error: cannot find resource VM_global_library.vm
2019-10-09 18:27:19,561 - Velocimacro : Default library not found.
2019-10-09 18:27:19,561 - Velocimacro : allowInline = true : VMs can be defined inline in templates
2019-10-09 18:27:19,561 - Velocimacro : allowInlineToOverride = false : VMs defined inline may NOT replace previous VM definitions
2019-10-09 18:27:19,561 - Velocimacro : allowInlineLocal = false : VMs defined inline will be global in scope if allowed.
2019-10-09 18:27:19,561 - Velocimacro : autoload off : VM system will not automatically reload global library macros
2019-10-09 18:27:19,576 - ResourceManager : found templates/index.vtl with loader org.apache.velocity.runtime.resource.loader.ClasspathResourceLoader
2019-10-09 18:27:26,912 - ResourceManager : found templates/index.vtl with loader org.apache.velocity.runtime.resource.loader.ClasspathResourceLoader
2019-10-09 18:28:59,457 - Log4JLogChute initialized using file 'velocity.log'
2019-10-09 18:28:59,458 - Initializing Velocity, Calling init()...
2019-10-09 18:28:59,458 - Starting Apache Velocity v1.7 (compiled: 2010-11-19 12:14:37)
2019-10-09 18:28:59,458 - Default Properties File: org/apache/velocity/runtime/defaults/velocity.properties
2019-10-09 18:28:59,458 - Trying to use logger class org.apache.velocity.runtime.log.AvalonLogChute
2019-10-09 18:28:59,458 - Target log system for org.apache.velocity.runtime.log.AvalonLogChute is not available (java.lang.NoClassDefFoundError: org/apache/log/format/Formatter).  Falling back to next log system...
2019-10-09 18:28:59,458 - Trying to use logger class org.apache.velocity.runtime.log.Log4JLogChute
2019-10-09 18:28:59,458 - Using logger class org.apache.velocity.runtime.log.Log4JLogChute
2019-10-09 18:28:59,461 - ResourceLoader instantiated: org.apache.velocity.runtime.resource.loader.ClasspathResourceLoader
2019-10-09 18:28:59,472 - ResourceCache: initialized (class org.apache.velocity.runtime.resource.ResourceCacheImpl) with class java.util.Collections$SynchronizedMap cache map.
2019-10-09 18:28:59,474 - Loaded System Directive: org.apache.velocity.runtime.directive.Stop
2019-10-09 18:28:59,474 - Loaded System Directive: org.apache.velocity.runtime.directive.Define
2019-10-09 18:28:59,475 - Loaded System Directive: org.apache.velocity.runtime.directive.Break
2019-10-09 18:28:59,475 - Loaded System Directive: org.apache.velocity.runtime.directive.Evaluate
2019-10-09 18:28:59,476 - Loaded System Directive: org.apache.velocity.runtime.directive.Literal
2019-10-09 18:28:59,477 - Loaded System Directive: org.apache.velocity.runtime.directive.Macro
2019-10-09 18:28:59,477 - Loaded System Directive: org.apache.velocity.runtime.directive.Parse
2019-10-09 18:28:59,478 - Loaded System Directive: org.apache.velocity.runtime.directive.Include
2019-10-09 18:28:59,479 - Loaded System Directive: org.apache.velocity.runtime.directive.Foreach
2019-10-09 18:28:59,505 - Created '20' parsers.
2019-10-09 18:28:59,507 - Velocimacro : "velocimacro.library" is not set.  Trying default library: VM_global_library.vm
2019-10-09 18:28:59,507 - Could not load resource 'VM_global_library.vm' from ResourceLoader org.apache.velocity.runtime.resource.loader.ClasspathResourceLoader: ClasspathResourceLoader Error: cannot find resource VM_global_library.vm
2019-10-09 18:28:59,508 - Velocimacro : Default library not found.
2019-10-09 18:28:59,508 - Velocimacro : allowInline = true : VMs can be defined inline in templates
2019-10-09 18:28:59,508 - Velocimacro : allowInlineToOverride = false : VMs defined inline may NOT replace previous VM definitions
2019-10-09 18:28:59,508 - Velocimacro : allowInlineLocal = false : VMs defined inline will be global in scope if allowed.
2019-10-09 18:28:59,508 - Velocimacro : autoload off : VM system will not automatically reload global library macros
2019-10-09 18:28:59,522 - ResourceManager : found templates/index.vtl with loader org.apache.velocity.runtime.resource.loader.ClasspathResourceLoader
2019-10-09 18:30:18,354 - Log4JLogChute initialized using file 'velocity.log'
2019-10-09 18:30:18,354 - Initializing Velocity, Calling init()...
2019-10-09 18:30:18,354 - Starting Apache Velocity v1.7 (compiled: 2010-11-19 12:14:37)
2019-10-09 18:30:18,354 - Default Properties File: org/apache/velocity/runtime/defaults/velocity.properties
2019-10-09 18:30:18,354 - Trying to use logger class org.apache.velocity.runtime.log.AvalonLogChute
2019-10-09 18:30:18,354 - Target log system for org.apache.velocity.runtime.log.AvalonLogChute is not available (java.lang.NoClassDefFoundError: org/apache/log/format/Formatter).  Falling back to next log system...
2019-10-09 18:30:18,354 - Trying to use logger class org.apache.velocity.runtime.log.Log4JLogChute
2019-10-09 18:30:18,354 - Using logger class org.apache.velocity.runtime.log.Log4JLogChute
2019-10-09 18:30:18,357 - ResourceLoader instantiated: org.apache.velocity.runtime.resource.loader.ClasspathResourceLoader
2019-10-09 18:30:18,366 - ResourceCache: initialized (class org.apache.velocity.runtime.resource.ResourceCacheImpl) with class java.util.Collections$SynchronizedMap cache map.
2019-10-09 18:30:18,368 - Loaded System Directive: org.apache.velocity.runtime.directive.Stop
2019-10-09 18:30:18,369 - Loaded System Directive: org.apache.velocity.runtime.directive.Define
2019-10-09 18:30:18,369 - Loaded System Directive: org.apache.velocity.runtime.directive.Break
2019-10-09 18:30:18,370 - Loaded System Directive: org.apache.velocity.runtime.directive.Evaluate
2019-10-09 18:30:18,370 - Loaded System Directive: org.apache.velocity.runtime.directive.Literal
2019-10-09 18:30:18,371 - Loaded System Directive: org.apache.velocity.runtime.directive.Macro
2019-10-09 18:30:18,372 - Loaded System Directive: org.apache.velocity.runtime.directive.Parse
2019-10-09 18:30:18,373 - Loaded System Directive: org.apache.velocity.runtime.directive.Include
2019-10-09 18:30:18,373 - Loaded System Directive: org.apache.velocity.runtime.directive.Foreach
2019-10-09 18:30:18,396 - Created '20' parsers.
2019-10-09 18:30:18,399 - Velocimacro : "velocimacro.library" is not set.  Trying default library: VM_global_library.vm
2019-10-09 18:30:18,399 - Could not load resource 'VM_global_library.vm' from ResourceLoader org.apache.velocity.runtime.resource.loader.ClasspathResourceLoader: ClasspathResourceLoader Error: cannot find resource VM_global_library.vm
2019-10-09 18:30:18,399 - Velocimacro : Default library not found.
2019-10-09 18:30:18,399 - Velocimacro : allowInline = true : VMs can be defined inline in templates
2019-10-09 18:30:18,399 - Velocimacro : allowInlineToOverride = false : VMs defined inline may NOT replace previous VM definitions
2019-10-09 18:30:18,399 - Velocimacro : allowInlineLocal = false : VMs defined inline will be global in scope if allowed.
2019-10-09 18:30:18,399 - Velocimacro : autoload off : VM system will not automatically reload global library macros
2019-10-09 18:30:18,413 - ResourceManager : found templates/index.vtl with loader org.apache.velocity.runtime.resource.loader.ClasspathResourceLoader
2019-10-09 18:31:34,325 - Log4JLogChute initialized using file 'velocity.log'
2019-10-09 18:31:34,326 - Initializing Velocity, Calling init()...
2019-10-09 18:31:34,326 - Starting Apache Velocity v1.7 (compiled: 2010-11-19 12:14:37)
2019-10-09 18:31:34,326 - Default Properties File: org/apache/velocity/runtime/defaults/velocity.properties
2019-10-09 18:31:34,326 - Trying to use logger class org.apache.velocity.runtime.log.AvalonLogChute
2019-10-09 18:31:34,326 - Target log system for org.apache.velocity.runtime.log.AvalonLogChute is not available (java.lang.NoClassDefFoundError: org/apache/log/format/Formatter).  Falling back to next log system...
2019-10-09 18:31:34,326 - Trying to use logger class org.apache.velocity.runtime.log.Log4JLogChute
2019-10-09 18:31:34,326 - Using logger class org.apache.velocity.runtime.log.Log4JLogChute
2019-10-09 18:31:34,329 - ResourceLoader instantiated: org.apache.velocity.runtime.resource.loader.ClasspathResourceLoader
2019-10-09 18:31:34,339 - ResourceCache: initialized (class org.apache.velocity.runtime.resource.ResourceCacheImpl) with class java.util.Collections$SynchronizedMap cache map.
2019-10-09 18:31:34,340 - Loaded System Directive: org.apache.velocity.runtime.directive.Stop
2019-10-09 18:31:34,341 - Loaded System Directive: org.apache.velocity.runtime.directive.Define
2019-10-09 18:31:34,341 - Loaded System Directive: org.apache.velocity.runtime.directive.Break
2019-10-09 18:31:34,342 - Loaded System Directive: org.apache.velocity.runtime.directive.Evaluate
2019-10-09 18:31:34,342 - Loaded System Directive: org.apache.velocity.runtime.directive.Literal
2019-10-09 18:31:34,343 - Loaded System Directive: org.apache.velocity.runtime.directive.Macro
2019-10-09 18:31:34,344 - Loaded System Directive: org.apache.velocity.runtime.directive.Parse
2019-10-09 18:31:34,344 - Loaded System Directive: org.apache.velocity.runtime.directive.Include
2019-10-09 18:31:34,345 - Loaded System Directive: org.apache.velocity.runtime.directive.Foreach
2019-10-09 18:31:34,369 - Created '20' parsers.
2019-10-09 18:31:34,372 - Velocimacro : "velocimacro.library" is not set.  Trying default library: VM_global_library.vm
2019-10-09 18:31:34,373 - Could not load resource 'VM_global_library.vm' from ResourceLoader org.apache.velocity.runtime.resource.loader.ClasspathResourceLoader: ClasspathResourceLoader Error: cannot find resource VM_global_library.vm
2019-10-09 18:31:34,373 - Velocimacro : Default library not found.
2019-10-09 18:31:34,373 - Velocimacro : allowInline = true : VMs can be defined inline in templates
2019-10-09 18:31:34,373 - Velocimacro : allowInlineToOverride = false : VMs defined inline may NOT replace previous VM definitions
2019-10-09 18:31:34,373 - Velocimacro : allowInlineLocal = false : VMs defined inline will be global in scope if allowed.
2019-10-09 18:31:34,373 - Velocimacro : autoload off : VM system will not automatically reload global library macros
2019-10-09 18:31:34,389 - ResourceManager : found templates/index.vtl with loader org.apache.velocity.runtime.resource.loader.ClasspathResourceLoader
2019-10-09 18:32:05,738 - Log4JLogChute initialized using file 'velocity.log'
2019-10-09 18:32:05,738 - Initializing Velocity, Calling init()...
2019-10-09 18:32:05,738 - Starting Apache Velocity v1.7 (compiled: 2010-11-19 12:14:37)
2019-10-09 18:32:05,738 - Default Properties File: org/apache/velocity/runtime/defaults/velocity.properties
2019-10-09 18:32:05,738 - Trying to use logger class org.apache.velocity.runtime.log.AvalonLogChute
2019-10-09 18:32:05,738 - Target log system for org.apache.velocity.runtime.log.AvalonLogChute is not available (java.lang.NoClassDefFoundError: org/apache/log/format/Formatter).  Falling back to next log system...
2019-10-09 18:32:05,738 - Trying to use logger class org.apache.velocity.runtime.log.Log4JLogChute
2019-10-09 18:32:05,738 - Using logger class org.apache.velocity.runtime.log.Log4JLogChute
2019-10-09 18:32:05,740 - ResourceLoader instantiated: org.apache.velocity.runtime.resource.loader.ClasspathResourceLoader
2019-10-09 18:32:05,750 - ResourceCache: initialized (class org.apache.velocity.runtime.resource.ResourceCacheImpl) with class java.util.Collections$SynchronizedMap cache map.
2019-10-09 18:32:05,751 - Loaded System Directive: org.apache.velocity.runtime.directive.Stop
2019-10-09 18:32:05,751 - Loaded System Directive: org.apache.velocity.runtime.directive.Define
2019-10-09 18:32:05,752 - Loaded System Directive: org.apache.velocity.runtime.directive.Break
2019-10-09 18:32:05,752 - Loaded System Directive: org.apache.velocity.runtime.directive.Evaluate
2019-10-09 18:32:05,752 - Loaded System Directive: org.apache.velocity.runtime.directive.Literal
2019-10-09 18:32:05,753 - Loaded System Directive: org.apache.velocity.runtime.directive.Macro
2019-10-09 18:32:05,753 - Loaded System Directive: org.apache.velocity.runtime.directive.Parse
2019-10-09 18:32:05,754 - Loaded System Directive: org.apache.velocity.runtime.directive.Include
2019-10-09 18:32:05,755 - Loaded System Directive: org.apache.velocity.runtime.directive.Foreach
2019-10-09 18:32:05,778 - Created '20' parsers.
2019-10-09 18:32:05,780 - Velocimacro : "velocimacro.library" is not set.  Trying default library: VM_global_library.vm
2019-10-09 18:32:05,781 - Could not load resource 'VM_global_library.vm' from ResourceLoader org.apache.velocity.runtime.resource.loader.ClasspathResourceLoader: ClasspathResourceLoader Error: cannot find resource VM_global_library.vm
2019-10-09 18:32:05,781 - Velocimacro : Default library not found.
2019-10-09 18:32:05,781 - Velocimacro : allowInline = true : VMs can be defined inline in templates
2019-10-09 18:32:05,781 - Velocimacro : allowInlineToOverride = false : VMs defined inline may NOT replace previous VM definitions
2019-10-09 18:32:05,781 - Velocimacro : allowInlineLocal = false : VMs defined inline will be global in scope if allowed.
2019-10-09 18:32:05,781 - Velocimacro : autoload off : VM system will not automatically reload global library macros
2019-10-09 18:32:05,793 - ResourceManager : found templates/index.vtl with loader org.apache.velocity.runtime.resource.loader.ClasspathResourceLoader
2019-10-09 18:35:08,627 - Log4JLogChute initialized using file 'velocity.log'
2019-10-09 18:35:08,629 - Initializing Velocity, Calling init()...
2019-10-09 18:35:08,629 - Starting Apache Velocity v1.7 (compiled: 2010-11-19 12:14:37)
2019-10-09 18:35:08,629 - Default Properties File: org/apache/velocity/runtime/defaults/velocity.properties
2019-10-09 18:35:08,629 - Trying to use logger class org.apache.velocity.runtime.log.AvalonLogChute
2019-10-09 18:35:08,629 - Target log system for org.apache.velocity.runtime.log.AvalonLogChute is not available (java.lang.NoClassDefFoundError: org/apache/log/format/Formatter).  Falling back to next log system...
2019-10-09 18:35:08,629 - Trying to use logger class org.apache.velocity.runtime.log.Log4JLogChute
2019-10-09 18:35:08,629 - Using logger class org.apache.velocity.runtime.log.Log4JLogChute
2019-10-09 18:35:08,632 - ResourceLoader instantiated: org.apache.velocity.runtime.resource.loader.ClasspathResourceLoader
2019-10-09 18:35:08,641 - ResourceCache: initialized (class org.apache.velocity.runtime.resource.ResourceCacheImpl) with class java.util.Collections$SynchronizedMap cache map.
2019-10-09 18:35:08,643 - Loaded System Directive: org.apache.velocity.runtime.directive.Stop
2019-10-09 18:35:08,644 - Loaded System Directive: org.apache.velocity.runtime.directive.Define
2019-10-09 18:35:08,644 - Loaded System Directive: org.apache.velocity.runtime.directive.Break
2019-10-09 18:35:08,646 - Loaded System Directive: org.apache.velocity.runtime.directive.Evaluate
2019-10-09 18:35:08,646 - Loaded System Directive: org.apache.velocity.runtime.directive.Literal
2019-10-09 18:35:08,647 - Loaded System Directive: org.apache.velocity.runtime.directive.Macro
2019-10-09 18:35:08,648 - Loaded System Directive: org.apache.velocity.runtime.directive.Parse
2019-10-09 18:35:08,648 - Loaded System Directive: org.apache.velocity.runtime.directive.Include
2019-10-09 18:35:08,649 - Loaded System Directive: org.apache.velocity.runtime.directive.Foreach
2019-10-09 18:35:08,671 - Created '20' parsers.
2019-10-09 18:35:08,673 - Velocimacro : "velocimacro.library" is not set.  Trying default library: VM_global_library.vm
2019-10-09 18:35:08,674 - Could not load resource 'VM_global_library.vm' from ResourceLoader org.apache.velocity.runtime.resource.loader.ClasspathResourceLoader: ClasspathResourceLoader Error: cannot find resource VM_global_library.vm
2019-10-09 18:35:08,674 - Velocimacro : Default library not found.
2019-10-09 18:35:08,674 - Velocimacro : allowInline = true : VMs can be defined inline in templates
2019-10-09 18:35:08,674 - Velocimacro : allowInlineToOverride = false : VMs defined inline may NOT replace previous VM definitions
2019-10-09 18:35:08,674 - Velocimacro : allowInlineLocal = false : VMs defined inline will be global in scope if allowed.
2019-10-09 18:35:08,674 - Velocimacro : autoload off : VM system will not automatically reload global library macros
2019-10-09 18:35:08,687 - ResourceManager : found templates/index.vtl with loader org.apache.velocity.runtime.resource.loader.ClasspathResourceLoader
2019-10-09 18:35:48,819 - ResourceManager : found templates/index.vtl with loader org.apache.velocity.runtime.resource.loader.ClasspathResourceLoader
>>>>>>> Stashed changes
